0, 3, 0, 1, 1, 0, 0, 5, 3, 0, 0, 0, 0, 0, 4, 0, 6, 2, 1, 1, 5, 3, 0, 1, 0, 0, 1, 7, 1, 9, 3, 2, 1, 5, 9, 1, 3, 2, 0, 2, 10, 1, 17, 3, 5, 1, 5, 11, 1, 4, 2, 1, 2, 10, 1, 20, 3, 8, 1, 5, 19, 3, 8, 3, 1,True
0, 0, 0, 1, 1, 0, 0, 5, 0, 0, 0, 0, 0, 0, 0, 0, 1, 1, 0, 0, 5, 0, 0, 0, 0, 0, 0, 0, 0, 1, 1, 0, 0, 5, 0, 0, 0, 0, 0, 0, 0, 0, 1, 1, 0, 0, 5, 0, 0, 0, 0, 0, 0, 0, 0, 1, 1, 0, 0, 5, 0, 0, 0, 0, 0,True
0, 0, 0, 1, 0, 1, 0, 5, 0, 0, 0, 0, 0, 0, 0, 0, 1, 0, 1, 0, 5, 0, 0, 0, 0, 0, 0, 0, 0, 1, 0, 1, 0, 5, 0, 0, 0, 0, 0, 0, 0, 0, 1, 0, 1, 0, 5, 0, 0, 0, 0, 0, 0, 0, 0, 1, 0, 1, 0, 5, 0, 0, 0, 0, 0,True
4, 4, 0, 1, 0, 1, 0, 11, 8, 2, 0, 0, 0, 8, 8, 0, 19, 3, 9, 3, 11, 12, 2, 0, 0, 0, 12, 17, 0, 23, 4, 10, 3, 11, 30, 8, 20, 2, 1, 12, 19, 0, 53, 5, 23, 3, 11, 32, 9, 20, 2, 1, 14, 21, 0, 53, 5, 23, 3, 11, 42, 17, 26, 7, 1,True
2, 2, 0, 1, 0, 1, 0, 5, 1, 0, 1, 0, 1, 5, 6, 0, 21, 0, 13, 4, 5, 5, 0, 1, 0, 1, 10, 12, 0, 24, 2, 14, 4, 5, 20, 3, 11, 4, 1, 13, 27, 1, 39, 6, 17, 5, 5, 35, 3, 17, 4, 1, 13, 30, 1, 42, 6, 17, 5, 5, 48, 6, 20, 9, 1,True
0, 0, 0, 1, 0, 1, 0, 7, 0, 0, 0, 0, 0, 0, 0, 0, 1, 0, 1, 0, 7, 0, 0, 0, 0, 0, 0, 0, 0, 1, 0, 1, 0, 7, 0, 0, 0, 0, 0, 0, 0, 0, 1, 0, 1, 0, 7, 0, 0, 0, 0, 0, 0, 0, 0, 1, 0, 1, 0, 7, 0, 0, 0, 0, 0,False
0, 0, 0, 1, 0, 1, 0, 5, 0, 0, 0, 0, 0, 0, 0, 0, 1, 0, 1, 0, 5, 0, 0, 0, 0, 0, 0, 0, 0, 1, 0, 1, 0, 5, 0, 0, 0, 0, 0, 0, 0, 0, 1, 0, 1, 0, 5, 0, 0, 0, 0, 0, 0, 0, 0, 1, 0, 1, 0, 5, 0, 0, 0, 0, 0,True
4, 4, 0, 1, 0, 1, 0, 11, 10, 3, 0, 0, 0, 8, 8, 0, 21, 2, 10, 3, 11, 14, 3, 0, 0, 0, 12, 16, 0, 26, 4, 11, 3, 11, 29, 7, 21, 0, 1, 12, 19, 0, 53, 5, 23, 3, 11, 32, 10, 21, 0, 1, 14, 21, 0, 53, 5, 23, 3, 11, 42, 17, 26, 7, 1,True
1, 1, 0, 1, 0, 1, 0, 5, 0, 0, 2, 0, 0, 2, 2, 0, 3, 0, 3, 0, 5, 1, 0, 2, 0, 0, 4, 4, 0, 4, 1, 3, 0, 5, 3, 0, 3, 0, 1, 9, 14, 0, 24, 1, 14, 4, 5, 13, 0, 7, 0, 1, 12, 18, 0, 26, 2, 15, 4, 5, 27, 3, 15, 4, 1,True
1, 1, 0, 1, 0, 1, 0, 7, 1, 0, 0, 0, 1, 1, 1, 0, 17, 0, 15, 1, 7, 1, 0, 1, 0, 1, 2, 2, 0, 18, 0, 16, 1, 7, 7, 3, 7, 0, 1, 2, 5, 1, 31, 4, 18, 3, 7, 11, 3, 7, 0, 1, 2, 8, 1, 33, 4, 18, 4, 7, 21, 5, 9, 2, 1,True
3, 3, 0, 1, 0, 1, 0, 5, 1, 0, 3, 0, 0, 6, 6, 0, 13, 0, 5, 4, 5, 4, 0, 3, 0, 0, 9, 10, 0, 15, 1, 6, 4, 5, 12, 1, 6, 4, 1, 12, 19, 0, 32, 1, 17, 4, 5, 22, 1, 11, 4, 1, 13, 22, 1, 37, 4, 17, 5, 5, 38, 5, 17, 9, 1,True
1, 1, 0, 1, 0, 1, 0, 5, 0, 0, 2, 0, 0, 2, 2, 0, 3, 0, 3, 0, 5, 1, 0, 2, 0, 0, 4, 4, 0, 4, 1, 3, 0, 5, 3, 0, 4, 0, 0, 9, 13, 0, 15, 1, 5, 4, 5, 12, 0, 8, 0, 0, 12, 17, 0, 16, 1, 6, 4, 5, 19, 1, 11, 4, 1,True
0, 0, 0, 1, 0, 1, 0, 5, 1, 0, 0, 0, 0, 0, 0, 0, 13, 1, 10, 0, 5, 1, 0, 0, 0, 0, 5, 8, 0, 13, 1, 10, 0, 5, 18, 3, 3, 1, 1, 11, 16, 1, 59, 12, 31, 2, 5, 24, 3, 9, 1, 1, 15, 49, 1, 66, 15, 31, 2, 5, 76, 10, 27, 7, 1,True
2, 2, 0, 1, 0, 1, 0, 6, 1, 0, 2, 0, 0, 5, 5, 0, 12, 0, 4, 4, 6, 4, 0, 2, 0, 0, 9, 10, 0, 14, 1, 5, 4, 6, 12, 1, 6, 4, 1, 12, 19, 0, 32, 1, 17, 4, 6, 22, 1, 11, 4, 1, 13, 22, 1, 37, 4, 17, 5, 6, 38, 5, 17, 9, 1,True
1, 4, 0, 1, 1, 0, 0, 14, 4, 0, 0, 0, 0, 1, 4, 0, 12, 11, 0, 0, 14, 4, 0, 0, 0, 0, 11, 44, 0, 12, 11, 0, 0, 14, 47, 0, 0, 1, 0, 11, 44, 0, 22, 11, 0, 0, 14, 47, 0, 0, 1, 0, 11, 44, 0, 22, 11, 0, 0, 14, 67, 0, 0, 11, 0,True
0, 0, 0, 1, 1, 0, 0, 5, 0, 0, 0, 0, 0, 0, 0, 0, 1, 1, 0, 0, 5, 0, 0, 0, 0, 0, 0, 0, 0, 1, 1, 0, 0, 5, 0, 0, 0, 0, 0, 0, 0, 0, 1, 1, 0, 0, 5, 0, 0, 0, 0, 0, 0, 0, 0, 1, 1, 0, 0, 5, 0, 0, 0, 0, 0,True
0, 0, 0, 1, 1, 0, 0, 23, 0, 0, 0, 0, 0, 0, 0, 0, 1, 1, 0, 0, 23, 0, 0, 0, 0, 0, 0, 0, 0, 1, 1, 0, 0, 23, 0, 0, 0, 0, 0, 0, 0, 0, 1, 1, 0, 0, 23, 0, 0, 0, 0, 0, 0, 0, 0, 1, 1, 0, 0, 23, 0, 0, 0, 0, 0,True
1, 1, 0, 1, 0, 1, 0, 6, 3, 0, 0, 0, 1, 2, 3, 0, 12, 1, 10, 1, 6, 6, 0, 0, 0, 1, 9, 17, 0, 23, 2, 13, 5, 6, 22, 2, 11, 0, 1, 12, 26, 1, 36, 6, 15, 5, 6, 33, 2, 16, 0, 1, 13, 31, 1, 39, 6, 16, 5, 6, 47, 5, 20, 10, 1,True
0, 0, 0, 1, 1, 0, 0, 2, 0, 0, 0, 0, 0, 0, 0, 0, 1, 1, 0, 0, 2, 0, 0, 0, 0, 0, 0, 0, 0, 1, 1, 0, 0, 2, 0, 0, 0, 0, 0, 0, 0, 0, 1, 1, 0, 0, 2, 0, 0, 0, 0, 0, 0, 0, 0, 1, 1, 0, 0, 2, 0, 0, 0, 0, 0,True
0, 0, 0, 1, 0, 1, 0, 5, 0, 0, 1, 0, 1, 4, 8, 0, 23, 0, 16, 4, 5, 8, 0, 1, 0, 1, 9, 21, 0, 30, 7, 16, 4, 5, 23, 5, 14, 0, 1, 12, 51, 1, 62, 12, 22, 12, 5, 52, 5, 15, 0, 1, 12, 57, 1, 65, 14, 23, 12, 5, 72, 6, 17, 16, 1,True
0, 0, 0, 1, 1, 0, 0, 5, 0, 0, 0, 0, 0, 0, 0, 0, 1, 1, 0, 0, 5, 0, 0, 0, 0, 0, 0, 0, 0, 1, 1, 0, 0, 5, 0, 0, 0, 0, 0, 0, 0, 0, 1, 1, 0, 0, 5, 0, 0, 0, 0, 0, 0, 0, 0, 1, 1, 0, 0, 5, 0, 0, 0, 0, 0,False
0, 0, 0, 1, 0, 1, 0, 5, 4, 0, 0, 0, 0, 0, 0, 0, 15, 1, 10, 0, 5, 4, 0, 0, 0, 0, 5, 9, 0, 15, 1, 10, 0, 5, 20, 4, 4, 1, 1, 11, 17, 1, 59, 12, 31, 2, 5, 26, 4, 10, 1, 1, 15, 49, 1, 66, 15, 31, 2, 5, 76, 10, 27, 7, 1,False
1, 4, 0, 1, 1, 0, 0, 14, 4, 0, 0, 0, 0, 1, 4, 0, 12, 11, 0, 0, 14, 4, 0, 0, 0, 0, 11, 44, 0, 12, 11, 0, 0, 14, 47, 0, 0, 1, 0, 11, 44, 0, 22, 11, 0, 0, 14, 47, 0, 0, 1, 0, 11, 44, 0, 22, 11, 0, 0, 14, 67, 0, 0, 11, 0,True
0, 0, 0, 1, 0, 1, 0, 5, 0, 0, 2, 0, 0, 1, 1, 0, 3, 0, 2, 0, 5, 0, 0, 3, 0, 0, 4, 4, 1, 6, 2, 3, 0, 5, 4, 0, 3, 0, 1, 9, 19, 1, 34, 2, 18, 5, 5, 18, 0, 6, 0, 1, 12, 30, 1, 43, 10, 19, 5, 5, 36, 7, 17, 3, 1,True
0, 2, 0, 1, 1, 0, 0, 11, 4, 0, 0, 0, 0, 0, 2, 0, 24, 15, 5, 0, 11, 4, 0, 0, 0, 0, 0, 80, 0, 24, 15, 5, 0, 11, 92, 5, 5, 1, 1, 0, 92, 1, 74, 25, 28, 3, 11, 103, 5, 7, 2, 1, 0, 120, 2, 95, 32, 28, 3, 11, 158, 10, 28, 33, 1,True
0, 0, 0, 1, 1, 0, 0, 23, 0, 0, 0, 0, 0, 0, 0, 0, 1, 1, 0, 0, 23, 0, 0, 0, 0, 0, 0, 0, 0, 1, 1, 0, 0, 23, 0, 0, 0, 0, 0, 0, 0, 0, 1, 1, 0, 0, 23, 0, 0, 0, 0, 0, 0, 0, 0, 1, 1, 0, 0, 23, 0, 0, 0, 0, 0,True
6, 8, 0, 1, 1, 0, 0, 9, 8, 0, 0, 0, 0, 8, 10, 0, 9, 1, 4, 3, 9, 8, 0, 2, 0, 0, 10, 13, 1, 13, 2, 5, 3, 9, 19, 2, 6, 2, 0, 10, 22, 1, 34, 4, 10, 3, 9, 28, 3, 7, 3, 1, 10, 41, 1, 41, 5, 15, 3, 9, 63, 11, 12, 9, 1,True
1, 1, 0, 1, 0, 0, 1, 9, 1, 0, 0, 0, 0, 3, 3, 0, 8, 1, 3, 3, 9, 2, 0, 1, 0, 0, 8, 11, 1, 11, 2, 4, 3, 9, 17, 0, 3, 0, 0, 10, 22, 1, 32, 4, 10, 3, 9, 26, 0, 5, 0, 1, 10, 41, 1, 39, 5, 15, 3, 9, 62, 10, 12, 9, 1,True
0, 0, 0, 1, 1, 0, 0, 12, 0, 0, 0, 0, 0, 0, 0, 0, 1, 1, 0, 0, 12, 0, 0, 0, 0, 0, 0, 0, 0, 1, 1, 0, 0, 12, 1, 0, 0, 0, 0, 0, 0, 0, 1, 1, 0, 0, 12, 1, 0, 0, 0, 0, 0, 0, 0, 1, 1, 0, 0, 12, 1, 0, 0, 0, 0,True
1, 4, 0, 1, 1, 0, 0, 14, 4, 0, 0, 0, 0, 1, 4, 0, 12, 11, 0, 0, 14, 4, 0, 0, 0, 0, 11, 44, 0, 12, 11, 0, 0, 14, 47, 0, 0, 1, 0, 11, 44, 0, 22, 11, 0, 0, 14, 47, 0, 0, 1, 0, 11, 44, 0, 22, 11, 0, 0, 14, 67, 0, 0, 11, 0,True
0, 0, 0, 1, 1, 0, 0, 2, 0, 0, 0, 0, 0, 0, 0, 0, 1, 1, 0, 0, 2, 0, 0, 0, 0, 0, 0, 0, 0, 1, 1, 0, 0, 2, 0, 0, 0, 0, 0, 0, 0, 0, 1, 1, 0, 0, 2, 0, 0, 0, 0, 0, 0, 0, 0, 1, 1, 0, 0, 2, 0, 0, 0, 0, 0,True
2, 4, 0, 1, 1, 0, 0, 14, 3, 0, 1, 0, 0, 3, 5, 1, 12, 4, 6, 0, 14, 4, 0, 1, 0, 0, 3, 11, 1, 12, 4, 6, 0, 14, 17, 4, 3, 2, 1, 3, 11, 1, 30, 4, 15, 0, 14, 17, 4, 3, 2, 1, 3, 16, 1, 30, 4, 15, 0, 14, 32, 13, 19, 5, 1,True
1, 1, 0, 1, 0, 1, 0, 5, 2, 0, 0, 0, 0, 3, 3, 0, 11, 1, 4, 3, 5, 3, 0, 1, 0, 0, 8, 11, 1, 14, 2, 5, 3, 5, 18, 3, 4, 3, 0, 10, 22, 1, 34, 4, 10, 3, 5, 27, 3, 6, 3, 1, 10, 41, 1, 41, 5, 15, 3, 5, 63, 11, 12, 9, 1,True
1, 1, 0, 1, 1, 0, 0, 14, 3, 0, 0, 0, 0, 2, 2, 0, 9, 2, 3, 0, 14, 3, 0, 1, 0, 0, 3, 5, 1, 11, 3, 4, 0, 14, 9, 4, 2, 1, 0, 3, 10, 1, 18, 4, 7, 0, 14, 14, 4, 3, 1, 1, 3, 11, 1, 27, 4, 16, 0, 14, 23, 7, 6, 4, 1,False
0, 0, 0, 1, 0, 1, 0, 6, 0, 0, 0, 0, 0, 0, 0, 0, 1, 0, 1, 0, 6, 0, 0, 0, 0, 0, 0, 0, 0, 1, 0, 1, 0, 6, 0, 0, 0, 0, 0, 0, 0, 0, 1, 0, 1, 0, 6, 0, 0, 0, 0, 0, 0, 0, 0, 1, 0, 1, 0, 6, 0, 0, 0, 0, 0,True
1, 1, 0, 1, 0, 0, 1, 5, 3, 0, 0, 0, 0, 3, 3, 0, 9, 1, 3, 3, 5, 4, 0, 1, 0, 0, 8, 11, 1, 12, 2, 4, 3, 5, 18, 1, 4, 0, 0, 10, 22, 1, 32, 4, 10, 3, 5, 27, 1, 6, 0, 1, 10, 41, 1, 39, 5, 15, 3, 5, 62, 10, 12, 9, 1,True
0, 0, 0, 1, 0, 1, 0, 5, 0, 0, 0, 0, 0, 0, 0, 0, 1, 0, 1, 0, 5, 0, 0, 0, 0, 0, 0, 0, 0, 1, 0, 1, 0, 5, 0, 0, 0, 0, 0, 0, 0, 0, 1, 0, 1, 0, 5, 0, 0, 0, 0, 0, 0, 0, 0, 1, 0, 1, 0, 5, 0, 0, 0, 0, 0,True
1, 4, 0, 1, 1, 0, 0, 14, 4, 0, 0, 0, 0, 1, 4, 0, 12, 11, 0, 0, 14, 4, 0, 0, 0, 0, 11, 44, 0, 12, 11, 0, 0, 14, 47, 0, 0, 1, 0, 11, 44, 0, 22, 11, 0, 0, 14, 47, 0, 0, 1, 0, 11, 44, 0, 22, 11, 0, 0, 14, 67, 0, 0, 11, 0,True
2, 4, 0, 1, 1, 0, 0, 12, 5, 0, 2, 0, 0, 8, 12, 1, 28, 10, 14, 1, 12, 11, 0, 8, 0, 0, 14, 41, 1, 38, 12, 17, 1, 12, 52, 1, 18, 2, 1, 15, 48, 1, 71, 16, 25, 3, 12, 59, 1, 19, 3, 1, 15, 57, 1, 74, 17, 25, 3, 12, 92, 14, 29, 13, 1,True
0, 2, 0, 1, 1, 0, 0, 11, 4, 0, 0, 0, 0, 0, 2, 0, 24, 15, 5, 0, 11, 4, 0, 0, 0, 0, 0, 80, 0, 24, 15, 5, 0, 11, 92, 5, 5, 1, 1, 0, 92, 1, 74, 25, 28, 3, 11, 103, 5, 7, 2, 1, 0, 120, 2, 95, 32, 28, 3, 11, 158, 10, 28, 33, 1,True
0, 0, 0, 1, 0, 0, 0, 5, 0, 0, 0, 0, 0, 0, 0, 0, 1, 0, 0, 0, 5, 0, 0, 0, 0, 0, 0, 0, 0, 1, 0, 0, 0, 5, 0, 0, 0, 0, 0, 0, 0, 0, 1, 0, 0, 0, 5, 0, 0, 0, 0, 0, 0, 0, 0, 1, 0, 0, 0, 5, 0, 0, 0, 0, 0,True
0, 0, 0, 1, 0, 1, 0, 5, 0, 0, 0, 0, 0, 0, 0, 0, 1, 0, 1, 0, 5, 0, 0, 0, 0, 0, 0, 0, 0, 1, 0, 1, 0, 5, 0, 0, 0, 0, 0, 0, 0, 0, 1, 0, 1, 0, 5, 0, 0, 0, 0, 0, 0, 0, 0, 1, 0, 1, 0, 5, 0, 0, 0, 0, 0,True
0, 0, 0, 1, 0, 1, 0, 6, 0, 0, 0, 0, 0, 0, 0, 0, 1, 0, 1, 0, 6, 0, 0, 0, 0, 0, 0, 0, 0, 1, 0, 1, 0, 6, 0, 0, 0, 0, 0, 0, 0, 0, 1, 0, 1, 0, 6, 0, 0, 0, 0, 0, 0, 0, 0, 1, 0, 1, 0, 6, 0, 0, 0, 0, 0,True
0, 0, 0, 1, 0, 1, 0, 16, 0, 0, 0, 0, 0, 0, 0, 0, 1, 0, 1, 0, 16, 0, 0, 0, 0, 0, 0, 0, 0, 1, 0, 1, 0, 16, 0, 0, 0, 0, 0, 0, 0, 0, 1, 0, 1, 0, 16, 0, 0, 0, 0, 0, 0, 0, 0, 1, 0, 1, 0, 16, 0, 0, 0, 0, 0,False
0, 0, 0, 1, 1, 0, 0, 4, 0, 0, 0, 0, 0, 0, 0, 0, 1, 1, 0, 0, 4, 0, 0, 0, 0, 0, 0, 0, 0, 1, 1, 0, 0, 4, 0, 0, 0, 0, 0, 0, 0, 0, 1, 1, 0, 0, 4, 0, 0, 0, 0, 0, 0, 0, 0, 1, 1, 0, 0, 4, 0, 0, 0, 0, 0,True
1, 4, 0, 1, 1, 0, 0, 14, 4, 0, 0, 0, 0, 1, 4, 0, 12, 11, 0, 0, 14, 4, 0, 0, 0, 0, 11, 44, 0, 12, 11, 0, 0, 14, 47, 0, 0, 1, 0, 11, 44, 0, 22, 11, 0, 0, 14, 47, 0, 0, 1, 0, 11, 44, 0, 22, 11, 0, 0, 14, 67, 0, 0, 11, 0,True
0, 1, 0, 1, 1, 0, 0, 13, 2, 0, 0, 0, 0, 0, 1, 0, 4, 2, 0, 1, 13, 2, 0, 0, 0, 0, 0, 2, 0, 4, 2, 0, 1, 13, 5, 1, 0, 0, 0, 0, 2, 0, 20, 10, 7, 1, 13, 5, 1, 0, 0, 0, 9, 36, 0, 20, 10, 7, 1, 13, 43, 1, 6, 1, 1,True
0, 0, 0, 1, 0, 1, 0, 16, 3, 0, 0, 1, 1, 0, 1, 0, 33, 1, 26, 5, 16, 4, 0, 0, 1, 1, 5, 8, 0, 35, 3, 26, 5, 16, 21, 3, 6, 1, 1, 7, 16, 1, 51, 7, 30, 7, 16, 30, 3, 7, 1, 1, 7, 21, 1, 56, 8, 31, 8, 16, 41, 8, 11, 1, 1,True
0, 0, 0, 1, 0, 0, 1, 10, 0, 0, 0, 0, 0, 0, 0, 0, 1, 0, 0, 1, 10, 0, 0, 0, 0, 0, 0, 0, 0, 1, 0, 0, 1, 10, 0, 0, 0, 0, 0, 0, 0, 0, 1, 0, 0, 1, 10, 0, 0, 0, 0, 0, 0, 0, 0, 1, 0, 0, 1, 10, 0, 0, 0, 0, 0,True
0, 0, 0, 1, 0, 0, 0, 32, 0, 0, 0, 0, 0, 0, 0, 0, 1, 0, 0, 0, 32, 0, 0, 0, 0, 0, 0, 0, 0, 1, 0, 0, 0, 32, 0, 0, 0, 0, 0, 0, 0, 0, 1, 0, 0, 0, 32, 0, 0, 0, 0, 0, 0, 0, 0, 1, 0, 0, 0, 32, 0, 0, 0, 0, 0,False
1, 4, 0, 1, 1, 0, 0, 14, 4, 0, 0, 0, 0, 1, 4, 0, 12, 11, 0, 0, 14, 4, 0, 0, 0, 0, 11, 44, 0, 12, 11, 0, 0, 14, 47, 0, 0, 1, 0, 11, 44, 0, 22, 11, 0, 0, 14, 47, 0, 0, 1, 0, 11, 44, 0, 22, 11, 0, 0, 14, 67, 0, 0, 11, 0,True
0, 0, 0, 1, 1, 0, 0, 2, 0, 0, 0, 0, 0, 0, 0, 0, 1, 1, 0, 0, 2, 0, 0, 0, 0, 0, 0, 0, 0, 1, 1, 0, 0, 2, 0, 0, 0, 0, 0, 0, 0, 0, 1, 1, 0, 0, 2, 0, 0, 0, 0, 0, 0, 0, 0, 1, 1, 0, 0, 2, 0, 0, 0, 0, 0,True
0, 0, 0, 1, 1, 0, 0, 4, 0, 0, 0, 0, 0, 0, 0, 0, 1, 1, 0, 0, 4, 0, 0, 0, 0, 0, 0, 0, 0, 1, 1, 0, 0, 4, 0, 0, 0, 0, 0, 0, 0, 0, 1, 1, 0, 0, 4, 0, 0, 0, 0, 0, 0, 0, 0, 1, 1, 0, 0, 4, 0, 0, 0, 0, 0,True
0, 0, 0, 1, 1, 0, 0, 13, 0, 0, 0, 0, 0, 0, 0, 0, 2, 1, 0, 0, 13, 0, 0, 0, 0, 0, 0, 0, 0, 2, 1, 0, 0, 13, 1, 1, 1, 0, 0, 0, 0, 0, 2, 1, 0, 0, 13, 1, 1, 1, 0, 0, 0, 0, 0, 2, 1, 0, 0, 13, 1, 1, 1, 0, 0,True
0, 0, 0, 1, 0, 0, 1, 32, 1, 0, 0, 0, 0, 1, 1, 0, 5, 0, 2, 2, 32, 2, 0, 0, 0, 0, 3, 3, 0, 7, 1, 2, 3, 32, 7, 1, 2, 1, 0, 5, 11, 0, 30, 7, 16, 3, 32, 14, 1, 3, 1, 0, 7, 25, 1, 32, 8, 17, 3, 32, 43, 5, 7, 8, 1,True
1, 4, 0, 1, 1, 0, 0, 14, 4, 0, 0, 0, 0, 1, 4, 0, 12, 11, 0, 0, 14, 4, 0, 0, 0, 0, 11, 44, 0, 12, 11, 0, 0, 14, 47, 0, 0, 1, 0, 11, 44, 0, 22, 11, 0, 0, 14, 47, 0, 0, 1, 0, 11, 44, 0, 22, 11, 0, 0, 14, 67, 0, 0, 11, 0,True
0, 0, 0, 1, 0, 0, 0, 5, 0, 0, 0, 0, 0, 0, 0, 0, 1, 0, 0, 0, 5, 0, 0, 0, 0, 0, 0, 0, 0, 1, 0, 0, 0, 5, 0, 0, 0, 0, 0, 0, 0, 0, 1, 0, 0, 0, 5, 0, 0, 0, 0, 0, 0, 0, 0, 1, 0, 0, 0, 5, 0, 0, 0, 0, 0,True
0, 0, 0, 1, 0, 1, 0, 10, 0, 0, 0, 0, 0, 0, 0, 0, 1, 0, 1, 0, 10, 0, 0, 0, 0, 0, 0, 0, 0, 1, 0, 1, 0, 10, 0, 0, 0, 0, 0, 0, 0, 0, 1, 0, 1, 0, 10, 0, 0, 0, 0, 0, 0, 0, 0, 1, 0, 1, 0, 10, 0, 0, 0, 0, 0,True
0, 3, 0, 1, 1, 0, 0, 5, 3, 0, 0, 0, 0, 1, 4, 0, 3, 1, 1, 0, 5, 4, 0, 0, 0, 0, 3, 6, 0, 5, 2, 1, 1, 5, 8, 1, 2, 2, 0, 5, 14, 0, 20, 7, 6, 3, 5, 15, 1, 3, 2, 0, 7, 25, 1, 22, 8, 7, 3, 5, 31, 3, 6, 7, 1,True
0, 0, 0, 1, 0, 0, 1, 5, 0, 0, 0, 0, 0, 0, 0, 0, 1, 0, 0, 1, 5, 0, 0, 0, 0, 0, 0, 0, 0, 1, 0, 0, 1, 5, 0, 0, 0, 0, 0, 0, 0, 0, 1, 0, 0, 1, 5, 0, 0, 0, 0, 0, 0, 0, 0, 1, 0, 0, 1, 5, 0, 0, 0, 0, 0,True
0, 0, 0, 1, 1, 0, 0, 23, 0, 0, 0, 0, 0, 0, 0, 0, 1, 1, 0, 0, 23, 0, 0, 0, 0, 0, 0, 0, 0, 1, 1, 0, 0, 23, 0, 0, 0, 0, 0, 0, 0, 0, 1, 1, 0, 0, 23, 0, 0, 0, 0, 0, 0, 0, 0, 1, 1, 0, 0, 23, 0, 0, 0, 0, 0,True
0, 0, 0, 1, 1, 0, 0, 2, 0, 0, 0, 0, 0, 0, 0, 0, 1, 1, 0, 0, 2, 0, 0, 0, 0, 0, 0, 0, 0, 1, 1, 0, 0, 2, 0, 0, 0, 0, 0, 0, 0, 0, 1, 1, 0, 0, 2, 0, 0, 0, 0, 0, 0, 0, 0, 1, 1, 0, 0, 2, 0, 0, 0, 0, 0,True
1, 4, 0, 1, 1, 0, 0, 14, 4, 0, 0, 0, 0, 1, 4, 0, 12, 11, 0, 0, 14, 4, 0, 0, 0, 0, 11, 44, 0, 12, 11, 0, 0, 14, 47, 0, 0, 1, 0, 11, 44, 0, 22, 11, 0, 0, 14, 47, 0, 0, 1, 0, 11, 44, 0, 22, 11, 0, 0, 14, 67, 0, 0, 11, 0,True
0, 2, 0, 1, 1, 0, 0, 5, 2, 0, 1, 0, 0, 1, 3, 0, 5, 3, 1, 0, 5, 3, 0, 1, 0, 0, 3, 9, 0, 7, 4, 1, 1, 5, 12, 1, 5, 4, 0, 5, 17, 0, 20, 7, 6, 3, 5, 19, 1, 6, 4, 0, 7, 25, 1, 22, 8, 7, 3, 5, 32, 3, 6, 7, 1,True
0, 0, 0, 1, 1, 0, 0, 2, 0, 0, 0, 0, 0, 0, 0, 0, 1, 1, 0, 0, 2, 0, 0, 0, 0, 0, 0, 0, 0, 1, 1, 0, 0, 2, 0, 0, 0, 0, 0, 0, 0, 0, 1, 1, 0, 0, 2, 0, 0, 0, 0, 0, 0, 0, 0, 1, 1, 0, 0, 2, 0, 0, 0, 0, 0,True
0, 0, 0, 1, 0, 1, 0, 5, 0, 0, 0, 0, 0, 0, 0, 0, 1, 0, 1, 0, 5, 0, 0, 0, 0, 0, 0, 0, 0, 1, 0, 1, 0, 5, 0, 0, 0, 0, 0, 0, 0, 0, 1, 0, 1, 0, 5, 0, 0, 0, 0, 0, 0, 0, 0, 1, 0, 1, 0, 5, 0, 0, 0, 0, 0,True
0, 0, 0, 1, 0, 0, 1, 5, 0, 0, 0, 0, 0, 0, 0, 0, 1, 0, 0, 1, 5, 0, 0, 0, 0, 0, 0, 0, 0, 1, 0, 0, 1, 5, 0, 0, 0, 0, 0, 0, 0, 0, 1, 0, 0, 1, 5, 0, 0, 0, 0, 0, 0, 0, 0, 1, 0, 0, 1, 5, 0, 0, 0, 0, 0,True
1, 4, 0, 1, 1, 0, 0, 14, 4, 0, 0, 0, 0, 1, 4, 0, 12, 11, 0, 0, 14, 4, 0, 0, 0, 0, 11, 44, 0, 12, 11, 0, 0, 14, 47, 0, 0, 1, 0, 11, 44, 0, 22, 11, 0, 0, 14, 47, 0, 0, 1, 0, 11, 44, 0, 22, 11, 0, 0, 14, 67, 0, 0, 11, 0,True
2, 4, 0, 1, 1, 0, 0, 17, 4, 0, 1, 0, 0, 5, 8, 1, 10, 4, 4, 0, 17, 8, 0, 1, 0, 1, 6, 15, 1, 39, 6, 27, 4, 17, 23, 2, 5, 2, 1, 7, 25, 1, 62, 10, 31, 7, 17, 40, 4, 9, 2, 1, 7, 36, 1, 66, 12, 31, 8, 17, 64, 15, 18, 9, 1,True
0, 0, 0, 1, 1, 0, 0, 2, 0, 0, 0, 0, 0, 0, 0, 0, 1, 1, 0, 0, 2, 0, 0, 0, 0, 0, 0, 0, 0, 1, 1, 0, 0, 2, 0, 0, 0, 0, 0, 0, 0, 0, 1, 1, 0, 0, 2, 0, 0, 0, 0, 0, 0, 0, 0, 1, 1, 0, 0, 2, 0, 0, 0, 0, 0,True
0, 0, 0, 1, 1, 0, 0, 23, 0, 0, 0, 0, 0, 0, 0, 0, 1, 1, 0, 0, 23, 0, 0, 0, 0, 0, 0, 0, 0, 1, 1, 0, 0, 23, 0, 0, 0, 0, 0, 0, 0, 0, 1, 1, 0, 0, 23, 0, 0, 0, 0, 0, 0, 0, 0, 1, 1, 0, 0, 23, 0, 0, 0, 0, 0,True
0, 0, 0, 1, 0, 1, 0, 5, 0, 0, 0, 0, 0, 0, 0, 0, 1, 0, 1, 0, 5, 0, 0, 0, 0, 0, 0, 0, 0, 1, 0, 1, 0, 5, 0, 0, 0, 0, 0, 0, 0, 0, 1, 0, 1, 0, 5, 0, 0, 0, 0, 0, 0, 0, 0, 1, 0, 1, 0, 5, 0, 0, 0, 0, 0,True
0, 2, 0, 1, 1, 0, 0, 17, 2, 0, 1, 0, 0, 1, 3, 0, 5, 3, 1, 0, 17, 3, 0, 1, 0, 0, 3, 9, 0, 7, 4, 1, 1, 17, 11, 1, 5, 4, 0, 5, 17, 0, 20, 7, 6, 3, 17, 18, 1, 6, 4, 0, 7, 25, 1, 22, 8, 7, 3, 17, 32, 3, 6, 7, 1,False
0, 0, 0, 1, 1, 0, 0, 19, 0, 0, 0, 0, 0, 0, 0, 0, 1, 1, 0, 0, 19, 0, 0, 0, 0, 0, 0, 0, 0, 1, 1, 0, 0, 19, 0, 0, 0, 0, 0, 0, 0, 0, 1, 1, 0, 0, 19, 0, 0, 0, 0, 0, 0, 0, 0, 1, 1, 0, 0, 19, 0, 0, 0, 0, 0,False
1, 4, 0, 1, 1, 0, 0, 14, 4, 0, 0, 0, 0, 1, 4, 0, 12, 11, 0, 0, 14, 4, 0, 0, 0, 0, 11, 44, 0, 12, 11, 0, 0, 14, 47, 0, 0, 1, 0, 11, 44, 0, 22, 11, 0, 0, 14, 47, 0, 0, 1, 0, 11, 44, 0, 22, 11, 0, 0, 14, 67, 0, 0, 11, 0,True
0, 0, 0, 1, 0, 1, 0, 6, 0, 0, 0, 0, 0, 0, 0, 0, 1, 0, 1, 0, 6, 0, 0, 0, 0, 0, 0, 0, 0, 1, 0, 1, 0, 6, 0, 0, 0, 0, 0, 0, 0, 0, 1, 0, 1, 0, 6, 0, 0, 0, 0, 0, 0, 0, 0, 1, 0, 1, 0, 6, 0, 0, 0, 0, 0,True
0, 0, 0, 1, 0, 0, 0, 5, 0, 0, 0, 0, 0, 0, 0, 0, 1, 0, 0, 0, 5, 0, 0, 0, 0, 0, 0, 0, 0, 1, 0, 0, 0, 5, 0, 0, 0, 0, 0, 0, 0, 0, 1, 0, 0, 0, 5, 0, 0, 0, 0, 0, 0, 0, 0, 1, 0, 0, 0, 5, 0, 0, 0, 0, 0,True
2, 4, 0, 1, 1, 0, 0, 14, 3, 0, 1, 0, 0, 3, 5, 1, 12, 4, 6, 0, 14, 4, 0, 1, 0, 0, 3, 11, 1, 12, 4, 6, 0, 14, 17, 4, 3, 2, 1, 3, 11, 1, 30, 4, 15, 0, 14, 17, 4, 3, 2, 1, 3, 16, 1, 30, 4, 15, 0, 14, 32, 13, 19, 5, 1,True
1, 4, 0, 1, 1, 0, 0, 14, 4, 0, 0, 0, 0, 1, 4, 0, 12, 11, 0, 0, 14, 4, 0, 0, 0, 0, 11, 44, 0, 12, 11, 0, 0, 14, 47, 0, 0, 1, 0, 11, 44, 0, 22, 11, 0, 0, 14, 47, 0, 0, 1, 0, 11, 44, 0, 22, 11, 0, 0, 14, 67, 0, 0, 11, 0,True
1, 1, 0, 1, 1, 0, 0, 14, 3, 0, 0, 0, 0, 2, 2, 0, 9, 2, 3, 0, 14, 3, 0, 1, 0, 0, 3, 5, 1, 11, 3, 4, 0, 14, 9, 4, 2, 1, 0, 3, 10, 1, 18, 4, 7, 0, 14, 14, 4, 3, 1, 1, 3, 11, 1, 27, 4, 16, 0, 14, 23, 7, 6, 4, 1,False
1, 4, 0, 1, 1, 0, 0, 14, 4, 0, 0, 0, 0, 1, 4, 0, 12, 11, 0, 0, 14, 4, 0, 0, 0, 0, 11, 44, 0, 12, 11, 0, 0, 14, 47, 0, 0, 1, 0, 11, 44, 0, 22, 11, 0, 0, 14, 47, 0, 0, 1, 0, 11, 44, 0, 22, 11, 0, 0, 14, 67, 0, 0, 11, 0,True
0, 0, 0, 1, 1, 0, 0, 19, 0, 0, 0, 0, 0, 0, 0, 0, 1, 1, 0, 0, 19, 0, 0, 0, 0, 0, 0, 0, 0, 1, 1, 0, 0, 19, 0, 0, 0, 0, 0, 0, 0, 0, 1, 1, 0, 0, 19, 0, 0, 0, 0, 0, 0, 0, 0, 1, 1, 0, 0, 19, 0, 0, 0, 0, 0,True
0, 0, 0, 1, 0, 0, 0, 5, 0, 0, 0, 0, 0, 0, 0, 0, 1, 0, 0, 0, 5, 0, 0, 0, 0, 0, 0, 0, 0, 1, 0, 0, 0, 5, 0, 0, 0, 0, 0, 0, 0, 0, 1, 0, 0, 0, 5, 0, 0, 0, 0, 0, 0, 0, 0, 1, 0, 0, 0, 5, 0, 0, 0, 0, 0,True
0, 0, 0, 1, 0, 1, 0, 6, 0, 0, 0, 0, 0, 0, 0, 0, 1, 0, 1, 0, 6, 0, 0, 0, 0, 0, 0, 0, 0, 1, 0, 1, 0, 6, 0, 0, 0, 0, 0, 0, 0, 0, 1, 0, 1, 0, 6, 0, 0, 0, 0, 0, 0, 0, 0, 1, 0, 1, 0, 6, 0, 0, 0, 0, 0,True
0, 0, 0, 1, 0, 0, 0, 8, 0, 0, 0, 0, 0, 0, 0, 0, 1, 0, 0, 0, 8, 0, 0, 0, 0, 0, 0, 0, 0, 1, 0, 0, 0, 8, 0, 0, 0, 0, 0, 0, 0, 0, 1, 0, 0, 0, 8, 0, 0, 0, 0, 0, 0, 0, 0, 1, 0, 0, 0, 8, 0, 0, 0, 0, 0,True
1, 4, 0, 1, 1, 0, 0, 14, 4, 0, 0, 0, 0, 1, 4, 0, 12, 11, 0, 0, 14, 4, 0, 0, 0, 0, 11, 44, 0, 12, 11, 0, 0, 14, 47, 0, 0, 1, 0, 11, 44, 0, 22, 11, 0, 0, 14, 47, 0, 0, 1, 0, 11, 44, 0, 22, 11, 0, 0, 14, 67, 0, 0, 11, 0,True
1, 4, 0, 1, 1, 0, 0, 14, 4, 0, 0, 0, 0, 1, 4, 0, 12, 11, 0, 0, 14, 4, 0, 0, 0, 0, 11, 44, 0, 12, 11, 0, 0, 14, 47, 0, 0, 1, 0, 11, 44, 0, 22, 11, 0, 0, 14, 47, 0, 0, 1, 0, 11, 44, 0, 22, 11, 0, 0, 14, 67, 0, 0, 11, 0,True
0, 0, 0, 1, 0, 0, 0, 6, 0, 0, 0, 0, 0, 0, 0, 0, 1, 0, 0, 0, 6, 0, 0, 0, 0, 0, 0, 0, 0, 1, 0, 0, 0, 6, 0, 0, 0, 0, 0, 0, 0, 0, 1, 0, 0, 0, 6, 0, 0, 0, 0, 0, 0, 0, 0, 1, 0, 0, 0, 6, 0, 0, 0, 0, 0,True
1, 4, 0, 1, 1, 0, 0, 14, 4, 0, 0, 0, 0, 1, 4, 0, 12, 11, 0, 0, 14, 4, 0, 0, 0, 0, 11, 44, 0, 12, 11, 0, 0, 14, 47, 0, 0, 1, 0, 11, 44, 0, 22, 11, 0, 0, 14, 47, 0, 0, 1, 0, 11, 44, 0, 22, 11, 0, 0, 14, 67, 0, 0, 11, 0,True
0, 0, 0, 1, 0, 0, 0, 6, 0, 0, 0, 0, 0, 0, 0, 0, 1, 0, 0, 0, 6, 0, 0, 0, 0, 0, 0, 0, 0, 1, 0, 0, 0, 6, 0, 0, 0, 0, 0, 0, 0, 0, 1, 0, 0, 0, 6, 0, 0, 0, 0, 0, 0, 0, 0, 1, 0, 0, 0, 6, 0, 0, 0, 0, 0,True
1, 4, 0, 1, 1, 0, 0, 14, 4, 0, 0, 0, 0, 1, 4, 0, 12, 11, 0, 0, 14, 4, 0, 0, 0, 0, 11, 44, 0, 12, 11, 0, 0, 14, 47, 0, 0, 1, 0, 11, 44, 0, 22, 11, 0, 0, 14, 47, 0, 0, 1, 0, 11, 44, 0, 22, 11, 0, 0, 14, 67, 0, 0, 11, 0,True
1, 4, 0, 1, 1, 0, 0, 14, 4, 0, 0, 0, 0, 1, 4, 0, 12, 11, 0, 0, 14, 4, 0, 0, 0, 0, 11, 44, 0, 12, 11, 0, 0, 14, 47, 0, 0, 1, 0, 11, 44, 0, 22, 11, 0, 0, 14, 47, 0, 0, 1, 0, 11, 44, 0, 22, 11, 0, 0, 14, 67, 0, 0, 11, 0,True
1, 4, 0, 1, 1, 0, 0, 14, 4, 0, 0, 0, 0, 1, 4, 0, 12, 11, 0, 0, 14, 4, 0, 0, 0, 0, 11, 44, 0, 12, 11, 0, 0, 14, 47, 0, 0, 1, 0, 11, 44, 0, 22, 11, 0, 0, 14, 47, 0, 0, 1, 0, 11, 44, 0, 22, 11, 0, 0, 14, 67, 0, 0, 11, 0,True
0, 0, 0, 1, 0, 0, 0, 5, 0, 0, 0, 0, 0, 0, 0, 0, 1, 0, 0, 0, 5, 0, 0, 0, 0, 0, 0, 0, 0, 1, 0, 0, 0, 5, 0, 0, 0, 0, 0, 0, 0, 0, 1, 0, 0, 0, 5, 0, 0, 0, 0, 0, 0, 0, 0, 1, 0, 0, 0, 5, 0, 0, 0, 0, 0,True
1, 4, 0, 1, 1, 0, 0, 14, 4, 0, 0, 0, 0, 1, 4, 0, 12, 11, 0, 0, 14, 4, 0, 0, 0, 0, 11, 44, 0, 12, 11, 0, 0, 14, 47, 0, 0, 1, 0, 11, 44, 0, 22, 11, 0, 0, 14, 47, 0, 0, 1, 0, 11, 44, 0, 22, 11, 0, 0, 14, 67, 0, 0, 11, 0,True
0, 0, 0, 1, 0, 0, 0, 8, 0, 0, 0, 0, 0, 0, 0, 0, 1, 0, 0, 0, 8, 0, 0, 0, 0, 0, 0, 0, 0, 1, 0, 0, 0, 8, 0, 0, 0, 0, 0, 0, 0, 0, 1, 0, 0, 0, 8, 0, 0, 0, 0, 0, 0, 0, 0, 1, 0, 0, 0, 8, 0, 0, 0, 0, 0,True
0, 0, 0, 1, 0, 1, 0, 10, 0, 0, 0, 0, 0, 0, 0, 0, 1, 0, 1, 0, 10, 0, 0, 0, 0, 0, 0, 0, 0, 1, 0, 1, 0, 10, 0, 0, 0, 0, 0, 0, 0, 0, 1, 0, 1, 0, 10, 0, 0, 0, 0, 0, 0, 0, 0, 1, 0, 1, 0, 10, 0, 0, 0, 0, 0,True
1, 4, 0, 1, 1, 0, 0, 14, 4, 0, 0, 0, 0, 1, 4, 0, 12, 11, 0, 0, 14, 4, 0, 0, 0, 0, 11, 44, 0, 12, 11, 0, 0, 14, 47, 0, 0, 1, 0, 11, 44, 0, 22, 11, 0, 0, 14, 47, 0, 0, 1, 0, 11, 44, 0, 22, 11, 0, 0, 14, 67, 0, 0, 11, 0,True
0, 0, 0, 1, 0, 0, 0, 5, 0, 0, 0, 0, 0, 0, 0, 0, 1, 0, 0, 0, 5, 0, 0, 0, 0, 0, 0, 0, 0, 1, 0, 0, 0, 5, 0, 0, 0, 0, 0, 0, 0, 0, 1, 0, 0, 0, 5, 0, 0, 0, 0, 0, 0, 0, 0, 1, 0, 0, 0, 5, 0, 0, 0, 0, 0,True
1, 4, 0, 1, 1, 0, 0, 14, 4, 0, 0, 0, 0, 1, 4, 0, 12, 11, 0, 0, 14, 4, 0, 0, 0, 0, 11, 44, 0, 12, 11, 0, 0, 14, 47, 0, 0, 1, 0, 11, 44, 0, 22, 11, 0, 0, 14, 47, 0, 0, 1, 0, 11, 44, 0, 22, 11, 0, 0, 14, 67, 0, 0, 11, 0,True
0, 0, 0, 1, 1, 0, 0, 7, 0, 0, 0, 0, 0, 0, 0, 0, 1, 1, 0, 0, 7, 0, 0, 0, 0, 0, 0, 0, 0, 1, 1, 0, 0, 7, 0, 0, 0, 0, 0, 0, 0, 0, 1, 1, 0, 0, 7, 0, 0, 0, 0, 0, 0, 0, 0, 1, 1, 0, 0, 7, 0, 0, 0, 0, 0,True
1, 4, 0, 1, 1, 0, 0, 14, 4, 0, 0, 0, 0, 1, 4, 0, 12, 11, 0, 0, 14, 4, 0, 0, 0, 0, 11, 44, 0, 12, 11, 0, 0, 14, 47, 0, 0, 1, 0, 11, 44, 0, 22, 11, 0, 0, 14, 47, 0, 0, 1, 0, 11, 44, 0, 22, 11, 0, 0, 14, 67, 0, 0, 11, 0,True
0, 0, 0, 1, 1, 0, 0, 7, 0, 0, 0, 0, 0, 0, 0, 0, 1, 1, 0, 0, 7, 0, 0, 0, 0, 0, 0, 0, 0, 1, 1, 0, 0, 7, 0, 0, 0, 0, 0, 0, 0, 0, 1, 1, 0, 0, 7, 0, 0, 0, 0, 0, 0, 0, 0, 1, 1, 0, 0, 7, 0, 0, 0, 0, 0,True
0, 2, 0, 1, 0, 0, 0, 8, 5, 0, 0, 0, 0, 0, 5, 0, 61, 3, 49, 3, 8, 9, 0, 0, 0, 0, 4, 39, 0, 66, 7, 49, 3, 8, 60, 34, 18, 5, 0, 10, 64, 0, 146, 24, 74, 5, 8, 84, 35, 22, 5, 1, 11, 88, 1, 158, 32, 75, 5, 8, 140, 44, 38, 23, 1,True
0, 0, 0, 1, 0, 0, 0, 10, 0, 0, 0, 0, 0, 0, 0, 0, 1, 0, 0, 0, 10, 0, 0, 0, 0, 0, 0, 0, 0, 1, 0, 0, 0, 10, 0, 0, 0, 0, 0, 0, 0, 0, 1, 0, 0, 0, 10, 0, 0, 0, 0, 0, 0, 0, 0, 1, 0, 0, 0, 10, 0, 0, 0, 0, 0,True
0, 0, 0, 1, 0, 0, 0, 13, 0, 0, 0, 0, 0, 0, 0, 0, 1, 0, 0, 0, 13, 0, 0, 0, 0, 0, 0, 0, 0, 1, 0, 0, 0, 13, 0, 0, 0, 0, 0, 0, 0, 0, 1, 0, 0, 0, 13, 0, 0, 0, 0, 0, 0, 0, 0, 1, 0, 0, 0, 13, 0, 0, 0, 0, 0,True
0, 0, 0, 1, 0, 0, 0, 13, 0, 0, 0, 0, 0, 0, 0, 0, 1, 0, 0, 0, 13, 0, 0, 0, 0, 0, 0, 0, 0, 1, 0, 0, 0, 13, 0, 0, 0, 0, 0, 0, 0, 0, 1, 0, 0, 0, 13, 0, 0, 0, 0, 0, 0, 0, 0, 1, 0, 0, 0, 13, 0, 0, 0, 0, 0,True
0, 0, 0, 1, 0, 0, 1, 8, 3, 0, 0, 0, 0, 0, 2, 0, 59, 2, 49, 3, 8, 5, 0, 0, 0, 0, 4, 34, 0, 61, 4, 49, 3, 8, 53, 34, 18, 3, 0, 10, 60, 0, 143, 21, 74, 5, 8, 76, 34, 21, 3, 1, 11, 81, 1, 157, 32, 75, 5, 8, 133, 42, 38, 23, 1,True
0, 0, 0, 1, 1, 0, 0, 13, 0, 0, 0, 0, 0, 0, 0, 0, 1, 1, 0, 0, 13, 0, 0, 0, 0, 0, 0, 0, 0, 1, 1, 0, 0, 13, 0, 0, 0, 0, 0, 0, 0, 0, 1, 1, 0, 0, 13, 0, 0, 0, 0, 0, 0, 0, 0, 1, 1, 0, 0, 13, 0, 0, 0, 0, 0,True
0, 0, 0, 1, 0, 0, 0, 13, 0, 0, 0, 0, 0, 0, 0, 0, 1, 0, 0, 0, 13, 0, 0, 0, 0, 0, 0, 0, 0, 1, 0, 0, 0, 13, 0, 0, 0, 0, 0, 0, 0, 0, 1, 0, 0, 0, 13, 0, 0, 0, 0, 0, 0, 0, 0, 1, 0, 0, 0, 13, 0, 0, 0, 0, 0,True
0, 0, 0, 1, 1, 0, 0, 8, 0, 0, 0, 0, 0, 0, 0, 0, 1, 1, 0, 0, 8, 0, 0, 0, 0, 0, 0, 0, 0, 1, 1, 0, 0, 8, 0, 0, 0, 0, 0, 0, 0, 0, 1, 1, 0, 0, 8, 0, 0, 0, 0, 0, 0, 0, 0, 1, 1, 0, 0, 8, 0, 0, 0, 0, 0,True
0, 0, 0, 1, 1, 0, 0, 5, 0, 0, 0, 0, 0, 0, 0, 0, 1, 1, 0, 0, 5, 0, 0, 0, 0, 0, 0, 0, 0, 1, 1, 0, 0, 5, 0, 0, 0, 0, 0, 0, 0, 0, 1, 1, 0, 0, 5, 0, 0, 0, 0, 0, 0, 0, 0, 1, 1, 0, 0, 5, 0, 0, 0, 0, 0,True
0, 0, 0, 1, 1, 0, 0, 5, 0, 0, 0, 0, 0, 0, 0, 0, 1, 1, 0, 0, 5, 0, 0, 0, 0, 0, 0, 0, 0, 1, 1, 0, 0, 5, 0, 0, 0, 0, 0, 0, 0, 0, 1, 1, 0, 0, 5, 0, 0, 0, 0, 0, 0, 0, 0, 1, 1, 0, 0, 5, 0, 0, 0, 0, 0,True
0, 0, 0, 1, 1, 0, 0, 13, 0, 0, 0, 0, 0, 0, 0, 0, 1, 1, 0, 0, 13, 0, 0, 0, 0, 0, 0, 0, 0, 1, 1, 0, 0, 13, 0, 0, 0, 0, 0, 0, 0, 0, 1, 1, 0, 0, 13, 0, 0, 0, 0, 0, 0, 0, 0, 1, 1, 0, 0, 13, 0, 0, 0, 0, 0,True
0, 0, 0, 1, 1, 0, 0, 8, 0, 0, 0, 0, 0, 0, 0, 0, 1, 1, 0, 0, 8, 0, 0, 0, 0, 0, 0, 0, 0, 1, 1, 0, 0, 8, 0, 0, 0, 0, 0, 0, 0, 0, 1, 1, 0, 0, 8, 0, 0, 0, 0, 0, 0, 0, 0, 1, 1, 0, 0, 8, 0, 0, 0, 0, 0,True
0, 0, 0, 1, 0, 0, 0, 13, 0, 0, 0, 0, 0, 0, 0, 0, 1, 0, 0, 0, 13, 0, 0, 0, 0, 0, 0, 0, 0, 1, 0, 0, 0, 13, 0, 0, 0, 0, 0, 0, 0, 0, 1, 0, 0, 0, 13, 0, 0, 0, 0, 0, 0, 0, 0, 1, 0, 0, 0, 13, 0, 0, 0, 0, 0,True
0, 0, 0, 1, 1, 0, 0, 13, 0, 0, 0, 0, 0, 0, 0, 0, 1, 1, 0, 0, 13, 0, 0, 0, 0, 0, 0, 0, 0, 1, 1, 0, 0, 13, 0, 0, 0, 0, 0, 0, 0, 0, 1, 1, 0, 0, 13, 0, 0, 0, 0, 0, 0, 0, 0, 1, 1, 0, 0, 13, 0, 0, 0, 0, 0,True
0, 0, 0, 1, 0, 0, 0, 13, 0, 0, 0, 0, 0, 0, 0, 0, 1, 0, 0, 0, 13, 0, 0, 0, 0, 0, 0, 0, 0, 1, 0, 0, 0, 13, 0, 0, 0, 0, 0, 0, 0, 0, 1, 0, 0, 0, 13, 0, 0, 0, 0, 0, 0, 0, 0, 1, 0, 0, 0, 13, 0, 0, 0, 0, 0,True
0, 0, 0, 1, 0, 1, 0, 10, 0, 0, 0, 0, 0, 0, 0, 0, 1, 0, 1, 0, 10, 0, 0, 0, 0, 0, 0, 0, 0, 1, 0, 1, 0, 10, 0, 0, 0, 0, 0, 0, 0, 0, 1, 0, 1, 0, 10, 0, 0, 0, 0, 0, 0, 0, 0, 1, 0, 1, 0, 10, 0, 0, 0, 0, 0,True
0, 0, 0, 1, 1, 0, 0, 13, 0, 0, 0, 0, 0, 0, 0, 0, 1, 1, 0, 0, 13, 0, 0, 0, 0, 0, 0, 0, 0, 1, 1, 0, 0, 13, 0, 0, 0, 0, 0, 0, 0, 0, 1, 1, 0, 0, 13, 0, 0, 0, 0, 0, 0, 0, 0, 1, 1, 0, 0, 13, 0, 0, 0, 0, 0,True
0, 0, 0, 1, 0, 0, 0, 13, 0, 0, 0, 0, 0, 0, 0, 0, 1, 0, 0, 0, 13, 0, 0, 0, 0, 0, 0, 0, 0, 1, 0, 0, 0, 13, 0, 0, 0, 0, 0, 0, 0, 0, 1, 0, 0, 0, 13, 0, 0, 0, 0, 0, 0, 0, 0, 1, 0, 0, 0, 13, 0, 0, 0, 0, 0,True
0, 0, 0, 1, 1, 0, 0, 13, 0, 0, 0, 0, 0, 0, 0, 0, 1, 1, 0, 0, 13, 0, 0, 0, 0, 0, 0, 0, 0, 1, 1, 0, 0, 13, 0, 0, 0, 0, 0, 0, 0, 0, 1, 1, 0, 0, 13, 0, 0, 0, 0, 0, 0, 0, 0, 1, 1, 0, 0, 13, 0, 0, 0, 0, 0,True
0, 0, 0, 1, 0, 0, 0, 10, 0, 0, 0, 0, 0, 0, 0, 0, 1, 0, 0, 0, 10, 0, 0, 0, 0, 0, 0, 0, 0, 1, 0, 0, 0, 10, 0, 0, 0, 0, 0, 0, 0, 0, 1, 0, 0, 0, 10, 0, 0, 0, 0, 0, 0, 0, 0, 1, 0, 0, 0, 10, 0, 0, 0, 0, 0,True
0, 0, 0, 1, 0, 0, 0, 13, 0, 0, 0, 0, 0, 0, 0, 0, 1, 0, 0, 0, 13, 0, 0, 0, 0, 0, 0, 0, 0, 1, 0, 0, 0, 13, 0, 0, 0, 0, 0, 0, 0, 0, 1, 0, 0, 0, 13, 0, 0, 0, 0, 0, 0, 0, 0, 1, 0, 0, 0, 13, 0, 0, 0, 0, 0,True
0, 0, 0, 1, 1, 0, 0, 13, 0, 0, 0, 0, 0, 0, 0, 0, 1, 1, 0, 0, 13, 0, 0, 0, 0, 0, 0, 0, 0, 1, 1, 0, 0, 13, 0, 0, 0, 0, 0, 0, 0, 0, 1, 1, 0, 0, 13, 0, 0, 0, 0, 0, 0, 0, 0, 1, 1, 0, 0, 13, 0, 0, 0, 0, 0,True
0, 0, 0, 1, 0, 0, 0, 13, 0, 0, 0, 0, 0, 0, 0, 0, 1, 0, 0, 0, 13, 0, 0, 0, 0, 0, 0, 0, 0, 1, 0, 0, 0, 13, 0, 0, 0, 0, 0, 0, 0, 0, 1, 0, 0, 0, 13, 0, 0, 0, 0, 0, 0, 0, 0, 1, 0, 0, 0, 13, 0, 0, 0, 0, 0,True
0, 0, 0, 1, 0, 0, 0, 22, 0, 0, 0, 0, 0, 0, 0, 0, 1, 0, 0, 0, 22, 0, 0, 0, 0, 0, 0, 0, 0, 1, 0, 0, 0, 22, 0, 0, 0, 0, 0, 0, 0, 0, 1, 0, 0, 0, 22, 0, 0, 0, 0, 0, 0, 0, 0, 1, 0, 0, 0, 22, 0, 0, 0, 0, 0,True
0, 0, 0, 1, 1, 0, 0, 13, 0, 0, 0, 0, 0, 0, 0, 0, 1, 1, 0, 0, 13, 0, 0, 0, 0, 0, 0, 0, 0, 1, 1, 0, 0, 13, 0, 0, 0, 0, 0, 0, 0, 0, 1, 1, 0, 0, 13, 0, 0, 0, 0, 0, 0, 0, 0, 1, 1, 0, 0, 13, 0, 0, 0, 0, 0,True
0, 0, 0, 1, 0, 0, 0, 13, 0, 0, 0, 0, 0, 0, 0, 0, 1, 0, 0, 0, 13, 0, 0, 0, 0, 0, 0, 0, 0, 1, 0, 0, 0, 13, 0, 0, 0, 0, 0, 0, 0, 0, 1, 0, 0, 0, 13, 0, 0, 0, 0, 0, 0, 0, 0, 1, 0, 0, 0, 13, 0, 0, 0, 0, 0,True
0, 0, 0, 1, 1, 0, 0, 13, 0, 0, 0, 0, 0, 0, 0, 0, 1, 1, 0, 0, 13, 0, 0, 0, 0, 0, 0, 0, 0, 1, 1, 0, 0, 13, 0, 0, 0, 0, 0, 0, 0, 0, 1, 1, 0, 0, 13, 0, 0, 0, 0, 0, 0, 0, 0, 1, 1, 0, 0, 13, 0, 0, 0, 0, 0,True
0, 0, 0, 1, 0, 0, 0, 22, 0, 0, 0, 0, 0, 0, 0, 0, 1, 0, 0, 0, 22, 0, 0, 0, 0, 0, 0, 0, 0, 1, 0, 0, 0, 22, 0, 0, 0, 0, 0, 0, 0, 0, 1, 0, 0, 0, 22, 0, 0, 0, 0, 0, 0, 0, 0, 1, 0, 0, 0, 22, 0, 0, 0, 0, 0,True
0, 0, 0, 1, 0, 0, 0, 13, 0, 0, 0, 0, 0, 0, 0, 0, 1, 0, 0, 0, 13, 0, 0, 0, 0, 0, 0, 0, 0, 1, 0, 0, 0, 13, 0, 0, 0, 0, 0, 0, 0, 0, 1, 0, 0, 0, 13, 0, 0, 0, 0, 0, 0, 0, 0, 1, 0, 0, 0, 13, 0, 0, 0, 0, 0,True
0, 0, 0, 1, 1, 0, 0, 13, 0, 0, 0, 0, 0, 0, 0, 0, 1, 1, 0, 0, 13, 0, 0, 0, 0, 0, 0, 0, 0, 1, 1, 0, 0, 13, 0, 0, 0, 0, 0, 0, 0, 0, 1, 1, 0, 0, 13, 0, 0, 0, 0, 0, 0, 0, 0, 1, 1, 0, 0, 13, 0, 0, 0, 0, 0,True
0, 0, 0, 1, 0, 0, 0, 13, 0, 0, 0, 0, 0, 0, 0, 0, 1, 0, 0, 0, 13, 0, 0, 0, 0, 0, 0, 0, 0, 1, 0, 0, 0, 13, 0, 0, 0, 0, 0, 0, 0, 0, 1, 0, 0, 0, 13, 0, 0, 0, 0, 0, 0, 0, 0, 1, 0, 0, 0, 13, 0, 0, 0, 0, 0,True
0, 0, 0, 1, 1, 0, 0, 10, 0, 0, 0, 0, 0, 0, 0, 0, 1, 1, 0, 0, 10, 0, 0, 0, 0, 0, 0, 0, 0, 1, 1, 0, 0, 10, 0, 0, 0, 0, 0, 0, 0, 0, 1, 1, 0, 0, 10, 0, 0, 0, 0, 0, 0, 0, 0, 1, 1, 0, 0, 10, 0, 0, 0, 0, 0,True
0, 0, 0, 1, 1, 0, 0, 13, 0, 0, 0, 0, 0, 0, 0, 0, 1, 1, 0, 0, 13, 0, 0, 0, 0, 0, 0, 0, 0, 1, 1, 0, 0, 13, 0, 0, 0, 0, 0, 0, 0, 0, 1, 1, 0, 0, 13, 0, 0, 0, 0, 0, 0, 0, 0, 1, 1, 0, 0, 13, 0, 0, 0, 0, 0,True
0, 0, 0, 1, 0, 0, 0, 13, 0, 0, 0, 0, 0, 0, 0, 0, 1, 0, 0, 0, 13, 0, 0, 0, 0, 0, 0, 0, 0, 1, 0, 0, 0, 13, 0, 0, 0, 0, 0, 0, 0, 0, 1, 0, 0, 0, 13, 0, 0, 0, 0, 0, 0, 0, 0, 1, 0, 0, 0, 13, 0, 0, 0, 0, 0,True
0, 0, 0, 1, 1, 0, 0, 13, 0, 0, 0, 0, 0, 0, 0, 0, 1, 1, 0, 0, 13, 0, 0, 0, 0, 0, 0, 0, 0, 1, 1, 0, 0, 13, 0, 0, 0, 0, 0, 0, 0, 0, 1, 1, 0, 0, 13, 0, 0, 0, 0, 0, 0, 0, 0, 1, 1, 0, 0, 13, 0, 0, 0, 0, 0,True
0, 0, 0, 1, 1, 0, 0, 10, 0, 0, 0, 0, 0, 0, 0, 0, 1, 1, 0, 0, 10, 0, 0, 0, 0, 0, 0, 0, 0, 1, 1, 0, 0, 10, 0, 0, 0, 0, 0, 0, 0, 0, 1, 1, 0, 0, 10, 0, 0, 0, 0, 0, 0, 0, 0, 1, 1, 0, 0, 10, 0, 0, 0, 0, 0,True
0, 0, 0, 1, 0, 0, 0, 13, 0, 0, 0, 0, 0, 0, 0, 0, 1, 0, 0, 0, 13, 0, 0, 0, 0, 0, 0, 0, 0, 1, 0, 0, 0, 13, 0, 0, 0, 0, 0, 0, 0, 0, 1, 0, 0, 0, 13, 0, 0, 0, 0, 0, 0, 0, 0, 1, 0, 0, 0, 13, 0, 0, 0, 0, 0,True
0, 0, 0, 1, 1, 0, 0, 13, 0, 0, 0, 0, 0, 0, 0, 0, 1, 1, 0, 0, 13, 0, 0, 0, 0, 0, 0, 0, 0, 1, 1, 0, 0, 13, 0, 0, 0, 0, 0, 0, 0, 0, 1, 1, 0, 0, 13, 0, 0, 0, 0, 0, 0, 0, 0, 1, 1, 0, 0, 13, 0, 0, 0, 0, 0,True
0, 0, 0, 1, 0, 0, 0, 13, 0, 0, 0, 0, 0, 0, 0, 0, 1, 0, 0, 0, 13, 0, 0, 0, 0, 0, 0, 0, 0, 1, 0, 0, 0, 13, 0, 0, 0, 0, 0, 0, 0, 0, 1, 0, 0, 0, 13, 0, 0, 0, 0, 0, 0, 0, 0, 1, 0, 0, 0, 13, 0, 0, 0, 0, 0,True
0, 0, 0, 1, 0, 1, 0, 29, 0, 0, 0, 0, 0, 0, 0, 0, 1, 0, 1, 0, 29, 0, 0, 0, 0, 0, 0, 0, 0, 1, 0, 1, 0, 29, 0, 0, 0, 0, 0, 0, 0, 0, 1, 0, 1, 0, 29, 0, 0, 0, 0, 0, 0, 0, 0, 1, 0, 1, 0, 29, 0, 0, 0, 0, 0,True
0, 0, 0, 1, 0, 0, 1, 29, 0, 0, 0, 0, 0, 0, 0, 0, 1, 0, 0, 1, 29, 0, 0, 0, 0, 0, 0, 0, 0, 1, 0, 0, 1, 29, 0, 0, 0, 0, 0, 0, 0, 0, 1, 0, 0, 1, 29, 0, 0, 0, 0, 0, 0, 0, 0, 1, 0, 0, 1, 29, 0, 0, 0, 0, 0,True
2, 4, 0, 1, 1, 0, 0, 5, 6, 0, 0, 0, 0, 8, 10, 0, 12, 5, 5, 0, 5, 9, 0, 4, 0, 0, 13, 23, 1, 19, 7, 7, 0, 5, 30, 12, 11, 5, 1, 14, 33, 1, 41, 7, 16, 0, 5, 40, 13, 11, 5, 1, 16, 35, 1, 41, 7, 16, 0, 5, 53, 16, 26, 13, 1,True
0, 0, 0, 1, 0, 1, 0, 9, 0, 0, 0, 0, 0, 0, 0, 0, 1, 0, 1, 0, 9, 0, 0, 0, 0, 0, 0, 0, 0, 1, 0, 1, 0, 9, 0, 0, 0, 0, 0, 0, 0, 0, 1, 0, 1, 0, 9, 0, 0, 0, 0, 0, 0, 0, 0, 1, 0, 1, 0, 9, 0, 0, 0, 0, 0,True
2, 4, 0, 1, 1, 0, 0, 5, 6, 0, 0, 0, 0, 8, 10, 0, 12, 5, 5, 0, 5, 9, 0, 4, 0, 0, 13, 23, 1, 19, 7, 7, 0, 5, 30, 12, 11, 5, 1, 14, 33, 1, 41, 7, 16, 0, 5, 40, 13, 11, 5, 1, 16, 35, 1, 41, 7, 16, 0, 5, 53, 16, 26, 13, 1,True
0, 0, 0, 1, 0, 0, 1, 9, 0, 0, 0, 0, 0, 0, 0, 0, 1, 0, 0, 1, 9, 0, 0, 0, 0, 0, 0, 0, 0, 1, 0, 0, 1, 9, 0, 0, 0, 0, 0, 0, 0, 0, 1, 0, 0, 1, 9, 0, 0, 0, 0, 0, 0, 0, 0, 1, 0, 0, 1, 9, 0, 0, 0, 0, 0,True
0, 0, 0, 1, 0, 1, 0, 5, 0, 0, 1, 0, 1, 4, 8, 0, 23, 0, 16, 4, 5, 8, 0, 1, 0, 1, 9, 21, 0, 30, 7, 16, 4, 5, 23, 5, 14, 0, 1, 12, 51, 1, 62, 12, 22, 12, 5, 52, 5, 15, 0, 1, 12, 57, 1, 65, 14, 23, 12, 5, 72, 6, 17, 16, 1,True
0, 0, 0, 1, 0, 1, 0, 7, 0, 0, 0, 0, 0, 0, 0, 0, 1, 0, 1, 0, 7, 0, 0, 0, 0, 0, 0, 0, 0, 1, 0, 1, 0, 7, 0, 0, 0, 0, 0, 0, 0, 0, 1, 0, 1, 0, 7, 0, 0, 0, 0, 0, 0, 0, 0, 1, 0, 1, 0, 7, 0, 0, 0, 0, 0,True
0, 0, 0, 1, 0, 1, 0, 5, 0, 0, 2, 0, 0, 1, 1, 0, 3, 0, 2, 0, 5, 0, 0, 3, 0, 0, 4, 4, 1, 6, 2, 3, 0, 5, 4, 0, 3, 0, 1, 9, 19, 1, 34, 2, 18, 5, 5, 18, 0, 6, 0, 1, 12, 30, 1, 43, 10, 19, 5, 5, 36, 7, 17, 3, 1,True
0, 0, 0, 1, 1, 0, 0, 5, 0, 0, 0, 0, 0, 0, 0, 0, 1, 1, 0, 0, 5, 0, 0, 0, 0, 0, 0, 0, 0, 1, 1, 0, 0, 5, 0, 0, 0, 0, 0, 0, 0, 0, 1, 1, 0, 0, 5, 0, 0, 0, 0, 0, 0, 0, 0, 1, 1, 0, 0, 5, 0, 0, 0, 0, 0,True
0, 0, 0, 1, 0, 1, 0, 5, 5, 5, 2, 0, 0, 0, 0, 0, 14, 0, 9, 1, 5, 5, 5, 2, 0, 0, 0, 0, 0, 14, 0, 9, 1, 5, 17, 11, 5, 0, 1, 0, 1, 0, 21, 0, 10, 1, 5, 18, 11, 5, 0, 1, 0, 1, 0, 22, 1, 10, 1, 5, 26, 14, 8, 0, 1,False
0, 0, 0, 1, 0, 0, 1, 7, 0, 0, 0, 0, 0, 0, 0, 0, 1, 0, 0, 1, 7, 0, 0, 0, 0, 0, 0, 0, 0, 1, 0, 0, 1, 7, 0, 0, 0, 0, 0, 0, 0, 0, 1, 0, 0, 1, 7, 0, 0, 0, 0, 0, 0, 0, 0, 1, 0, 0, 1, 7, 0, 0, 0, 0, 0,True
0, 0, 0, 1, 0, 1, 0, 5, 4, 5, 2, 0, 0, 0, 0, 0, 16, 0, 10, 1, 5, 4, 5, 2, 0, 0, 0, 0, 0, 16, 0, 10, 1, 5, 21, 11, 5, 0, 1, 0, 1, 0, 22, 0, 10, 1, 5, 22, 11, 5, 0, 1, 0, 1, 0, 23, 1, 10, 1, 5, 27, 15, 9, 0, 1,True
0, 2, 0, 1, 1, 0, 0, 2, 4, 0, 0, 9, 0, 0, 3, 0, 23, 9, 3, 0, 2, 5, 0, 0, 9, 0, 3, 195, 0, 24, 10, 3, 0, 2, 208, 19, 64, 18, 1, 4, 224, 1, 116, 24, 21, 0, 2, 227, 19, 74, 18, 1, 6, 254, 2, 131, 34, 21, 0, 2, 312, 34, 104, 72, 1,True
0, 0, 0, 1, 1, 0, 0, 5, 0, 0, 0, 0, 0, 0, 0, 0, 1, 1, 0, 0, 5, 0, 0, 0, 0, 0, 0, 0, 0, 1, 1, 0, 0, 5, 0, 0, 0, 0, 0, 0, 0, 0, 1, 1, 0, 0, 5, 0, 0, 0, 0, 0, 0, 0, 0, 1, 1, 0, 0, 5, 0, 0, 0, 0, 0,True
0, 0, 0, 1, 1, 0, 0, 5, 2, 1, 0, 1, 0, 0, 1, 0, 23, 8, 4, 8, 5, 2, 1, 1, 1, 0, 5, 10, 0, 24, 9, 4, 8, 5, 11, 1, 9, 1, 1, 6, 16, 1, 48, 14, 18, 8, 5, 19, 1, 10, 1, 1, 9, 29, 1, 52, 16, 18, 8, 5, 45, 7, 17, 6, 1,True
0, 0, 0, 1, 0, 1, 0, 7, 0, 0, 0, 0, 0, 0, 0, 0, 1, 0, 1, 0, 7, 0, 0, 0, 0, 0, 0, 0, 0, 1, 0, 1, 0, 7, 0, 0, 0, 0, 0, 0, 0, 0, 1, 0, 1, 0, 7, 0, 0, 0, 0, 0, 0, 0, 0, 1, 0, 1, 0, 7, 0, 0, 0, 0, 0,True
5, 5, 0, 1, 0, 0, 1, 9, 10, 2, 0, 0, 0, 9, 11, 0, 45, 12, 21, 2, 9, 16, 2, 0, 0, 1, 21, 58, 0, 63, 14, 35, 3, 9, 75, 15, 6, 4, 1, 22, 66, 0, 93, 19, 36, 3, 9, 84, 16, 6, 4, 1, 22, 77, 0, 98, 21, 36, 3, 9, 116, 24, 9, 22, 1,True
0, 0, 0, 1, 0, 1, 0, 7, 0, 0, 0, 0, 0, 0, 0, 0, 1, 0, 1, 0, 7, 0, 0, 0, 0, 0, 0, 0, 0, 1, 0, 1, 0, 7, 0, 0, 0, 0, 0, 0, 0, 0, 1, 0, 1, 0, 7, 0, 0, 0, 0, 0, 0, 0, 0, 1, 0, 1, 0, 7, 0, 0, 0, 0, 0,True
0, 2, 0, 1, 1, 0, 0, 2, 4, 0, 0, 9, 0, 0, 3, 0, 23, 9, 3, 0, 2, 5, 0, 0, 9, 0, 3, 195, 0, 24, 10, 3, 0, 2, 208, 19, 64, 18, 1, 4, 224, 1, 116, 24, 21, 0, 2, 227, 19, 74, 18, 1, 6, 254, 2, 131, 34, 21, 0, 2, 312, 34, 104, 72, 1,True
0, 0, 0, 1, 1, 0, 0, 5, 2, 1, 0, 1, 0, 0, 1, 0, 23, 8, 4, 8, 5, 2, 1, 1, 1, 0, 5, 10, 0, 24, 9, 4, 8, 5, 11, 1, 9, 1, 1, 6, 16, 1, 48, 14, 18, 8, 5, 19, 1, 10, 1, 1, 9, 29, 1, 52, 16, 18, 8, 5, 45, 7, 17, 6, 1,True
4, 4, 0, 1, 0, 0, 0, 5, 4, 0, 0, 0, 0, 7, 7, 0, 16, 2, 1, 3, 5, 7, 0, 0, 0, 0, 8, 14, 1, 20, 4, 3, 3, 5, 21, 1, 1, 4, 1, 8, 27, 3, 52, 11, 22, 4, 5, 35, 1, 2, 4, 1, 8, 59, 3, 58, 14, 23, 4, 5, 72, 6, 13, 6, 1,False
0, 0, 0, 1, 0, 1, 0, 5, 0, 0, 0, 0, 0, 0, 0, 0, 1, 0, 1, 0, 5, 0, 0, 0, 0, 0, 0, 0, 0, 1, 0, 1, 0, 5, 0, 0, 0, 0, 0, 0, 0, 0, 1, 0, 1, 0, 5, 0, 0, 0, 0, 0, 0, 0, 0, 1, 0, 1, 0, 5, 0, 0, 0, 0, 0,True
3, 3, 0, 1, 0, 0, 0, 5, 3, 0, 0, 0, 0, 6, 6, 0, 11, 2, 1, 2, 5, 6, 0, 0, 0, 0, 8, 13, 1, 15, 4, 3, 2, 5, 18, 1, 1, 1, 1, 8, 24, 3, 49, 11, 21, 4, 5, 30, 1, 2, 1, 1, 8, 57, 3, 53, 12, 22, 4, 5, 70, 5, 13, 6, 1,True
5, 5, 0, 1, 0, 0, 1, 9, 10, 2, 0, 0, 0, 9, 11, 0, 45, 12, 21, 2, 9, 16, 2, 0, 0, 1, 21, 58, 0, 63, 14, 35, 3, 9, 75, 15, 6, 4, 1, 22, 66, 0, 93, 19, 36, 3, 9, 84, 16, 6, 4, 1, 22, 77, 0, 98, 21, 36, 3, 9, 116, 24, 9, 22, 1,True
3, 3, 0, 1, 0, 1, 0, 4, 3, 0, 0, 0, 0, 5, 5, 0, 21, 1, 14, 1, 4, 3, 0, 2, 0, 0, 17, 19, 1, 24, 3, 15, 1, 4, 21, 0, 4, 0, 1, 39, 45, 3, 101, 43, 32, 4, 4, 42, 0, 9, 0, 1, 56, 265, 3, 108, 49, 32, 4, 4, 288, 27, 87, 18, 1,True
0, 0, 0, 1, 0, 0, 1, 5, 0, 0, 0, 0, 0, 0, 0, 0, 1, 0, 0, 1, 5, 0, 0, 0, 0, 0, 0, 0, 0, 1, 0, 0, 1, 5, 0, 0, 0, 0, 0, 0, 0, 0, 1, 0, 0, 1, 5, 0, 0, 0, 0, 0, 0, 0, 0, 1, 0, 0, 1, 5, 0, 0, 0, 0, 0,True
0, 1, 0, 1, 0, 0, 1, 9, 3, 0, 0, 0, 0, 0, 3, 0, 20, 5, 12, 2, 9, 5, 0, 0, 0, 0, 7, 33, 0, 22, 7, 12, 2, 9, 46, 3, 4, 0, 0, 8, 44, 1, 63, 14, 21, 5, 9, 57, 3, 4, 0, 1, 8, 69, 3, 75, 16, 30, 5, 9, 93, 9, 11, 8, 1,True
0, 1, 0, 1, 0, 1, 0, 9, 4, 0, 1, 0, 0, 0, 2, 0, 8, 1, 3, 2, 9, 5, 0, 1, 0, 0, 0, 7, 0, 9, 2, 3, 2, 9, 14, 2, 2, 0, 0, 0, 11, 0, 26, 6, 14, 2, 9, 18, 2, 2, 0, 0, 7, 36, 0, 27, 7, 14, 2, 9, 51, 5, 5, 1, 0,True
0, 0, 0, 1, 0, 0, 1, 18, 0, 0, 0, 0, 0, 0, 0, 0, 1, 0, 0, 1, 18, 0, 0, 0, 0, 0, 0, 0, 0, 1, 0, 0, 1, 18, 0, 0, 0, 0, 0, 0, 0, 0, 1, 0, 0, 1, 18, 0, 0, 0, 0, 0, 0, 0, 0, 1, 0, 0, 1, 18, 0, 0, 0, 0, 0,True
2, 2, 0, 1, 0, 1, 0, 4, 2, 0, 0, 0, 0, 4, 4, 0, 20, 1, 14, 1, 4, 2, 0, 2, 0, 0, 17, 19, 1, 23, 3, 15, 1, 4, 21, 0, 4, 0, 1, 39, 45, 3, 101, 43, 32, 4, 4, 42, 0, 9, 0, 1, 56, 265, 3, 108, 49, 32, 4, 4, 288, 27, 87, 18, 1,True
0, 0, 0, 1, 0, 1, 0, 4, 0, 0, 0, 0, 0, 0, 0, 0, 1, 0, 1, 0, 4, 0, 0, 0, 0, 0, 0, 0, 0, 1, 0, 1, 0, 4, 0, 0, 0, 0, 0, 0, 0, 0, 1, 0, 1, 0, 4, 0, 0, 0, 0, 0, 0, 0, 0, 1, 0, 1, 0, 4, 0, 0, 0, 0, 0,True
0, 0, 0, 1, 0, 1, 0, 5, 1, 0, 0, 0, 0, 0, 0, 0, 8, 0, 7, 0, 5, 1, 0, 0, 0, 0, 0, 4, 0, 8, 0, 7, 0, 5, 9, 1, 2, 0, 0, 0, 8, 0, 29, 5, 14, 2, 5, 13, 1, 2, 0, 0, 7, 35, 0, 33, 9, 14, 2, 5, 49, 6, 5, 0, 0,True
0, 0, 0, 1, 0, 1, 0, 4, 0, 0, 0, 0, 0, 0, 0, 0, 1, 0, 1, 0, 4, 0, 0, 0, 0, 0, 0, 0, 0, 1, 0, 1, 0, 4, 0, 0, 0, 0, 0, 0, 0, 0, 1, 0, 1, 0, 4, 0, 0, 0, 0, 0, 0, 0, 0, 1, 0, 1, 0, 4, 0, 0, 0, 0, 0,True
0, 0, 0, 1, 0, 0, 1, 18, 0, 0, 0, 0, 0, 0, 0, 0, 1, 0, 0, 1, 18, 0, 0, 0, 0, 0, 0, 0, 0, 1, 0, 0, 1, 18, 0, 0, 0, 0, 0, 0, 0, 0, 1, 0, 0, 1, 18, 0, 0, 0, 0, 0, 0, 0, 0, 1, 0, 0, 1, 18, 0, 0, 0, 0, 0,True
0, 1, 0, 1, 0, 1, 0, 5, 3, 0, 0, 0, 0, 0, 3, 0, 20, 5, 11, 2, 5, 5, 0, 0, 0, 0, 6, 32, 0, 22, 7, 11, 2, 5, 41, 1, 3, 0, 0, 7, 43, 0, 50, 12, 15, 5, 5, 52, 1, 3, 0, 1, 8, 65, 3, 65, 16, 25, 5, 5, 83, 7, 9, 5, 1,True
0, 0, 0, 1, 1, 0, 0, 5, 0, 0, 0, 0, 0, 0, 0, 0, 1, 1, 0, 0, 5, 0, 0, 0, 0, 0, 0, 0, 0, 1, 1, 0, 0, 5, 0, 0, 0, 0, 0, 0, 0, 0, 1, 1, 0, 0, 5, 0, 0, 0, 0, 0, 0, 0, 0, 1, 1, 0, 0, 5, 0, 0, 0, 0, 0,True
1, 1, 0, 1, 1, 0, 0, 15, 1, 0, 0, 1, 0, 1, 1, 0, 5, 3, 0, 0, 15, 1, 0, 0, 1, 0, 1, 5, 0, 5, 3, 0, 0, 15, 8, 6, 0, 1, 1, 13, 18, 1, 74, 37, 28, 2, 15, 21, 6, 0, 1, 1, 43, 208, 1, 76, 39, 28, 2, 15, 227, 23, 80, 1, 1,True
0, 0, 0, 1, 0, 1, 0, 5, 3, 0, 0, 0, 0, 0, 4, 0, 21, 1, 14, 2, 5, 5, 0, 2, 0, 0, 0, 8, 1, 27, 4, 15, 2, 5, 22, 6, 8, 2, 0, 0, 22, 2, 65, 11, 22, 7, 5, 33, 6, 11, 2, 1, 0, 72, 3, 76, 15, 25, 7, 5, 98, 14, 31, 7, 1,True
0, 0, 0, 1, 0, 1, 0, 5, 0, 0, 0, 0, 0, 0, 0, 0, 1, 0, 1, 0, 5, 0, 0, 0, 0, 0, 0, 0, 0, 1, 0, 1, 0, 5, 0, 0, 0, 0, 0, 0, 0, 0, 1, 0, 1, 0, 5, 0, 0, 0, 0, 0, 0, 0, 0, 1, 0, 1, 0, 5, 0, 0, 0, 0, 0,True
0, 0, 0, 1, 1, 0, 0, 8, 4, 0, 1, 0, 1, 4, 9, 0, 34, 11, 19, 3, 8, 13, 0, 1, 0, 1, 11, 52, 0, 42, 17, 19, 3, 8, 65, 4, 9, 5, 1, 11, 69, 0, 75, 20, 25, 5, 8, 82, 4, 13, 5, 1, 12, 82, 0, 77, 21, 25, 5, 8, 118, 18, 18, 34, 1,True
0, 0, 0, 1, 1, 0, 0, 5, 0, 0, 0, 0, 0, 0, 0, 0, 1, 1, 0, 0, 5, 0, 0, 0, 0, 0, 0, 0, 0, 1, 1, 0, 0, 5, 0, 0, 0, 0, 0, 0, 0, 0, 1, 1, 0, 0, 5, 0, 0, 0, 0, 0, 0, 0, 0, 1, 1, 0, 0, 5, 0, 0, 0, 0, 0,True
1, 1, 0, 1, 1, 0, 0, 15, 1, 0, 0, 0, 0, 1, 1, 0, 3, 2, 0, 0, 15, 1, 0, 0, 0, 0, 1, 1, 0, 3, 2, 0, 0, 15, 1, 0, 0, 1, 0, 1, 1, 0, 5, 3, 0, 0, 15, 1, 0, 0, 1, 0, 1, 5, 0, 5, 3, 0, 0, 15, 8, 6, 0, 1, 1,True
0, 0, 0, 1, 0, 1, 0, 5, 3, 0, 0, 0, 0, 0, 4, 0, 21, 1, 14, 2, 5, 5, 0, 2, 0, 0, 0, 8, 1, 27, 4, 15, 2, 5, 22, 6, 8, 2, 0, 0, 22, 2, 65, 11, 22, 7, 5, 33, 6, 11, 2, 1, 0, 72, 3, 76, 15, 25, 7, 5, 98, 14, 31, 7, 1,True
0, 7, 0, 1, 0, 0, 0, 8, 1, 0, 6, 0, 1, 3, 17, 0, 19, 4, 13, 0, 8, 13, 0, 6, 6, 1, 10, 43, 0, 28, 8, 14, 0, 8, 40, 18, 36, 12, 1, 10, 60, 0, 67, 15, 23, 3, 8, 58, 21, 39, 12, 1, 12, 117, 0, 68, 15, 23, 3, 8, 134, 25, 46, 32, 1,True
0, 0, 0, 1, 1, 0, 0, 8, 4, 0, 0, 0, 0, 0, 0, 0, 25, 11, 10, 3, 8, 4, 0, 0, 0, 0, 11, 47, 0, 25, 11, 10, 3, 8, 58, 4, 8, 3, 1, 11, 55, 0, 70, 18, 25, 5, 8, 68, 4, 8, 3, 1, 12, 72, 0, 76, 21, 25, 5, 8, 106, 13, 18, 31, 1,True
0, 7, 0, 1, 0, 0, 0, 8, 1, 0, 6, 0, 1, 3, 17, 0, 19, 4, 13, 0, 8, 13, 0, 6, 6, 1, 10, 43, 0, 28, 8, 14, 0, 8, 40, 18, 36, 12, 1, 10, 60, 0, 67, 15, 23, 3, 8, 58, 21, 39, 12, 1, 12, 117, 0, 68, 15, 23, 3, 8, 134, 25, 46, 32, 1,True
0, 6, 0, 1, 1, 0, 0, 5, 8, 0, 0, 0, 0, 0, 9, 0, 20, 6, 7, 4, 5, 11, 0, 0, 0, 0, 0, 45, 0, 23, 9, 7, 4, 5, 58, 1, 5, 1, 0, 0, 80, 1, 66, 17, 21, 10, 5, 87, 1, 20, 1, 1, 0, 100, 3, 102, 40, 26, 10, 5, 135, 12, 40, 27, 1,True
0, 0, 0, 1, 0, 1, 0, 5, 0, 0, 0, 0, 0, 0, 0, 0, 1, 0, 1, 0, 5, 0, 0, 0, 0, 0, 0, 0, 0, 1, 0, 1, 0, 5, 0, 0, 0, 0, 0, 0, 0, 0, 1, 0, 1, 0, 5, 0, 0, 0, 0, 0, 0, 0, 0, 1, 0, 1, 0, 5, 0, 0, 0, 0, 0,True
0, 0, 0, 1, 0, 0, 1, 14, 0, 0, 0, 0, 0, 0, 0, 0, 1, 0, 0, 1, 14, 0, 0, 0, 0, 0, 0, 0, 0, 1, 0, 0, 1, 14, 0, 0, 0, 0, 0, 0, 0, 0, 1, 0, 0, 1, 14, 0, 0, 0, 0, 0, 0, 0, 0, 1, 0, 0, 1, 14, 0, 0, 0, 0, 0,True
0, 0, 0, 1, 1, 0, 0, 14, 0, 0, 0, 0, 0, 0, 0, 0, 1, 1, 0, 0, 14, 0, 0, 0, 0, 0, 0, 0, 0, 1, 1, 0, 0, 14, 0, 0, 0, 0, 0, 0, 0, 0, 1, 1, 0, 0, 14, 0, 0, 0, 0, 0, 0, 0, 0, 1, 1, 0, 0, 14, 0, 0, 0, 0, 0,True
0, 7, 0, 1, 1, 0, 0, 5, 9, 0, 0, 0, 0, 0, 10, 0, 21, 7, 7, 4, 5, 12, 0, 0, 0, 0, 0, 47, 0, 23, 9, 7, 4, 5, 61, 1, 6, 3, 0, 0, 80, 1, 66, 17, 21, 10, 5, 88, 1, 20, 3, 1, 0, 100, 3, 102, 40, 26, 10, 5, 135, 12, 40, 27, 1,True
0, 0, 0, 1, 0, 1, 0, 5, 0, 0, 0, 0, 0, 0, 0, 0, 1, 0, 1, 0, 5, 0, 0, 0, 0, 0, 0, 0, 0, 1, 0, 1, 0, 5, 0, 0, 0, 0, 0, 0, 0, 0, 1, 0, 1, 0, 5, 0, 0, 0, 0, 0, 0, 0, 0, 1, 0, 1, 0, 5, 0, 0, 0, 0, 0,True
0, 0, 0, 1, 1, 0, 0, 6, 0, 0, 0, 0, 0, 0, 0, 0, 1, 1, 0, 0, 6, 0, 0, 0, 0, 0, 0, 0, 0, 1, 1, 0, 0, 6, 0, 0, 0, 0, 0, 0, 0, 0, 1, 1, 0, 0, 6, 0, 0, 0, 0, 0, 0, 0, 0, 1, 1, 0, 0, 6, 0, 0, 0, 0, 0,True
0, 0, 0, 1, 1, 0, 0, 5, 0, 0, 0, 0, 0, 0, 0, 0, 1, 1, 0, 0, 5, 0, 0, 0, 0, 0, 0, 0, 0, 1, 1, 0, 0, 5, 0, 0, 0, 0, 0, 0, 0, 0, 1, 1, 0, 0, 5, 0, 0, 0, 0, 0, 0, 0, 0, 1, 1, 0, 0, 5, 0, 0, 0, 0, 0,True
5, 7, 0, 1, 1, 0, 0, 5, 7, 0, 0, 0, 0, 5, 7, 0, 8, 1, 1, 0, 5, 7, 0, 0, 0, 0, 5, 7, 0, 8, 1, 1, 0, 5, 8, 1, 0, 1, 0, 5, 7, 0, 9, 1, 1, 0, 5, 8, 1, 0, 1, 0, 5, 7, 0, 9, 1, 1, 0, 5, 9, 2, 0, 2, 0,True
0, 0, 0, 1, 1, 0, 0, 6, 0, 0, 0, 0, 0, 0, 0, 0, 1, 1, 0, 0, 6, 0, 0, 0, 0, 0, 0, 0, 0, 1, 1, 0, 0, 6, 0, 0, 0, 0, 0, 0, 0, 0, 1, 1, 0, 0, 6, 0, 0, 0, 0, 0, 0, 0, 0, 1, 1, 0, 0, 6, 0, 0, 0, 0, 0,True
0, 0, 0, 1, 1, 0, 0, 5, 0, 0, 0, 0, 0, 0, 0, 0, 1, 1, 0, 0, 5, 0, 0, 0, 0, 0, 0, 0, 0, 1, 1, 0, 0, 5, 0, 0, 0, 0, 0, 0, 0, 0, 1, 1, 0, 0, 5, 0, 0, 0, 0, 0, 0, 0, 0, 1, 1, 0, 0, 5, 0, 0, 0, 0, 0,True
0, 0, 0, 1, 0, 1, 0, 16, 0, 0, 0, 0, 0, 0, 0, 0, 1, 0, 1, 0, 16, 0, 0, 0, 0, 0, 0, 0, 0, 1, 0, 1, 0, 16, 0, 0, 0, 0, 0, 0, 0, 0, 1, 0, 1, 0, 16, 0, 0, 0, 0, 0, 0, 0, 0, 1, 0, 1, 0, 16, 0, 0, 0, 0, 0,True
0, 12, 0, 1, 0, 1, 0, 5, 14, 0, 0, 0, 1, 0, 32, 0, 70, 1, 52, 9, 5, 22, 0, 12, 0, 1, 34, 92, 0, 73, 2, 53, 9, 5, 98, 59, 64, 9, 1, 77, 157, 1, 182, 15, 75, 14, 5, 125, 68, 126, 9, 1, 95, 199, 1, 184, 15, 75, 14, 5, 187, 86, 161, 100, 1,True
0, 0, 0, 1, 0, 1, 0, 16, 0, 0, 0, 0, 0, 0, 0, 0, 1, 0, 1, 0, 16, 0, 0, 0, 0, 0, 0, 0, 0, 1, 0, 1, 0, 16, 0, 0, 0, 0, 0, 0, 0, 0, 1, 0, 1, 0, 16, 0, 0, 0, 0, 0, 0, 0, 0, 1, 0, 1, 0, 16, 0, 0, 0, 0, 0,True
0, 0, 0, 1, 0, 1, 0, 9, 0, 0, 0, 0, 0, 0, 0, 0, 1, 0, 1, 0, 9, 0, 0, 0, 0, 0, 0, 0, 0, 1, 0, 1, 0, 9, 0, 0, 0, 0, 0, 0, 0, 0, 1, 0, 1, 0, 9, 0, 0, 0, 0, 0, 0, 0, 0, 1, 0, 1, 0, 9, 0, 0, 0, 0, 0,True
0, 0, 0, 1, 0, 0, 0, 27, 0, 0, 0, 0, 0, 0, 0, 0, 1, 0, 0, 0, 27, 0, 0, 0, 0, 0, 0, 0, 0, 1, 0, 0, 0, 27, 0, 0, 0, 0, 0, 0, 0, 0, 1, 0, 0, 0, 27, 0, 0, 0, 0, 0, 0, 0, 0, 1, 0, 0, 0, 27, 0, 0, 0, 0, 0,True
1, 21, 0, 1, 1, 0, 0, 5, 21, 0, 8, 0, 0, 3, 23, 0, 25, 13, 10, 0, 5, 22, 3, 19, 0, 0, 11, 88, 0, 31, 16, 11, 2, 5, 93, 4, 30, 14, 1, 18, 100, 0, 82, 17, 47, 5, 5, 102, 5, 34, 14, 1, 24, 129, 1, 87, 20, 48, 5, 5, 139, 8, 59, 34, 1,True
0, 0, 0, 1, 0, 0, 0, 6, 0, 0, 0, 0, 0, 0, 0, 0, 1, 0, 0, 0, 6, 0, 0, 0, 0, 0, 0, 0, 0, 1, 0, 0, 0, 6, 0, 0, 0, 0, 0, 0, 0, 0, 1, 0, 0, 0, 6, 0, 0, 0, 0, 0, 0, 0, 0, 1, 0, 0, 0, 6, 0, 0, 0, 0, 0,True
1, 21, 0, 1, 1, 0, 0, 5, 21, 0, 8, 0, 0, 3, 23, 0, 25, 13, 10, 0, 5, 22, 3, 19, 0, 0, 11, 88, 0, 31, 16, 11, 2, 5, 93, 4, 30, 14, 1, 18, 100, 0, 82, 17, 47, 5, 5, 102, 5, 34, 14, 1, 24, 129, 1, 87, 20, 48, 5, 5, 139, 8, 59, 34, 1,True
0, 0, 0, 1, 0, 0, 0, 27, 0, 0, 0, 0, 0, 0, 0, 0, 2, 0, 0, 0, 27, 0, 0, 0, 0, 0, 0, 0, 0, 2, 0, 0, 0, 27, 1, 0, 0, 0, 0, 0, 0, 0, 3, 0, 1, 0, 27, 1, 0, 0, 0, 0, 0, 0, 0, 3, 0, 1, 0, 27, 8, 4, 0, 0, 1,True
0, 0, 0, 1, 0, 1, 0, 9, 0, 0, 0, 0, 0, 0, 0, 0, 1, 0, 1, 0, 9, 0, 0, 0, 0, 0, 0, 0, 0, 1, 0, 1, 0, 9, 0, 0, 0, 0, 0, 0, 0, 0, 1, 0, 1, 0, 9, 0, 0, 0, 0, 0, 0, 0, 0, 1, 0, 1, 0, 9, 0, 0, 0, 0, 0,True
0, 12, 0, 1, 0, 1, 0, 5, 14, 0, 0, 0, 1, 0, 32, 0, 70, 1, 52, 9, 5, 22, 0, 12, 0, 1, 34, 92, 0, 73, 2, 53, 9, 5, 98, 59, 64, 9, 1, 77, 157, 1, 182, 15, 75, 14, 5, 125, 68, 126, 9, 1, 95, 199, 1, 184, 15, 75, 14, 5, 187, 86, 161, 100, 1,True
0, 0, 0, 1, 0, 0, 0, 6, 0, 0, 0, 0, 0, 0, 0, 0, 1, 0, 0, 0, 6, 0, 0, 0, 0, 0, 0, 0, 0, 1, 0, 0, 0, 6, 0, 0, 0, 0, 0, 0, 0, 0, 1, 0, 0, 0, 6, 0, 0, 0, 0, 0, 0, 0, 0, 1, 0, 0, 0, 6, 0, 0, 0, 0, 0,True
0, 0, 0, 1, 1, 0, 0, 15, 0, 0, 0, 0, 0, 0, 0, 0, 1, 1, 0, 0, 15, 0, 0, 0, 0, 0, 0, 0, 0, 1, 1, 0, 0, 15, 0, 0, 0, 0, 0, 0, 0, 0, 1, 1, 0, 0, 15, 0, 0, 0, 0, 0, 0, 0, 0, 1, 1, 0, 0, 15, 0, 0, 0, 0, 0,True
0, 3, 0, 1, 1, 0, 0, 14, 4, 0, 0, 0, 0, 0, 4, 0, 12, 3, 6, 1, 14, 5, 0, 0, 0, 0, 2, 18, 0, 15, 4, 7, 2, 14, 29, 4, 2, 5, 1, 11, 42, 0, 39, 8, 17, 4, 14, 50, 4, 7, 5, 1, 21, 63, 1, 46, 12, 17, 4, 14, 74, 8, 25, 13, 1,False
0, 0, 0, 1, 0, 1, 0, 14, 3, 0, 0, 0, 0, 0, 0, 0, 7, 1, 3, 1, 14, 3, 0, 0, 0, 0, 1, 4, 0, 7, 1, 3, 1, 14, 10, 2, 1, 0, 1, 3, 8, 0, 30, 4, 17, 3, 14, 12, 2, 3, 0, 1, 13, 36, 1, 33, 7, 17, 3, 14, 43, 6, 17, 8, 1,True
0, 4, 0, 1, 0, 1, 0, 6, 7, 0, 0, 1, 0, 0, 9, 0, 15, 5, 5, 3, 6, 12, 0, 0, 1, 0, 8, 33, 0, 16, 6, 5, 3, 6, 40, 6, 6, 5, 1, 19, 51, 0, 42, 10, 17, 4, 6, 58, 6, 11, 8, 1, 21, 63, 1, 47, 13, 17, 4, 6, 85, 8, 25, 19, 1,True
0, 0, 0, 1, 1, 0, 0, 15, 0, 0, 0, 0, 0, 0, 0, 0, 1, 1, 0, 0, 15, 0, 0, 0, 0, 0, 0, 0, 0, 1, 1, 0, 0, 15, 0, 0, 0, 0, 0, 0, 0, 0, 1, 1, 0, 0, 15, 0, 0, 0, 0, 0, 0, 0, 0, 1, 1, 0, 0, 15, 0, 0, 0, 0, 0,True
0, 5, 0, 1, 1, 0, 0, 6, 5, 1, 0, 0, 0, 0, 8, 0, 8, 4, 1, 1, 6, 8, 1, 0, 0, 0, 0, 17, 0, 8, 4, 1, 1, 6, 20, 2, 3, 3, 0, 0, 18, 0, 15, 5, 5, 3, 6, 21, 2, 3, 3, 0, 8, 33, 0, 16, 6, 5, 3, 6, 40, 6, 6, 5, 1,True
0, 0, 0, 1, 0, 0, 0, 19, 0, 0, 0, 0, 0, 0, 0, 0, 1, 0, 0, 0, 19, 0, 0, 0, 0, 0, 0, 0, 0, 1, 0, 0, 0, 19, 0, 0, 0, 0, 0, 0, 0, 0, 1, 0, 0, 0, 19, 0, 0, 0, 0, 0, 0, 0, 0, 1, 0, 0, 0, 19, 0, 0, 0, 0, 0,True
0, 0, 0, 1, 0, 0, 0, 19, 0, 0, 0, 0, 0, 0, 0, 0, 1, 0, 0, 0, 19, 0, 0, 0, 0, 0, 0, 0, 0, 1, 0, 0, 0, 19, 0, 0, 0, 0, 0, 0, 0, 0, 1, 0, 0, 0, 19, 0, 0, 0, 0, 0, 0, 0, 0, 1, 0, 0, 0, 19, 0, 0, 0, 0, 0,True
0, 0, 0, 1, 1, 0, 0, 5, 0, 0, 0, 0, 0, 0, 0, 0, 1, 1, 0, 0, 5, 0, 0, 0, 0, 0, 0, 0, 0, 1, 1, 0, 0, 5, 0, 0, 0, 0, 0, 0, 0, 0, 1, 1, 0, 0, 5, 0, 0, 0, 0, 0, 0, 0, 0, 1, 1, 0, 0, 5, 0, 0, 0, 0, 0,True
0, 0, 0, 1, 1, 0, 0, 5, 0, 0, 0, 0, 0, 0, 0, 0, 1, 1, 0, 0, 5, 0, 0, 0, 0, 0, 0, 0, 0, 1, 1, 0, 0, 5, 0, 0, 0, 0, 0, 0, 0, 0, 1, 1, 0, 0, 5, 0, 0, 0, 0, 0, 0, 0, 0, 1, 1, 0, 0, 5, 0, 0, 0, 0, 0,True
0, 0, 0, 1, 0, 1, 0, 17, 0, 0, 0, 0, 0, 0, 0, 0, 1, 0, 1, 0, 17, 0, 0, 0, 0, 0, 0, 0, 0, 1, 0, 1, 0, 17, 0, 0, 0, 0, 0, 0, 0, 0, 1, 0, 1, 0, 17, 0, 0, 0, 0, 0, 0, 0, 0, 1, 0, 1, 0, 17, 0, 0, 0, 0, 0,True
0, 3, 0, 1, 1, 0, 0, 8, 4, 0, 0, 0, 0, 0, 5, 0, 11, 9, 0, 0, 8, 6, 0, 0, 0, 0, 1, 23, 0, 11, 9, 0, 0, 8, 30, 1, 4, 2, 0, 4, 29, 6, 34, 14, 12, 0, 8, 35, 1, 5, 2, 0, 7, 48, 7, 36, 15, 13, 0, 8, 60, 6, 9, 11, 1,False
0, 3, 0, 1, 1, 0, 0, 8, 4, 0, 0, 0, 0, 0, 5, 0, 10, 8, 0, 0, 8, 6, 0, 0, 0, 0, 1, 21, 0, 10, 8, 0, 0, 8, 28, 1, 3, 2, 0, 4, 26, 6, 33, 13, 12, 0, 8, 32, 1, 4, 2, 0, 7, 44, 7, 36, 15, 13, 0, 8, 56, 6, 8, 10, 1,False
0, 0, 0, 1, 0, 0, 0, 5, 0, 0, 0, 0, 0, 0, 0, 0, 1, 0, 0, 0, 5, 0, 0, 0, 0, 0, 0, 0, 0, 1, 0, 0, 0, 5, 0, 0, 0, 0, 0, 0, 0, 0, 1, 0, 0, 0, 5, 0, 0, 0, 0, 0, 0, 0, 0, 1, 0, 0, 0, 5, 0, 0, 0, 0, 0,False
0, 1, 0, 1, 1, 0, 0, 37, 2, 0, 1, 0, 0, 0, 2, 1, 7, 2, 3, 0, 37, 3, 0, 1, 0, 0, 3, 8, 2, 12, 5, 4, 0, 37, 13, 2, 5, 2, 1, 7, 27, 7, 49, 9, 33, 1, 37, 26, 2, 12, 4, 1, 12, 56, 8, 61, 15, 34, 4, 37, 66, 6, 18, 6, 1,False
0, 1, 0, 1, 1, 0, 0, 33, 2, 0, 1, 0, 0, 0, 2, 1, 6, 2, 2, 0, 33, 3, 0, 1, 0, 0, 3, 8, 2, 11, 5, 3, 0, 33, 11, 2, 5, 2, 1, 7, 31, 3, 37, 10, 19, 1, 33, 29, 2, 21, 12, 1, 9, 42, 8, 62, 22, 27, 4, 33, 48, 8, 26, 14, 1,False
0, 1, 0, 1, 1, 0, 0, 31, 2, 0, 1, 0, 0, 0, 2, 1, 6, 2, 2, 0, 31, 3, 0, 1, 0, 0, 3, 8, 2, 11, 5, 3, 0, 31, 11, 2, 5, 2, 1, 7, 31, 3, 37, 10, 19, 1, 31, 30, 2, 20, 12, 1, 10, 42, 8, 62, 21, 28, 4, 31, 49, 8, 24, 14, 1,False
1, 3, 0, 1, 1, 0, 0, 5, 4, 0, 0, 0, 0, 4, 8, 2, 11, 8, 0, 0, 5, 8, 0, 1, 0, 0, 5, 23, 3, 14, 9, 2, 0, 5, 25, 1, 5, 1, 0, 5, 24, 7, 33, 10, 15, 1, 5, 27, 1, 5, 1, 1, 6, 31, 8, 43, 10, 23, 1, 5, 43, 4, 7, 7, 1,True
0, 3, 0, 1, 1, 0, 0, 8, 4, 0, 0, 0, 0, 0, 5, 0, 11, 9, 0, 0, 8, 6, 0, 0, 0, 0, 1, 23, 0, 11, 9, 0, 0, 8, 30, 1, 4, 2, 0, 4, 29, 6, 34, 14, 12, 0, 8, 35, 1, 5, 2, 0, 7, 48, 7, 36, 15, 13, 0, 8, 60, 6, 9, 11, 1,True
0, 1, 0, 1, 1, 0, 0, 30, 2, 0, 1, 0, 0, 0, 2, 1, 6, 2, 2, 0, 30, 3, 0, 1, 0, 0, 3, 8, 2, 11, 5, 3, 0, 30, 13, 2, 5, 2, 1, 7, 31, 7, 48, 11, 29, 1, 30, 30, 2, 20, 12, 1, 10, 49, 8, 60, 18, 29, 4, 30, 61, 12, 24, 15, 1,False
0, 3, 0, 1, 1, 0, 0, 8, 4, 0, 0, 0, 0, 0, 5, 0, 10, 8, 0, 0, 8, 6, 0, 0, 0, 0, 1, 21, 0, 10, 8, 0, 0, 8, 28, 1, 3, 2, 0, 4, 26, 6, 33, 13, 12, 0, 8, 32, 1, 4, 2, 0, 7, 44, 7, 36, 15, 13, 0, 8, 56, 6, 8, 10, 1,True
0, 3, 0, 1, 1, 0, 0, 11, 4, 0, 0, 0, 0, 0, 5, 0, 10, 8, 0, 0, 11, 6, 0, 0, 0, 0, 1, 21, 0, 10, 8, 0, 0, 11, 28, 1, 3, 2, 0, 4, 26, 6, 37, 16, 13, 0, 11, 32, 1, 4, 2, 0, 7, 59, 7, 39, 17, 14, 0, 11, 71, 6, 9, 10, 1,False
3, 4, 0, 1, 1, 0, 0, 33, 4, 0, 2, 0, 0, 6, 7, 1, 14, 6, 4, 1, 33, 5, 0, 4, 0, 1, 8, 19, 4, 42, 14, 20, 3, 33, 22, 2, 16, 10, 1, 9, 51, 8, 62, 24, 27, 4, 33, 53, 3, 24, 12, 1, 9, 73, 8, 81, 32, 29, 4, 33, 87, 11, 27, 16, 1,True
3, 4, 0, 1, 1, 0, 0, 37, 6, 0, 2, 0, 0, 5, 6, 5, 26, 5, 17, 1, 37, 7, 0, 3, 0, 1, 11, 38, 8, 51, 11, 33, 3, 37, 49, 4, 11, 4, 1, 13, 66, 8, 78, 21, 35, 4, 37, 74, 4, 17, 4, 1, 13, 87, 8, 87, 23, 35, 5, 37, 117, 20, 24, 18, 1,True
0, 0, 0, 1, 0, 1, 0, 6, 0, 0, 1, 0, 0, 1, 1, 0, 4, 0, 3, 1, 6, 1, 0, 1, 0, 0, 4, 5, 0, 5, 1, 3, 1, 6, 3, 0, 4, 0, 1, 10, 15, 4, 32, 8, 20, 2, 6, 11, 0, 6, 0, 1, 11, 40, 4, 39, 14, 20, 3, 6, 45, 3, 6, 0, 1,False
3, 4, 0, 1, 1, 0, 0, 31, 4, 0, 2, 0, 0, 6, 7, 1, 14, 6, 4, 1, 31, 6, 0, 3, 0, 1, 9, 19, 4, 41, 13, 20, 3, 31, 23, 2, 14, 10, 1, 10, 49, 8, 62, 22, 28, 4, 31, 53, 3, 23, 12, 1, 10, 68, 8, 80, 29, 30, 4, 31, 84, 12, 26, 17, 1,True
3, 4, 0, 1, 1, 0, 0, 30, 6, 0, 2, 0, 0, 6, 7, 5, 28, 7, 16, 1, 30, 8, 0, 3, 0, 1, 10, 32, 8, 51, 14, 29, 3, 30, 45, 10, 17, 13, 1, 10, 61, 8, 78, 24, 31, 4, 30, 70, 10, 25, 13, 1, 10, 86, 8, 85, 27, 31, 4, 30, 113, 21, 31, 27, 1,True
0, 3, 0, 1, 1, 0, 0, 11, 4, 0, 0, 0, 0, 0, 5, 0, 10, 8, 0, 0, 11, 6, 0, 0, 0, 0, 1, 21, 0, 10, 8, 0, 0, 11, 28, 1, 3, 2, 0, 4, 26, 6, 37, 16, 13, 0, 11, 32, 1, 4, 2, 0, 7, 59, 7, 39, 17, 14, 0, 11, 71, 6, 9, 10, 1,True
2, 2, 0, 1, 0, 1, 0, 6, 1, 0, 3, 0, 0, 3, 3, 0, 10, 1, 7, 1, 6, 1, 0, 4, 0, 0, 7, 11, 1, 19, 7, 9, 2, 6, 15, 0, 4, 0, 1, 11, 33, 8, 52, 18, 25, 3, 6, 40, 3, 4, 0, 1, 11, 70, 8, 61, 19, 26, 3, 6, 82, 8, 9, 2, 1,True
3, 7, 0, 1, 1, 0, 0, 70, 8, 0, 2, 0, 0, 5, 9, 4, 19, 5, 11, 2, 70, 9, 0, 5, 0, 0, 8, 20, 4, 28, 6, 13, 4, 70, 26, 7, 9, 0, 1, 11, 24, 5, 67, 14, 28, 5, 70, 32, 8, 9, 1, 1, 13, 37, 5, 71, 16, 29, 5, 70, 51, 16, 14, 4, 1,True
0, 2, 0, 1, 1, 0, 0, 26, 4, 0, 0, 1, 0, 0, 8, 0, 12, 10, 0, 0, 26, 9, 0, 1, 2, 0, 1, 28, 1, 17, 12, 2, 0, 26, 34, 4, 2, 5, 1, 5, 42, 9, 76, 27, 38, 4, 26, 47, 5, 5, 5, 1, 9, 93, 10, 81, 30, 39, 4, 26, 112, 9, 15, 17, 1,False
0, 3, 0, 1, 1, 0, 0, 7, 4, 0, 0, 0, 0, 0, 5, 0, 10, 8, 0, 0, 7, 6, 0, 0, 0, 0, 1, 21, 0, 10, 8, 0, 0, 7, 28, 1, 3, 2, 0, 4, 26, 6, 33, 13, 12, 0, 7, 32, 1, 4, 2, 0, 7, 44, 7, 35, 14, 13, 0, 7, 56, 6, 8, 10, 1,False
0, 3, 0, 1, 1, 0, 0, 7, 4, 0, 0, 0, 0, 0, 5, 0, 10, 8, 0, 0, 7, 6, 0, 0, 0, 0, 1, 21, 0, 10, 8, 0, 0, 7, 28, 1, 3, 2, 0, 4, 26, 6, 33, 13, 12, 0, 7, 32, 1, 4, 2, 0, 7, 44, 7, 35, 14, 13, 0, 7, 56, 6, 8, 10, 1,True
2, 3, 0, 1, 1, 0, 0, 21, 2, 0, 2, 0, 0, 6, 8, 1, 8, 3, 3, 0, 21, 6, 0, 4, 0, 0, 11, 18, 3, 22, 10, 7, 0, 21, 22, 2, 5, 2, 1, 17, 47, 8, 45, 12, 22, 2, 21, 49, 3, 11, 2, 1, 19, 63, 8, 58, 17, 23, 2, 21, 71, 6, 15, 6, 1,True
0, 2, 0, 1, 1, 0, 0, 70, 3, 0, 0, 0, 0, 0, 3, 0, 10, 7, 0, 0, 70, 4, 0, 0, 0, 0, 2, 12, 0, 10, 7, 0, 0, 70, 20, 2, 3, 1, 1, 6, 16, 5, 48, 10, 25, 2, 70, 23, 2, 6, 1, 1, 9, 32, 5, 56, 12, 26, 4, 70, 48, 15, 12, 5, 1,False
0, 1, 0, 1, 1, 0, 0, 31, 2, 0, 1, 0, 0, 0, 2, 1, 6, 2, 2, 0, 31, 3, 0, 1, 0, 0, 3, 8, 2, 11, 5, 3, 0, 31, 13, 2, 5, 2, 1, 7, 33, 7, 52, 13, 31, 1, 31, 32, 2, 21, 12, 1, 10, 66, 8, 65, 20, 32, 4, 31, 78, 12, 28, 15, 1,False
1, 1, 0, 1, 1, 0, 0, 21, 3, 1, 1, 0, 0, 6, 11, 6, 28, 14, 10, 1, 21, 12, 1, 2, 0, 0, 11, 57, 7, 34, 18, 11, 1, 21, 70, 6, 6, 2, 1, 11, 69, 9, 65, 20, 25, 2, 21, 80, 6, 9, 2, 1, 11, 78, 9, 68, 20, 26, 3, 21, 103, 21, 13, 30, 1,False
3, 4, 0, 1, 1, 0, 0, 26, 7, 0, 2, 0, 0, 6, 8, 5, 37, 11, 18, 3, 26, 10, 0, 3, 0, 1, 9, 54, 9, 69, 22, 37, 4, 26, 68, 6, 9, 1, 1, 9, 86, 10, 96, 30, 39, 4, 26, 102, 6, 16, 2, 1, 9, 111, 10, 105, 33, 39, 4, 26, 144, 19, 21, 23, 1,True
0, 2, 0, 1, 1, 0, 0, 5, 3, 0, 1, 0, 0, 0, 4, 1, 7, 5, 0, 0, 5, 5, 0, 1, 0, 0, 2, 15, 1, 7, 5, 0, 0, 5, 18, 1, 1, 2, 0, 4, 17, 2, 14, 8, 1, 0, 5, 19, 1, 2, 2, 0, 5, 27, 3, 16, 9, 2, 0, 5, 29, 2, 5, 7, 1,False
2, 4, 0, 1, 1, 0, 0, 17, 6, 0, 2, 0, 0, 2, 4, 4, 21, 5, 14, 0, 17, 6, 0, 2, 0, 0, 7, 23, 4, 21, 5, 14, 0, 17, 34, 3, 8, 0, 1, 11, 31, 6, 64, 13, 32, 2, 17, 43, 3, 9, 0, 1, 12, 53, 9, 75, 20, 33, 2, 17, 75, 13, 18, 9, 1,False
0, 2, 0, 1, 0, 0, 1, 21, 4, 0, 0, 0, 0, 0, 3, 4, 14, 4, 8, 2, 21, 5, 0, 0, 0, 0, 10, 27, 4, 15, 5, 8, 2, 21, 32, 1, 3, 3, 1, 14, 37, 7, 47, 16, 23, 2, 21, 42, 1, 5, 3, 1, 18, 70, 8, 54, 18, 23, 2, 21, 77, 6, 12, 6, 1,True
1, 3, 0, 1, 1, 0, 0, 5, 4, 0, 0, 0, 0, 4, 7, 2, 11, 8, 0, 0, 5, 7, 0, 1, 0, 0, 5, 24, 3, 14, 9, 2, 0, 5, 23, 1, 5, 2, 0, 5, 25, 3, 22, 9, 6, 1, 5, 25, 1, 5, 2, 1, 6, 29, 4, 35, 9, 17, 1, 5, 35, 3, 6, 8, 1,True
3, 4, 0, 1, 1, 0, 0, 31, 6, 0, 2, 0, 0, 6, 7, 5, 30, 9, 16, 1, 31, 8, 0, 3, 0, 1, 10, 49, 8, 55, 16, 31, 3, 31, 62, 10, 20, 13, 1, 10, 78, 8, 82, 24, 34, 4, 31, 88, 10, 28, 13, 1, 10, 103, 8, 91, 27, 34, 4, 31, 132, 22, 34, 30, 1,True
0, 3, 0, 1, 1, 0, 0, 16, 4, 0, 0, 0, 0, 0, 5, 0, 8, 6, 0, 0, 16, 6, 0, 0, 0, 0, 2, 17, 0, 8, 6, 0, 0, 16, 22, 2, 2, 2, 0, 7, 23, 7, 38, 13, 17, 1, 16, 26, 2, 4, 2, 0, 16, 57, 8, 41, 14, 18, 1, 16, 67, 6, 17, 8, 1,False
0, 0, 0, 1, 1, 0, 0, 64, 1, 0, 0, 0, 0, 0, 1, 0, 10, 7, 0, 0, 64, 2, 0, 0, 0, 0, 2, 12, 0, 10, 7, 0, 0, 64, 20, 2, 3, 1, 1, 6, 16, 5, 48, 10, 25, 2, 64, 23, 2, 6, 1, 1, 9, 32, 5, 56, 12, 26, 4, 64, 48, 15, 12, 5, 1,False
2, 3, 0, 1, 1, 0, 0, 17, 3, 0, 1, 0, 0, 3, 5, 1, 9, 3, 2, 1, 17, 5, 0, 1, 0, 0, 8, 11, 3, 15, 8, 2, 1, 17, 17, 2, 4, 1, 1, 9, 28, 8, 50, 15, 25, 1, 17, 33, 2, 8, 1, 1, 12, 52, 9, 60, 20, 26, 2, 17, 66, 6, 16, 1, 1,True
2, 6, 0, 1, 1, 0, 0, 21, 8, 0, 1, 0, 0, 6, 11, 6, 21, 8, 11, 1, 21, 12, 0, 2, 0, 0, 11, 35, 7, 28, 12, 12, 1, 21, 42, 4, 3, 0, 1, 11, 47, 9, 60, 20, 25, 2, 21, 56, 5, 6, 1, 1, 11, 75, 9, 65, 20, 26, 3, 21, 98, 15, 13, 25, 1,True
2, 3, 0, 1, 1, 0, 0, 17, 2, 0, 2, 0, 0, 6, 8, 1, 8, 3, 3, 0, 17, 6, 0, 4, 0, 0, 11, 18, 3, 22, 10, 7, 0, 17, 22, 2, 5, 2, 1, 17, 47, 8, 45, 12, 22, 2, 17, 49, 3, 11, 2, 1, 19, 63, 8, 58, 17, 23, 2, 17, 71, 6, 15, 6, 1,True
0, 0, 0, 1, 1, 0, 0, 11, 0, 0, 0, 0, 0, 0, 0, 0, 1, 1, 0, 0, 11, 0, 0, 0, 0, 0, 0, 0, 0, 1, 1, 0, 0, 11, 0, 0, 0, 0, 0, 0, 0, 0, 1, 1, 0, 0, 11, 0, 0, 0, 0, 0, 0, 0, 0, 1, 1, 0, 0, 11, 0, 0, 0, 0, 0,False
0, 2, 0, 1, 1, 0, 0, 17, 3, 0, 1, 0, 0, 0, 6, 1, 10, 8, 0, 0, 17, 7, 0, 1, 0, 0, 6, 26, 1, 10, 8, 0, 0, 17, 35, 4, 3, 3, 1, 11, 32, 8, 47, 13, 22, 2, 17, 38, 4, 7, 3, 1, 19, 66, 8, 51, 17, 22, 2, 17, 74, 10, 13, 12, 1,True
0, 2, 0, 1, 1, 0, 0, 6, 3, 0, 1, 0, 0, 0, 5, 1, 9, 7, 0, 0, 6, 6, 0, 1, 0, 0, 2, 21, 1, 9, 7, 0, 0, 6, 27, 2, 1, 2, 0, 4, 25, 7, 39, 16, 16, 0, 6, 30, 2, 2, 2, 0, 10, 57, 8, 41, 17, 17, 0, 6, 70, 6, 12, 11, 1,False
1, 3, 0, 1, 1, 0, 0, 16, 4, 0, 0, 0, 0, 4, 9, 2, 13, 10, 0, 0, 16, 8, 0, 2, 0, 0, 6, 32, 3, 15, 10, 1, 0, 16, 32, 2, 12, 2, 0, 10, 37, 8, 49, 16, 19, 2, 16, 37, 2, 14, 2, 1, 16, 61, 9, 63, 21, 26, 3, 16, 75, 7, 18, 11, 1,True
1, 2, 0, 1, 1, 0, 0, 14, 2, 0, 1, 0, 0, 6, 7, 1, 13, 6, 4, 1, 14, 6, 0, 2, 0, 0, 11, 24, 3, 21, 12, 5, 1, 14, 30, 5, 4, 1, 1, 11, 47, 8, 57, 19, 25, 2, 14, 55, 5, 7, 1, 1, 11, 71, 9, 64, 20, 26, 3, 14, 92, 13, 13, 14, 1,True
0, 3, 0, 1, 1, 0, 0, 8, 4, 0, 0, 0, 0, 0, 5, 0, 10, 8, 0, 0, 8, 6, 0, 0, 0, 0, 1, 21, 0, 10, 8, 0, 0, 8, 28, 1, 3, 2, 0, 4, 26, 6, 33, 13, 12, 0, 8, 32, 1, 4, 2, 0, 7, 44, 7, 36, 15, 13, 0, 8, 56, 6, 8, 10, 1,False
0, 0, 0, 1, 0, 0, 1, 64, 2, 0, 0, 0, 0, 0, 0, 4, 15, 4, 9, 2, 64, 2, 0, 0, 0, 0, 5, 17, 4, 15, 4, 9, 2, 64, 22, 6, 7, 0, 1, 7, 20, 5, 58, 12, 27, 4, 64, 24, 6, 9, 0, 1, 10, 33, 5, 62, 14, 27, 4, 64, 45, 11, 10, 2, 1,True
0, 0, 0, 1, 1, 0, 0, 11, 0, 0, 0, 0, 0, 0, 0, 0, 1, 1, 0, 0, 11, 0, 0, 0, 0, 0, 0, 0, 0, 1, 1, 0, 0, 11, 0, 0, 0, 0, 0, 0, 0, 0, 1, 1, 0, 0, 11, 0, 0, 0, 0, 0, 0, 0, 0, 1, 1, 0, 0, 11, 0, 0, 0, 0, 0,True
1, 3, 0, 1, 1, 0, 0, 6, 4, 0, 0, 0, 0, 4, 8, 2, 13, 10, 0, 0, 6, 8, 0, 1, 0, 0, 5, 30, 3, 15, 11, 1, 0, 6, 33, 2, 4, 2, 0, 7, 35, 8, 45, 17, 17, 2, 6, 39, 2, 4, 2, 1, 12, 61, 9, 57, 19, 25, 2, 6, 75, 7, 12, 12, 1,True
0, 0, 0, 1, 0, 1, 0, 5, 0, 0, 1, 0, 0, 0, 0, 0, 2, 0, 2, 0, 5, 0, 0, 1, 0, 0, 3, 3, 0, 2, 0, 2, 0, 5, 4, 0, 2, 0, 0, 6, 7, 5, 24, 7, 15, 2, 5, 7, 0, 4, 0, 0, 13, 33, 5, 28, 10, 16, 2, 5, 42, 3, 12, 1, 1,True
0, 3, 0, 1, 1, 0, 0, 8, 4, 0, 0, 0, 0, 0, 5, 0, 10, 8, 0, 0, 8, 6, 0, 0, 0, 0, 1, 21, 0, 10, 8, 0, 0, 8, 28, 1, 3, 2, 0, 4, 26, 6, 33, 13, 12, 0, 8, 32, 1, 4, 2, 0, 7, 44, 7, 36, 15, 13, 0, 8, 56, 6, 8, 10, 1,True
0, 2, 0, 1, 1, 0, 0, 14, 3, 0, 0, 0, 0, 0, 6, 0, 13, 11, 0, 0, 14, 7, 0, 0, 0, 0, 2, 36, 0, 13, 11, 0, 0, 14, 48, 6, 4, 2, 1, 10, 49, 9, 60, 20, 24, 2, 14, 60, 6, 5, 2, 1, 11, 78, 9, 60, 20, 24, 2, 14, 98, 17, 12, 21, 1,False
2, 4, 0, 1, 1, 0, 0, 60, 6, 0, 2, 0, 0, 5, 8, 4, 27, 10, 11, 2, 60, 9, 0, 5, 0, 0, 8, 28, 4, 35, 11, 13, 4, 60, 38, 9, 10, 0, 1, 11, 31, 5, 72, 14, 28, 5, 60, 42, 9, 10, 0, 1, 13, 37, 5, 76, 16, 29, 5, 60, 56, 21, 16, 8, 1,True
3, 3, 0, 1, 0, 1, 0, 5, 4, 0, 2, 0, 0, 6, 7, 5, 24, 7, 15, 2, 5, 7, 0, 4, 0, 0, 13, 33, 5, 28, 10, 16, 2, 5, 42, 3, 12, 1, 1, 17, 43, 7, 66, 17, 33, 2, 5, 53, 4, 16, 2, 1, 20, 59, 9, 80, 23, 34, 2, 5, 82, 12, 19, 14, 1,True
0, 2, 0, 1, 1, 0, 0, 7, 3, 0, 0, 0, 0, 0, 6, 0, 13, 11, 0, 0, 7, 7, 0, 0, 0, 0, 2, 36, 0, 13, 11, 0, 0, 7, 48, 6, 4, 2, 1, 10, 49, 9, 60, 20, 24, 2, 7, 60, 6, 5, 2, 1, 11, 78, 9, 60, 20, 24, 2, 7, 98, 17, 12, 21, 1,False
0, 0, 0, 1, 0, 1, 0, 17, 0, 0, 0, 0, 0, 0, 0, 0, 1, 0, 1, 0, 17, 0, 0, 0, 0, 0, 0, 0, 0, 1, 0, 1, 0, 17, 0, 0, 0, 0, 0, 0, 0, 0, 1, 0, 1, 0, 17, 0, 0, 0, 0, 0, 0, 0, 0, 1, 0, 1, 0, 17, 0, 0, 0, 0, 0,True
2, 2, 0, 1, 1, 0, 0, 7, 2, 0, 1, 0, 0, 8, 12, 3, 24, 17, 3, 1, 7, 11, 0, 2, 0, 0, 11, 63, 3, 26, 18, 4, 1, 7, 73, 6, 8, 2, 1, 11, 69, 9, 67, 20, 26, 3, 7, 79, 6, 9, 2, 1, 11, 78, 9, 67, 20, 26, 3, 7, 104, 21, 13, 30, 1,True
0, 2, 0, 1, 0, 0, 1, 60, 4, 0, 0, 0, 0, 0, 2, 4, 16, 5, 9, 2, 60, 4, 0, 0, 0, 0, 5, 17, 4, 16, 5, 9, 2, 60, 22, 6, 7, 0, 1, 7, 20, 5, 58, 12, 27, 4, 60, 24, 6, 9, 0, 1, 10, 33, 5, 62, 14, 27, 4, 60, 45, 11, 10, 2, 1,False
0, 6, 0, 1, 1, 0, 0, 32, 8, 0, 0, 0, 1, 0, 19, 4, 44, 23, 17, 4, 32, 21, 0, 0, 0, 1, 0, 82, 4, 51, 29, 17, 4, 32, 84, 1, 17, 6, 1, 0, 97, 4, 81, 37, 20, 6, 32, 99, 1, 20, 6, 1, 0, 112, 4, 88, 39, 20, 6, 32, 138, 12, 27, 35, 1,True
0, 0, 0, 1, 1, 0, 0, 30, 0, 0, 0, 0, 0, 0, 0, 0, 1, 1, 0, 0, 30, 0, 0, 0, 0, 0, 0, 0, 0, 1, 1, 0, 0, 30, 0, 0, 0, 0, 0, 0, 0, 0, 1, 1, 0, 0, 30, 0, 0, 0, 0, 0, 0, 0, 0, 1, 1, 0, 0, 30, 0, 0, 0, 0, 0,True
0, 3, 0, 1, 1, 0, 0, 9, 4, 0, 0, 0, 0, 0, 5, 0, 11, 9, 0, 0, 9, 6, 0, 0, 0, 0, 1, 23, 0, 11, 9, 0, 0, 9, 30, 1, 4, 2, 0, 4, 29, 6, 34, 14, 12, 0, 9, 35, 1, 5, 2, 0, 7, 48, 7, 37, 16, 13, 0, 9, 60, 6, 9, 11, 1,False
0, 3, 0, 1, 1, 0, 0, 9, 4, 0, 0, 0, 0, 0, 5, 0, 11, 9, 0, 0, 9, 6, 0, 0, 0, 0, 1, 23, 0, 11, 9, 0, 0, 9, 30, 1, 4, 2, 0, 4, 29, 6, 34, 14, 12, 0, 9, 35, 1, 5, 2, 0, 7, 48, 7, 37, 16, 13, 0, 9, 60, 6, 9, 11, 1,True
0, 6, 0, 1, 1, 0, 0, 32, 8, 0, 0, 0, 1, 0, 19, 4, 44, 23, 17, 4, 32, 21, 0, 0, 0, 1, 0, 82, 4, 51, 29, 17, 4, 32, 84, 1, 17, 6, 1, 0, 97, 4, 81, 37, 20, 6, 32, 99, 1, 20, 6, 1, 0, 112, 4, 88, 39, 20, 6, 32, 138, 12, 27, 35, 1,True
0, 0, 0, 1, 0, 0, 1, 18, 0, 0, 0, 0, 0, 0, 0, 0, 1, 0, 0, 1, 18, 0, 0, 0, 0, 0, 0, 0, 0, 1, 0, 0, 1, 18, 0, 0, 0, 0, 0, 0, 0, 0, 1, 0, 0, 1, 18, 0, 0, 0, 0, 0, 0, 0, 0, 1, 0, 0, 1, 18, 0, 0, 0, 0, 0,True
0, 0, 0, 1, 1, 0, 0, 30, 0, 0, 0, 0, 0, 0, 0, 0, 1, 1, 0, 0, 30, 0, 0, 0, 0, 0, 0, 0, 0, 1, 1, 0, 0, 30, 0, 0, 0, 0, 0, 0, 0, 0, 1, 1, 0, 0, 30, 0, 0, 0, 0, 0, 0, 0, 0, 1, 1, 0, 0, 30, 0, 0, 0, 0, 0,True
0, 2, 0, 1, 1, 0, 0, 12, 2, 0, 0, 0, 1, 0, 25, 3, 35, 23, 9, 1, 12, 25, 0, 0, 0, 1, 0, 67, 4, 49, 33, 10, 1, 12, 70, 2, 14, 2, 1, 0, 97, 4, 73, 36, 18, 6, 12, 99, 2, 23, 2, 1, 0, 109, 4, 81, 38, 18, 6, 12, 129, 10, 26, 31, 1,True
0, 0, 0, 1, 0, 1, 0, 4, 0, 0, 0, 0, 0, 0, 0, 0, 1, 0, 1, 0, 4, 0, 0, 0, 0, 0, 0, 0, 0, 1, 0, 1, 0, 4, 0, 0, 0, 0, 0, 0, 0, 0, 1, 0, 1, 0, 4, 0, 0, 0, 0, 0, 0, 0, 0, 1, 0, 1, 0, 4, 0, 0, 0, 0, 0,True
0, 0, 0, 1, 0, 0, 1, 18, 0, 0, 0, 0, 0, 0, 0, 0, 1, 0, 0, 1, 18, 0, 0, 0, 0, 0, 0, 0, 0, 1, 0, 0, 1, 18, 0, 0, 0, 0, 0, 0, 0, 0, 1, 0, 0, 1, 18, 0, 0, 0, 0, 0, 0, 0, 0, 1, 0, 0, 1, 18, 0, 0, 0, 0, 0,True
0, 0, 0, 1, 0, 1, 0, 17, 0, 0, 0, 0, 0, 0, 0, 0, 1, 0, 1, 0, 17, 0, 0, 0, 0, 0, 0, 0, 0, 1, 0, 1, 0, 17, 0, 0, 0, 0, 0, 0, 0, 0, 1, 0, 1, 0, 17, 0, 0, 0, 0, 0, 0, 0, 0, 1, 0, 1, 0, 17, 0, 0, 0, 0, 0,True
0, 2, 0, 1, 1, 0, 0, 12, 2, 0, 0, 0, 1, 0, 25, 3, 35, 23, 9, 1, 12, 25, 0, 0, 0, 1, 0, 67, 4, 49, 33, 10, 1, 12, 70, 2, 14, 2, 1, 0, 97, 4, 73, 36, 18, 6, 12, 99, 2, 23, 2, 1, 0, 109, 4, 81, 38, 18, 6, 12, 129, 10, 26, 31, 1,True
0, 0, 0, 1, 0, 1, 0, 4, 0, 0, 0, 0, 0, 0, 0, 0, 1, 0, 1, 0, 4, 0, 0, 0, 0, 0, 0, 0, 0, 1, 0, 1, 0, 4, 0, 0, 0, 0, 0, 0, 0, 0, 1, 0, 1, 0, 4, 0, 0, 0, 0, 0, 0, 0, 0, 1, 0, 1, 0, 4, 0, 0, 0, 0, 0,True
0, 0, 0, 1, 0, 0, 1, 11, 0, 0, 0, 0, 0, 0, 0, 0, 1, 0, 0, 1, 11, 0, 0, 0, 0, 0, 0, 0, 0, 1, 0, 0, 1, 11, 0, 0, 0, 0, 0, 0, 0, 0, 1, 0, 0, 1, 11, 0, 0, 0, 0, 0, 0, 0, 0, 1, 0, 0, 1, 11, 0, 0, 0, 0, 0,True
0, 3, 0, 1, 1, 0, 0, 27, 4, 0, 0, 0, 0, 0, 4, 0, 9, 7, 0, 0, 27, 5, 0, 0, 0, 0, 0, 12, 0, 9, 7, 0, 0, 27, 21, 2, 0, 1, 0, 0, 12, 4, 30, 10, 12, 1, 27, 21, 2, 0, 1, 0, 1, 30, 4, 30, 10, 12, 1, 27, 44, 7, 2, 4, 1,False
0, 0, 0, 1, 1, 0, 0, 37, 1, 0, 0, 0, 0, 0, 0, 0, 8, 8, 0, 0, 37, 1, 0, 0, 0, 0, 3, 7, 0, 8, 8, 0, 0, 37, 10, 5, 2, 3, 1, 6, 17, 6, 51, 17, 29, 1, 37, 16, 5, 15, 11, 1, 9, 44, 7, 59, 22, 29, 4, 37, 55, 8, 22, 12, 1,False
0, 0, 0, 1, 1, 0, 0, 21, 0, 0, 0, 0, 0, 0, 0, 0, 1, 1, 0, 0, 21, 0, 0, 0, 0, 0, 0, 0, 0, 1, 1, 0, 0, 21, 0, 0, 0, 0, 0, 0, 0, 0, 1, 1, 0, 0, 21, 0, 0, 0, 0, 0, 0, 0, 0, 1, 1, 0, 0, 21, 0, 0, 0, 0, 0,True
0, 2, 0, 1, 1, 0, 0, 5, 2, 0, 0, 0, 1, 0, 25, 3, 35, 23, 9, 1, 5, 25, 0, 0, 0, 1, 0, 67, 4, 49, 33, 10, 1, 5, 70, 2, 14, 2, 1, 0, 97, 4, 73, 36, 18, 6, 5, 99, 2, 23, 2, 1, 0, 109, 4, 81, 38, 18, 6, 5, 129, 10, 26, 31, 1,True
0, 3, 0, 1, 1, 0, 0, 5, 7, 0, 1, 0, 0, 0, 4, 4, 18, 5, 11, 0, 5, 8, 0, 1, 0, 0, 3, 17, 4, 18, 5, 11, 0, 5, 27, 1, 4, 2, 1, 6, 20, 8, 45, 9, 23, 0, 5, 30, 1, 5, 2, 1, 6, 30, 8, 47, 10, 23, 0, 5, 47, 9, 10, 10, 1,False
3, 4, 0, 1, 1, 0, 0, 37, 6, 0, 2, 0, 0, 6, 7, 5, 30, 9, 16, 1, 37, 8, 0, 4, 0, 1, 10, 32, 8, 54, 17, 29, 3, 37, 45, 9, 17, 12, 1, 10, 60, 8, 82, 29, 31, 4, 37, 70, 9, 24, 12, 1, 10, 85, 8, 88, 31, 31, 4, 37, 112, 21, 30, 27, 1,True
0, 6, 0, 1, 1, 0, 0, 27, 9, 0, 0, 0, 0, 0, 7, 4, 21, 6, 13, 1, 27, 10, 0, 0, 0, 1, 2, 27, 5, 35, 6, 26, 1, 27, 35, 3, 2, 0, 1, 2, 27, 6, 54, 14, 26, 1, 27, 37, 4, 2, 1, 1, 2, 43, 6, 56, 14, 28, 1, 27, 62, 11, 7, 5, 1,True
1, 3, 0, 1, 1, 0, 0, 5, 4, 0, 0, 0, 0, 4, 8, 2, 11, 8, 0, 0, 5, 8, 0, 1, 0, 0, 5, 23, 3, 14, 9, 2, 0, 5, 25, 1, 5, 1, 0, 5, 24, 7, 33, 10, 15, 1, 5, 27, 1, 5, 1, 1, 6, 31, 8, 43, 10, 23, 1, 5, 43, 4, 7, 7, 1,True
0, 0, 0, 1, 0, 1, 0, 11, 0, 0, 0, 0, 0, 0, 0, 0, 1, 0, 1, 0, 11, 0, 0, 0, 0, 0, 0, 0, 0, 1, 0, 1, 0, 11, 0, 0, 0, 0, 0, 0, 0, 0, 1, 0, 1, 0, 11, 0, 0, 0, 0, 0, 0, 0, 0, 1, 0, 1, 0, 11, 0, 0, 0, 0, 0,True
0, 0, 0, 1, 1, 0, 0, 17, 1, 0, 0, 0, 0, 0, 1, 0, 9, 7, 0, 0, 17, 2, 0, 0, 0, 0, 0, 12, 0, 9, 7, 0, 0, 17, 21, 2, 0, 1, 0, 0, 12, 4, 30, 10, 12, 1, 17, 21, 2, 0, 1, 0, 1, 30, 4, 30, 10, 12, 1, 17, 44, 7, 2, 4, 1,False
0, 2, 0, 1, 1, 0, 0, 5, 2, 0, 0, 0, 1, 0, 25, 3, 35, 23, 9, 1, 5, 25, 0, 0, 0, 1, 0, 67, 4, 49, 33, 10, 1, 5, 70, 2, 14, 2, 1, 0, 97, 4, 73, 36, 18, 6, 5, 99, 2, 23, 2, 1, 0, 109, 4, 81, 38, 18, 6, 5, 129, 10, 26, 31, 1,True
0, 0, 0, 1, 0, 1, 0, 5, 0, 0, 0, 0, 0, 0, 0, 0, 1, 0, 1, 0, 5, 0, 0, 0, 0, 0, 0, 0, 0, 1, 0, 1, 0, 5, 0, 0, 0, 0, 0, 0, 0, 0, 1, 0, 1, 0, 5, 0, 0, 0, 0, 0, 0, 0, 0, 1, 0, 1, 0, 5, 0, 0, 0, 0, 0,True
2, 2, 0, 1, 0, 0, 1, 22, 4, 0, 0, 0, 0, 5, 5, 4, 24, 7, 15, 2, 22, 8, 0, 0, 0, 0, 13, 44, 5, 30, 9, 18, 2, 22, 53, 3, 9, 2, 1, 15, 60, 9, 92, 21, 46, 5, 22, 72, 4, 9, 2, 1, 15, 84, 11, 107, 30, 46, 5, 22, 107, 9, 15, 15, 1,True
0, 2, 0, 1, 1, 0, 0, 17, 4, 0, 0, 0, 0, 0, 2, 4, 17, 5, 11, 1, 17, 4, 0, 0, 0, 0, 1, 20, 4, 17, 5, 11, 1, 17, 27, 2, 1, 0, 1, 2, 23, 5, 47, 12, 26, 1, 17, 29, 2, 2, 0, 1, 2, 40, 6, 51, 14, 26, 1, 17, 53, 6, 3, 2, 1,True
0, 8, 0, 1, 1, 0, 0, 43, 10, 0, 0, 0, 1, 0, 31, 3, 46, 24, 17, 4, 43, 32, 0, 1, 0, 1, 0, 79, 4, 60, 34, 17, 4, 43, 83, 1, 16, 10, 1, 0, 105, 4, 82, 37, 20, 6, 43, 108, 1, 22, 10, 1, 0, 112, 4, 88, 39, 20, 6, 43, 138, 12, 27, 37, 1,True
0, 0, 0, 1, 0, 1, 0, 5, 0, 0, 0, 0, 0, 0, 0, 0, 1, 0, 1, 0, 5, 0, 0, 0, 0, 0, 0, 0, 0, 1, 0, 1, 0, 5, 0, 0, 0, 0, 0, 0, 0, 0, 1, 0, 1, 0, 5, 0, 0, 0, 0, 0, 0, 0, 0, 1, 0, 1, 0, 5, 0, 0, 0, 0, 0,True
0, 3, 0, 1, 1, 0, 0, 7, 4, 0, 0, 0, 0, 0, 5, 0, 10, 8, 0, 0, 7, 6, 0, 0, 0, 0, 1, 21, 0, 10, 8, 0, 0, 7, 28, 1, 3, 2, 0, 4, 26, 6, 33, 13, 12, 0, 7, 32, 1, 4, 2, 0, 7, 44, 7, 35, 14, 13, 0, 7, 56, 6, 8, 10, 1,False
0, 8, 0, 1, 1, 0, 0, 43, 10, 0, 0, 0, 1, 0, 31, 3, 46, 24, 17, 4, 43, 32, 0, 1, 0, 1, 0, 79, 4, 60, 34, 17, 4, 43, 83, 1, 16, 10, 1, 0, 105, 4, 82, 37, 20, 6, 43, 108, 1, 22, 10, 1, 0, 112, 4, 88, 39, 20, 6, 43, 138, 12, 27, 37, 1,True
0, 3, 0, 1, 1, 0, 0, 7, 4, 0, 0, 0, 0, 0, 5, 0, 10, 8, 0, 0, 7, 6, 0, 0, 0, 0, 1, 21, 0, 10, 8, 0, 0, 7, 28, 1, 3, 2, 0, 4, 26, 6, 33, 13, 12, 0, 7, 32, 1, 4, 2, 0, 7, 44, 7, 35, 14, 13, 0, 7, 56, 6, 8, 10, 1,True
2, 2, 0, 1, 0, 0, 1, 22, 4, 0, 0, 0, 0, 5, 5, 4, 24, 7, 15, 2, 22, 8, 0, 0, 0, 0, 13, 44, 5, 30, 9, 18, 2, 22, 53, 3, 9, 2, 1, 15, 60, 9, 92, 21, 46, 5, 22, 72, 4, 9, 2, 1, 15, 84, 11, 107, 30, 46, 5, 22, 107, 9, 15, 15, 1,True
0, 0, 0, 1, 1, 0, 0, 21, 0, 0, 0, 0, 0, 0, 0, 0, 1, 1, 0, 0, 21, 0, 0, 0, 0, 0, 0, 0, 0, 1, 1, 0, 0, 21, 0, 0, 0, 0, 0, 0, 0, 0, 1, 1, 0, 0, 21, 0, 0, 0, 0, 0, 0, 0, 0, 1, 1, 0, 0, 21, 0, 0, 0, 0, 0,True
0, 0, 0, 1, 1, 0, 0, 13, 0, 0, 0, 0, 0, 0, 0, 0, 1, 1, 0, 0, 13, 0, 0, 0, 0, 0, 0, 0, 0, 1, 1, 0, 0, 13, 0, 0, 0, 0, 0, 0, 0, 0, 1, 1, 0, 0, 13, 0, 0, 0, 0, 0, 0, 0, 0, 1, 1, 0, 0, 13, 0, 0, 0, 0, 0,True
0, 3, 0, 1, 1, 0, 0, 16, 4, 0, 0, 0, 0, 1, 6, 0, 11, 9, 0, 0, 16, 7, 0, 0, 0, 0, 4, 22, 0, 11, 9, 0, 0, 16, 32, 4, 9, 1, 1, 8, 30, 10, 82, 16, 42, 2, 16, 40, 4, 9, 1, 1, 13, 59, 11, 88, 21, 43, 2, 16, 81, 13, 15, 12, 1,True
0, 0, 0, 1, 1, 0, 0, 13, 1, 0, 0, 0, 0, 0, 0, 0, 5, 5, 0, 0, 13, 1, 0, 0, 0, 0, 3, 5, 0, 5, 5, 0, 0, 13, 9, 0, 0, 1, 1, 9, 15, 1, 56, 13, 34, 4, 13, 19, 0, 0, 1, 1, 18, 36, 1, 64, 21, 34, 4, 13, 57, 8, 4, 1, 1,True
0, 3, 0, 1, 1, 0, 0, 16, 4, 0, 0, 0, 0, 1, 6, 0, 11, 9, 0, 0, 16, 7, 0, 0, 0, 0, 4, 22, 0, 11, 9, 0, 0, 16, 32, 4, 9, 1, 1, 8, 30, 10, 82, 16, 42, 2, 16, 40, 4, 9, 1, 1, 13, 59, 11, 88, 21, 43, 2, 16, 81, 13, 15, 12, 1,True
0, 2, 0, 1, 1, 0, 0, 5, 3, 0, 1, 0, 0, 0, 4, 1, 7, 5, 0, 0, 5, 5, 0, 1, 0, 0, 2, 15, 1, 7, 5, 0, 0, 5, 18, 1, 1, 2, 0, 4, 17, 2, 14, 8, 1, 0, 5, 19, 1, 2, 2, 0, 5, 27, 3, 16, 9, 2, 0, 5, 29, 2, 5, 7, 1,False
1, 3, 0, 1, 1, 0, 0, 5, 4, 0, 0, 0, 0, 4, 7, 2, 11, 8, 0, 0, 5, 7, 0, 1, 0, 0, 5, 24, 3, 14, 9, 2, 0, 5, 23, 1, 5, 2, 0, 5, 25, 3, 22, 9, 6, 1, 5, 25, 1, 5, 2, 1, 6, 29, 4, 35, 9, 17, 1, 5, 35, 3, 6, 8, 1,True
3, 5, 0, 1, 0, 0, 1, 51, 8, 0, 6, 0, 1, 9, 11, 6, 99, 12, 73, 6, 51, 13, 0, 7, 0, 1, 12, 36, 6, 103, 16, 73, 6, 51, 64, 30, 14, 3, 1, 12, 46, 6, 156, 21, 75, 6, 51, 73, 30, 15, 3, 1, 12, 49, 6, 158, 21, 75, 6, 51, 103, 45, 24, 8, 1,False
0, 0, 0, 1, 0, 1, 0, 7, 0, 0, 1, 0, 0, 1, 1, 0, 4, 0, 3, 1, 7, 1, 0, 1, 0, 0, 4, 5, 0, 5, 1, 3, 1, 7, 3, 0, 4, 0, 1, 10, 15, 4, 32, 8, 20, 2, 7, 11, 0, 6, 0, 1, 11, 40, 4, 39, 14, 20, 3, 7, 45, 3, 6, 0, 1,False
1, 1, 0, 1, 1, 0, 0, 5, 2, 0, 0, 0, 0, 3, 5, 0, 13, 9, 1, 0, 5, 6, 0, 0, 0, 0, 8, 30, 1, 19, 11, 5, 0, 5, 40, 4, 10, 0, 1, 13, 47, 10, 92, 20, 44, 5, 5, 59, 4, 10, 0, 1, 15, 77, 12, 106, 30, 45, 5, 5, 100, 13, 18, 15, 1,True
2, 2, 0, 1, 0, 1, 0, 7, 1, 0, 3, 0, 0, 3, 3, 0, 10, 1, 7, 1, 7, 1, 0, 4, 0, 0, 7, 11, 1, 19, 7, 9, 2, 7, 15, 0, 4, 0, 1, 11, 33, 8, 52, 18, 25, 3, 7, 40, 3, 4, 0, 1, 11, 70, 8, 61, 19, 26, 3, 7, 82, 8, 9, 2, 1,True
1, 1, 0, 1, 1, 0, 0, 5, 2, 0, 0, 0, 0, 3, 5, 0, 13, 9, 1, 0, 5, 6, 0, 0, 0, 0, 8, 30, 1, 19, 11, 5, 0, 5, 40, 4, 10, 0, 1, 13, 47, 10, 92, 20, 44, 5, 5, 59, 4, 10, 0, 1, 15, 77, 12, 106, 30, 45, 5, 5, 100, 13, 18, 15, 1,True
1, 1, 0, 1, 1, 0, 0, 25, 3, 1, 1, 0, 0, 6, 11, 6, 28, 14, 10, 1, 25, 12, 1, 2, 0, 0, 11, 57, 7, 34, 18, 11, 1, 25, 70, 6, 6, 2, 1, 11, 69, 9, 65, 20, 25, 2, 25, 80, 6, 9, 2, 1, 11, 78, 9, 68, 20, 26, 3, 25, 103, 21, 13, 30, 1,False
2, 6, 0, 1, 1, 0, 0, 25, 8, 0, 1, 0, 0, 6, 11, 6, 21, 8, 11, 1, 25, 12, 0, 2, 0, 0, 11, 35, 7, 28, 12, 12, 1, 25, 42, 4, 3, 0, 1, 11, 47, 9, 60, 20, 25, 2, 25, 56, 5, 6, 1, 1, 11, 75, 9, 65, 20, 26, 3, 25, 98, 15, 13, 25, 1,True
1, 2, 0, 1, 1, 0, 0, 17, 2, 0, 1, 0, 0, 6, 7, 1, 13, 6, 4, 1, 17, 6, 0, 2, 0, 0, 11, 24, 3, 21, 12, 5, 1, 17, 30, 5, 4, 1, 1, 11, 47, 8, 57, 19, 25, 2, 17, 55, 5, 7, 1, 1, 11, 71, 9, 64, 20, 26, 3, 17, 92, 13, 13, 14, 1,True
0, 2, 0, 1, 0, 0, 1, 51, 4, 0, 0, 0, 0, 0, 2, 4, 39, 6, 26, 5, 51, 4, 0, 0, 0, 0, 6, 22, 4, 39, 6, 26, 5, 51, 44, 29, 13, 0, 1, 11, 29, 6, 142, 19, 74, 6, 51, 50, 29, 15, 0, 1, 12, 45, 6, 149, 21, 74, 6, 51, 88, 37, 19, 5, 1,True
0, 2, 0, 1, 1, 0, 0, 17, 3, 0, 0, 0, 0, 0, 6, 0, 13, 11, 0, 0, 17, 7, 0, 0, 0, 0, 2, 36, 0, 13, 11, 0, 0, 17, 48, 6, 4, 2, 1, 10, 49, 9, 60, 20, 24, 2, 17, 60, 6, 5, 2, 1, 11, 78, 9, 60, 20, 24, 2, 17, 98, 17, 12, 21, 1,False
0, 0, 0, 1, 1, 0, 0, 5, 0, 0, 0, 0, 0, 0, 0, 0, 1, 1, 0, 0, 5, 0, 0, 0, 0, 0, 0, 0, 0, 1, 1, 0, 0, 5, 0, 0, 0, 0, 0, 0, 0, 0, 1, 1, 0, 0, 5, 0, 0, 0, 0, 0, 0, 0, 0, 1, 1, 0, 0, 5, 0, 0, 0, 0, 0,True
0, 2, 0, 1, 1, 0, 0, 8, 3, 0, 0, 0, 0, 0, 6, 0, 13, 11, 0, 0, 8, 7, 0, 0, 0, 0, 2, 36, 0, 13, 11, 0, 0, 8, 48, 6, 4, 2, 1, 10, 49, 9, 60, 20, 24, 2, 8, 60, 6, 5, 2, 1, 11, 78, 9, 60, 20, 24, 2, 8, 98, 17, 12, 21, 1,False
2, 2, 0, 1, 1, 0, 0, 8, 2, 0, 1, 0, 0, 8, 12, 3, 24, 17, 3, 1, 8, 11, 0, 2, 0, 0, 11, 63, 3, 26, 18, 4, 1, 8, 73, 6, 8, 2, 1, 11, 69, 9, 67, 20, 26, 3, 8, 79, 6, 9, 2, 1, 11, 78, 9, 67, 20, 26, 3, 8, 104, 21, 13, 30, 1,True
0, 0, 0, 1, 1, 0, 0, 5, 0, 0, 0, 0, 0, 0, 0, 0, 1, 1, 0, 0, 5, 0, 0, 0, 0, 0, 0, 0, 0, 1, 1, 0, 0, 5, 0, 0, 0, 0, 0, 0, 0, 0, 1, 1, 0, 0, 5, 0, 0, 0, 0, 0, 0, 0, 0, 1, 1, 0, 0, 5, 0, 0, 0, 0, 0,True
1, 1, 0, 1, 1, 0, 0, 8, 3, 0, 1, 0, 0, 4, 4, 0, 26, 11, 8, 2, 8, 4, 0, 3, 0, 0, 8, 23, 0, 30, 12, 9, 3, 8, 44, 26, 14, 0, 1, 12, 33, 6, 142, 19, 74, 6, 8, 53, 26, 15, 0, 1, 12, 45, 6, 150, 21, 74, 6, 8, 88, 38, 19, 6, 1,True
0, 2, 0, 1, 1, 0, 0, 8, 3, 0, 1, 0, 0, 0, 4, 1, 8, 6, 0, 0, 8, 5, 0, 1, 0, 0, 1, 18, 1, 8, 6, 0, 0, 8, 21, 1, 1, 2, 0, 4, 21, 3, 17, 10, 1, 0, 8, 24, 1, 1, 2, 1, 6, 33, 5, 34, 13, 15, 0, 8, 39, 3, 4, 9, 1,False
1, 2, 0, 1, 1, 0, 0, 8, 3, 0, 0, 0, 0, 4, 5, 1, 7, 3, 2, 0, 8, 5, 0, 1, 0, 1, 6, 15, 4, 29, 8, 18, 0, 8, 20, 2, 3, 1, 1, 7, 25, 9, 40, 10, 24, 0, 8, 33, 2, 6, 1, 1, 7, 32, 9, 52, 14, 25, 0, 8, 48, 5, 10, 3, 1,True
0, 0, 0, 1, 1, 0, 0, 8, 1, 0, 0, 0, 0, 0, 0, 0, 12, 10, 0, 0, 8, 1, 0, 0, 0, 0, 3, 11, 0, 12, 10, 0, 0, 8, 20, 1, 5, 0, 1, 9, 17, 6, 109, 16, 71, 6, 8, 26, 1, 5, 0, 1, 12, 35, 6, 114, 20, 71, 6, 8, 70, 36, 18, 2, 1,True
3, 3, 0, 1, 1, 0, 0, 42, 3, 0, 5, 0, 0, 5, 5, 0, 33, 12, 11, 3, 42, 5, 0, 5, 0, 0, 8, 27, 0, 34, 12, 11, 3, 42, 48, 27, 14, 0, 1, 12, 33, 6, 145, 19, 74, 6, 42, 53, 27, 15, 0, 1, 12, 45, 6, 150, 21, 74, 6, 42, 91, 41, 20, 7, 1,False
0, 2, 0, 1, 0, 0, 1, 42, 4, 0, 0, 0, 0, 0, 2, 4, 39, 6, 26, 5, 42, 4, 0, 0, 0, 0, 6, 22, 4, 39, 6, 26, 5, 42, 44, 29, 13, 0, 1, 11, 29, 6, 142, 19, 74, 6, 42, 50, 29, 15, 0, 1, 12, 45, 6, 149, 21, 74, 6, 42, 88, 37, 19, 5, 1,True
0, 0, 0, 1, 0, 0, 1, 39, 4, 0, 0, 0, 0, 0, 0, 4, 45, 10, 27, 5, 39, 4, 0, 0, 0, 0, 6, 26, 4, 45, 10, 27, 5, 39, 50, 30, 13, 1, 1, 11, 33, 6, 145, 19, 75, 6, 39, 56, 30, 15, 1, 1, 12, 45, 6, 152, 21, 75, 6, 39, 93, 39, 20, 6, 1,True
0, 0, 0, 1, 1, 0, 0, 39, 1, 0, 0, 0, 0, 0, 0, 0, 12, 10, 0, 0, 39, 1, 0, 0, 0, 0, 3, 11, 0, 12, 10, 0, 0, 39, 20, 1, 5, 0, 1, 9, 17, 6, 109, 16, 71, 6, 39, 26, 1, 5, 0, 1, 12, 35, 6, 114, 20, 71, 6, 39, 70, 36, 18, 2, 1,False
3, 3, 0, 1, 1, 0, 0, 32, 3, 0, 5, 0, 0, 5, 5, 0, 33, 12, 11, 3, 32, 5, 0, 5, 0, 0, 8, 27, 0, 34, 12, 11, 3, 32, 48, 27, 14, 0, 1, 12, 33, 6, 145, 19, 74, 6, 32, 53, 27, 15, 0, 1, 12, 45, 6, 150, 21, 74, 6, 32, 91, 41, 20, 7, 1,False
2, 3, 0, 1, 0, 0, 1, 32, 1, 0, 4, 0, 1, 8, 9, 2, 68, 5, 56, 2, 32, 6, 0, 5, 0, 1, 12, 22, 2, 74, 11, 56, 2, 32, 39, 30, 14, 0, 1, 12, 34, 6, 147, 20, 75, 6, 32, 51, 30, 15, 0, 1, 12, 49, 6, 150, 20, 75, 6, 32, 97, 38, 19, 6, 1,True
0, 2, 0, 1, 1, 0, 0, 11, 4, 0, 0, 0, 0, 0, 2, 4, 39, 7, 26, 5, 11, 4, 0, 0, 0, 0, 6, 22, 4, 39, 7, 26, 5, 11, 44, 29, 13, 0, 1, 11, 29, 6, 142, 19, 74, 6, 11, 50, 29, 15, 0, 1, 12, 45, 6, 149, 21, 74, 6, 11, 88, 37, 19, 5, 1,True
0, 2, 0, 1, 1, 0, 0, 11, 5, 0, 0, 0, 0, 0, 2, 4, 47, 14, 26, 5, 11, 5, 0, 0, 0, 0, 6, 26, 4, 47, 14, 26, 5, 11, 50, 29, 13, 0, 1, 11, 33, 6, 145, 19, 74, 6, 11, 56, 29, 15, 0, 1, 12, 45, 6, 152, 21, 74, 6, 11, 91, 40, 20, 6, 1,True
0, 2, 0, 1, 0, 0, 1, 17, 4, 0, 0, 0, 0, 0, 5, 4, 40, 10, 22, 7, 17, 7, 0, 0, 0, 0, 5, 65, 4, 40, 10, 22, 7, 17, 77, 4, 17, 3, 1, 11, 87, 7, 113, 35, 51, 7, 17, 98, 4, 21, 6, 1, 14, 145, 8, 129, 44, 51, 7, 17, 173, 15, 32, 29, 1,True
0, 0, 0, 1, 1, 0, 0, 17, 0, 0, 0, 0, 0, 0, 0, 0, 1, 1, 0, 0, 17, 0, 0, 0, 0, 0, 0, 0, 0, 1, 1, 0, 0, 17, 0, 0, 0, 0, 0, 0, 0, 0, 1, 1, 0, 0, 17, 0, 0, 0, 0, 0, 0, 0, 0, 1, 1, 0, 0, 17, 0, 0, 0, 0, 0,True
0, 5, 0, 1, 1, 0, 0, 5, 7, 0, 1, 0, 1, 0, 13, 7, 47, 8, 37, 1, 5, 14, 0, 2, 0, 1, 1, 42, 7, 50, 10, 37, 1, 5, 55, 6, 8, 2, 1, 1, 47, 7, 98, 15, 50, 2, 5, 62, 6, 8, 3, 1, 1, 69, 7, 99, 15, 50, 2, 5, 105, 15, 12, 22, 1,True
0, 0, 0, 1, 1, 0, 0, 13, 0, 0, 0, 0, 0, 0, 0, 0, 1, 1, 0, 0, 13, 0, 0, 0, 0, 0, 0, 0, 0, 1, 1, 0, 0, 13, 0, 0, 0, 0, 0, 0, 0, 0, 1, 1, 0, 0, 13, 0, 0, 0, 0, 0, 0, 0, 0, 1, 1, 0, 0, 13, 0, 0, 0, 0, 0,True
0, 3, 0, 1, 0, 0, 1, 5, 3, 0, 0, 0, 0, 0, 7, 0, 11, 3, 3, 2, 5, 6, 0, 1, 0, 0, 0, 13, 0, 13, 4, 3, 2, 5, 18, 0, 6, 1, 1, 0, 21, 7, 57, 10, 37, 2, 5, 27, 0, 6, 1, 1, 1, 46, 7, 60, 11, 37, 2, 5, 63, 7, 10, 3, 1,True
0, 0, 0, 1, 1, 0, 0, 13, 0, 0, 0, 0, 0, 0, 0, 0, 1, 1, 0, 0, 13, 0, 0, 0, 0, 0, 0, 0, 0, 1, 1, 0, 0, 13, 0, 0, 0, 0, 0, 0, 0, 0, 1, 1, 0, 0, 13, 0, 0, 0, 0, 0, 0, 0, 0, 1, 1, 0, 0, 13, 0, 0, 0, 0, 0,True
0, 0, 0, 1, 0, 1, 0, 1, 0, 0, 0, 0, 0, 0, 0, 0, 1, 0, 1, 0, 1, 0, 0, 0, 0, 0, 0, 0, 0, 1, 0, 1, 0, 1, 0, 0, 0, 0, 0, 0, 0, 0, 1, 0, 1, 0, 1, 0, 0, 0, 0, 0, 0, 0, 0, 1, 0, 1, 0, 1, 0, 0, 0, 0, 0,True
0, 0, 0, 1, 0, 1, 0, 1, 0, 0, 0, 0, 0, 0, 0, 0, 1, 0, 1, 0, 1, 0, 0, 0, 0, 0, 0, 0, 0, 1, 0, 1, 0, 1, 0, 0, 0, 0, 0, 0, 0, 0, 1, 0, 1, 0, 1, 0, 0, 0, 0, 0, 0, 0, 0, 1, 0, 1, 0, 1, 0, 0, 0, 0, 0,True
0, 0, 0, 1, 0, 1, 0, 1, 0, 0, 0, 0, 0, 0, 0, 0, 1, 0, 1, 0, 1, 0, 0, 0, 0, 0, 0, 0, 0, 1, 0, 1, 0, 1, 0, 0, 0, 0, 0, 0, 0, 0, 1, 0, 1, 0, 1, 0, 0, 0, 0, 0, 0, 0, 0, 1, 0, 1, 0, 1, 0, 0, 0, 0, 0,True
0, 0, 0, 1, 0, 1, 0, 1, 0, 0, 0, 0, 0, 0, 0, 0, 1, 0, 1, 0, 1, 0, 0, 0, 0, 0, 0, 0, 0, 1, 0, 1, 0, 1, 0, 0, 0, 0, 0, 0, 0, 0, 1, 0, 1, 0, 1, 0, 0, 0, 0, 0, 0, 0, 0, 1, 0, 1, 0, 1, 0, 0, 0, 0, 0,True
0, 0, 0, 1, 0, 1, 0, 7, 0, 0, 0, 0, 0, 0, 0, 0, 1, 0, 1, 0, 7, 0, 0, 0, 0, 0, 0, 0, 0, 1, 0, 1, 0, 7, 0, 0, 0, 0, 0, 0, 0, 0, 1, 0, 1, 0, 7, 0, 0, 0, 0, 0, 0, 0, 0, 1, 0, 1, 0, 7, 0, 0, 0, 0, 0,True
0, 0, 0, 1, 0, 0, 1, 7, 0, 0, 0, 0, 0, 0, 0, 0, 1, 0, 0, 1, 7, 0, 0, 0, 0, 0, 0, 0, 0, 1, 0, 0, 1, 7, 0, 0, 0, 0, 0, 0, 0, 0, 1, 0, 0, 1, 7, 0, 0, 0, 0, 0, 0, 0, 0, 1, 0, 0, 1, 7, 0, 0, 0, 0, 0,True
0, 0, 0, 1, 0, 1, 0, 5, 0, 0, 0, 0, 0, 0, 0, 0, 1, 0, 1, 0, 5, 0, 0, 0, 0, 0, 0, 0, 0, 1, 0, 1, 0, 5, 0, 0, 0, 0, 0, 0, 0, 0, 1, 0, 1, 0, 5, 0, 0, 0, 0, 0, 0, 0, 0, 1, 0, 1, 0, 5, 0, 0, 0, 0, 0,True
0, 0, 0, 1, 0, 0, 1, 5, 0, 0, 0, 0, 0, 0, 0, 0, 1, 0, 0, 1, 5, 0, 0, 0, 0, 0, 0, 0, 0, 1, 0, 0, 1, 5, 0, 0, 0, 0, 0, 0, 0, 0, 1, 0, 0, 1, 5, 0, 0, 0, 0, 0, 0, 0, 0, 1, 0, 0, 1, 5, 0, 0, 0, 0, 0,True
0, 2, 0, 1, 1, 0, 0, 5, 3, 0, 1, 0, 0, 0, 4, 1, 8, 6, 0, 0, 5, 5, 0, 1, 0, 0, 2, 18, 1, 8, 6, 0, 0, 5, 21, 1, 1, 2, 0, 4, 20, 3, 18, 10, 1, 1, 5, 22, 1, 2, 2, 0, 5, 32, 4, 20, 11, 2, 1, 5, 35, 3, 5, 9, 0,False
0, 2, 0, 1, 1, 0, 0, 5, 3, 0, 1, 0, 0, 0, 4, 1, 8, 6, 0, 0, 5, 5, 0, 1, 0, 0, 2, 18, 1, 8, 6, 0, 0, 5, 21, 1, 1, 2, 0, 4, 20, 3, 18, 10, 1, 1, 5, 22, 1, 2, 2, 0, 5, 32, 4, 20, 11, 2, 1, 5, 35, 3, 5, 9, 0,False
0, 2, 0, 1, 1, 0, 0, 5, 3, 0, 1, 0, 0, 0, 4, 1, 8, 6, 0, 0, 5, 5, 0, 1, 0, 0, 2, 18, 1, 8, 6, 0, 0, 5, 21, 1, 1, 2, 0, 4, 20, 3, 18, 10, 1, 1, 5, 22, 1, 2, 2, 0, 5, 32, 4, 20, 11, 2, 1, 5, 35, 3, 5, 9, 0,False
0, 3, 0, 1, 1, 0, 0, 13, 4, 0, 0, 0, 0, 0, 4, 0, 8, 6, 0, 0, 13, 5, 0, 0, 0, 0, 1, 15, 0, 8, 6, 0, 0, 13, 19, 1, 3, 3, 0, 5, 20, 7, 29, 12, 10, 1, 13, 23, 1, 5, 3, 0, 8, 43, 8, 32, 14, 11, 1, 13, 55, 4, 9, 7, 1,False
0, 2, 0, 1, 1, 0, 0, 7, 3, 0, 1, 0, 0, 0, 4, 1, 9, 7, 0, 0, 7, 5, 0, 1, 0, 0, 2, 22, 1, 9, 7, 0, 0, 7, 25, 1, 2, 3, 0, 4, 24, 3, 19, 11, 1, 1, 7, 26, 1, 3, 3, 0, 5, 36, 4, 21, 12, 2, 1, 7, 39, 3, 6, 11, 0,False
0, 2, 0, 1, 1, 0, 0, 5, 3, 0, 1, 0, 0, 0, 4, 1, 8, 6, 0, 0, 5, 5, 0, 1, 0, 0, 2, 18, 1, 8, 6, 0, 0, 5, 21, 1, 1, 2, 0, 4, 20, 3, 17, 10, 1, 0, 5, 22, 1, 2, 2, 0, 5, 32, 4, 19, 11, 2, 0, 5, 35, 3, 5, 9, 1,False
0, 2, 0, 1, 1, 0, 0, 5, 3, 0, 1, 0, 0, 0, 4, 1, 8, 6, 0, 0, 5, 5, 0, 1, 0, 0, 2, 18, 1, 8, 6, 0, 0, 5, 21, 1, 1, 2, 0, 4, 20, 3, 18, 10, 1, 1, 5, 22, 1, 2, 2, 0, 5, 32, 4, 20, 11, 2, 1, 5, 35, 3, 5, 9, 0,False
0, 2, 0, 1, 1, 0, 0, 5, 3, 0, 1, 0, 0, 0, 4, 1, 8, 6, 0, 0, 5, 5, 0, 1, 0, 0, 2, 18, 1, 8, 6, 0, 0, 5, 21, 1, 1, 2, 0, 4, 20, 3, 18, 10, 1, 1, 5, 22, 1, 2, 2, 0, 5, 32, 4, 20, 11, 2, 1, 5, 35, 3, 5, 9, 0,False
1, 3, 0, 1, 1, 0, 0, 5, 4, 0, 0, 0, 0, 4, 7, 2, 12, 9, 0, 0, 5, 7, 0, 1, 0, 0, 5, 27, 3, 15, 10, 2, 0, 5, 26, 1, 5, 2, 0, 5, 28, 4, 26, 11, 6, 2, 5, 28, 1, 5, 2, 1, 6, 34, 5, 40, 11, 18, 2, 5, 41, 4, 6, 10, 1,True
1, 3, 0, 1, 1, 0, 0, 5, 4, 0, 0, 0, 0, 4, 7, 2, 12, 9, 0, 0, 5, 7, 0, 1, 0, 0, 5, 27, 3, 15, 10, 2, 0, 5, 26, 1, 5, 2, 0, 5, 28, 4, 26, 11, 6, 2, 5, 28, 1, 5, 2, 1, 6, 34, 5, 39, 11, 17, 2, 5, 41, 4, 6, 10, 1,True
1, 3, 0, 1, 1, 0, 0, 5, 4, 0, 0, 0, 0, 4, 7, 2, 12, 9, 0, 0, 5, 7, 0, 1, 0, 0, 5, 27, 3, 15, 10, 2, 0, 5, 26, 1, 5, 2, 0, 5, 28, 4, 26, 11, 6, 2, 5, 28, 1, 5, 2, 1, 6, 34, 5, 40, 11, 18, 2, 5, 41, 4, 6, 10, 1,True
1, 2, 0, 1, 1, 0, 0, 13, 2, 0, 1, 0, 0, 3, 4, 1, 6, 1, 3, 0, 13, 3, 0, 2, 0, 0, 6, 6, 2, 16, 5, 7, 1, 13, 9, 2, 4, 1, 1, 8, 18, 4, 33, 9, 17, 1, 13, 22, 2, 7, 1, 1, 9, 31, 8, 48, 13, 23, 2, 13, 40, 4, 10, 1, 1,True
1, 3, 0, 1, 1, 0, 0, 7, 4, 0, 0, 0, 0, 4, 7, 2, 13, 10, 0, 0, 7, 7, 0, 1, 0, 0, 5, 31, 3, 16, 11, 2, 0, 7, 30, 1, 6, 3, 0, 5, 32, 4, 27, 12, 6, 2, 7, 32, 1, 6, 3, 1, 6, 38, 5, 39, 12, 16, 2, 7, 45, 4, 7, 12, 1,True
0, 0, 0, 1, 0, 1, 0, 5, 0, 0, 2, 0, 0, 0, 0, 0, 3, 0, 3, 0, 5, 0, 0, 2, 0, 0, 2, 2, 0, 3, 0, 3, 0, 5, 1, 0, 4, 0, 0, 4, 5, 1, 14, 3, 9, 1, 5, 4, 0, 4, 0, 0, 8, 15, 3, 22, 10, 9, 1, 5, 18, 0, 5, 0, 1,False
1, 3, 0, 1, 1, 0, 0, 5, 4, 0, 0, 0, 0, 4, 7, 2, 12, 9, 0, 0, 5, 7, 0, 1, 0, 0, 5, 27, 3, 15, 10, 2, 0, 5, 26, 1, 5, 2, 0, 5, 28, 4, 26, 11, 6, 2, 5, 28, 1, 5, 2, 1, 6, 34, 5, 39, 11, 17, 2, 5, 41, 4, 6, 10, 1,True
1, 3, 0, 1, 1, 0, 0, 5, 4, 0, 0, 0, 0, 4, 7, 2, 12, 9, 0, 0, 5, 7, 0, 1, 0, 0, 5, 27, 3, 15, 10, 2, 0, 5, 26, 1, 5, 2, 0, 5, 28, 4, 26, 11, 6, 2, 5, 28, 1, 5, 2, 1, 6, 34, 5, 40, 11, 18, 2, 5, 41, 4, 6, 10, 1,True
1, 3, 0, 1, 1, 0, 0, 5, 4, 0, 0, 0, 0, 4, 7, 2, 12, 9, 0, 0, 5, 7, 0, 1, 0, 0, 5, 27, 3, 15, 10, 2, 0, 5, 26, 1, 5, 2, 0, 5, 28, 4, 25, 11, 6, 1, 5, 28, 1, 5, 2, 1, 6, 34, 5, 38, 11, 17, 1, 5, 41, 4, 6, 10, 1,True
0, 0, 0, 1, 0, 1, 0, 5, 0, 0, 2, 0, 0, 0, 0, 0, 3, 0, 3, 0, 5, 0, 0, 2, 0, 0, 2, 2, 0, 3, 0, 3, 0, 5, 1, 0, 4, 0, 0, 4, 5, 1, 14, 3, 9, 1, 5, 4, 0, 4, 0, 0, 8, 15, 3, 22, 10, 9, 1, 5, 18, 0, 5, 0, 1,False
0, 0, 0, 1, 0, 1, 0, 6, 0, 0, 2, 0, 0, 0, 0, 0, 3, 0, 3, 0, 6, 0, 0, 2, 0, 0, 2, 2, 0, 3, 0, 3, 0, 6, 1, 0, 4, 0, 1, 4, 5, 2, 25, 3, 20, 1, 6, 4, 0, 4, 0, 1, 8, 15, 4, 33, 10, 20, 1, 6, 21, 0, 5, 0, 1,False
0, 2, 0, 1, 1, 0, 0, 6, 3, 0, 1, 0, 0, 0, 4, 1, 9, 7, 0, 0, 6, 5, 0, 1, 0, 0, 4, 22, 1, 9, 7, 0, 0, 6, 26, 1, 4, 3, 0, 6, 25, 7, 30, 13, 10, 1, 6, 28, 1, 5, 3, 1, 9, 47, 9, 43, 14, 22, 1, 6, 60, 4, 9, 10, 1,False
1, 1, 0, 1, 0, 0, 1, 49, 3, 0, 0, 0, 0, 3, 3, 4, 22, 4, 13, 3, 49, 6, 0, 0, 0, 0, 16, 31, 5, 29, 8, 15, 3, 49, 33, 4, 15, 0, 1, 29, 60, 8, 76, 30, 29, 3, 49, 65, 5, 15, 2, 1, 37, 136, 9, 89, 37, 29, 3, 49, 143, 10, 22, 14, 1,True
0, 0, 0, 1, 0, 1, 0, 5, 0, 0, 2, 0, 0, 0, 0, 0, 3, 0, 3, 0, 5, 0, 0, 2, 0, 0, 2, 2, 0, 3, 0, 3, 0, 5, 1, 0, 4, 0, 0, 4, 5, 1, 14, 3, 9, 1, 5, 4, 0, 4, 0, 0, 8, 15, 3, 22, 10, 9, 1, 5, 18, 0, 5, 0, 1,False
0, 0, 0, 1, 0, 1, 0, 6, 0, 0, 2, 0, 0, 0, 0, 0, 3, 0, 3, 0, 6, 0, 0, 2, 0, 0, 2, 2, 0, 3, 0, 3, 0, 6, 1, 0, 4, 0, 0, 4, 5, 1, 14, 3, 9, 1, 6, 4, 0, 4, 0, 0, 8, 15, 3, 22, 10, 9, 1, 6, 18, 0, 5, 0, 1,False
2, 2, 0, 1, 0, 1, 0, 5, 1, 0, 3, 0, 0, 4, 5, 1, 13, 3, 8, 1, 5, 4, 0, 3, 0, 0, 8, 15, 3, 21, 10, 8, 1, 5, 18, 0, 5, 0, 1, 8, 30, 8, 44, 12, 24, 1, 5, 32, 1, 7, 0, 1, 8, 40, 8, 47, 12, 24, 1, 5, 52, 6, 8, 6, 1,True
1, 3, 0, 1, 1, 0, 0, 6, 5, 0, 0, 0, 0, 5, 7, 5, 22, 10, 9, 0, 6, 8, 0, 2, 0, 0, 8, 32, 7, 27, 13, 11, 0, 6, 41, 2, 9, 3, 1, 9, 43, 9, 54, 14, 23, 2, 6, 54, 2, 9, 3, 1, 9, 48, 9, 59, 14, 24, 2, 6, 69, 12, 12, 14, 1,True
2, 2, 0, 1, 0, 1, 0, 5, 1, 0, 3, 0, 0, 4, 5, 1, 13, 3, 8, 1, 5, 4, 0, 3, 0, 0, 8, 15, 3, 21, 10, 8, 1, 5, 18, 0, 5, 0, 1, 8, 30, 8, 44, 12, 24, 1, 5, 32, 1, 7, 0, 1, 8, 40, 8, 47, 12, 24, 1, 5, 52, 6, 8, 6, 1,True
2, 2, 0, 1, 0, 1, 0, 6, 1, 0, 3, 0, 0, 4, 5, 1, 13, 3, 8, 1, 6, 4, 0, 3, 0, 0, 8, 15, 3, 21, 10, 8, 1, 6, 18, 0, 5, 0, 1, 8, 30, 8, 47, 12, 27, 1, 6, 32, 1, 7, 0, 1, 8, 38, 8, 50, 12, 27, 1, 6, 50, 6, 8, 6, 1,True
2, 2, 0, 1, 0, 1, 0, 5, 1, 0, 3, 0, 0, 4, 5, 1, 13, 3, 8, 1, 5, 4, 0, 3, 0, 0, 8, 15, 3, 21, 10, 8, 1, 5, 18, 0, 5, 0, 1, 8, 30, 8, 47, 12, 27, 1, 5, 32, 1, 7, 0, 1, 8, 40, 8, 50, 12, 27, 1, 5, 52, 6, 8, 6, 1,True
2, 2, 0, 1, 0, 1, 0, 6, 1, 0, 3, 0, 0, 4, 5, 1, 13, 3, 8, 1, 6, 4, 0, 3, 0, 0, 8, 15, 3, 21, 10, 8, 1, 6, 18, 0, 5, 0, 1, 8, 30, 8, 44, 12, 24, 1, 6, 32, 1, 7, 0, 1, 8, 40, 8, 47, 12, 24, 1, 6, 52, 6, 8, 6, 1,True
1, 1, 0, 1, 0, 0, 1, 49, 3, 0, 2, 0, 0, 7, 9, 5, 29, 6, 17, 3, 49, 8, 0, 6, 2, 0, 19, 39, 7, 41, 15, 19, 3, 49, 45, 5, 13, 2, 1, 31, 88, 8, 83, 33, 29, 3, 49, 88, 5, 22, 3, 1, 36, 148, 9, 92, 38, 29, 4, 49, 163, 13, 26, 23, 1,True
1, 1, 0, 1, 0, 0, 1, 32, 3, 2, 0, 0, 0, 1, 1, 4, 23, 0, 17, 3, 32, 3, 2, 0, 0, 0, 6, 6, 4, 23, 0, 17, 3, 32, 11, 2, 1, 0, 1, 8, 8, 6, 57, 8, 35, 7, 32, 12, 2, 4, 0, 1, 9, 26, 6, 59, 9, 35, 7, 32, 34, 4, 9, 2, 1,False
0, 3, 0, 1, 1, 0, 0, 24, 4, 0, 0, 0, 0, 0, 7, 0, 12, 10, 0, 0, 24, 8, 0, 0, 0, 0, 3, 27, 0, 12, 10, 0, 0, 24, 34, 5, 22, 3, 0, 8, 33, 7, 69, 17, 20, 1, 24, 40, 5, 23, 3, 0, 16, 67, 8, 75, 20, 21, 2, 24, 89, 29, 27, 11, 1,False
0, 0, 0, 1, 0, 0, 0, 6, 1, 0, 0, 0, 0, 0, 0, 0, 5, 0, 1, 3, 6, 1, 0, 0, 0, 0, 2, 3, 0, 5, 0, 1, 3, 6, 5, 0, 3, 0, 1, 7, 9, 6, 34, 8, 20, 4, 6, 11, 1, 4, 0, 1, 8, 23, 8, 42, 16, 20, 4, 6, 36, 7, 21, 2, 1,True
0, 3, 0, 1, 1, 0, 0, 26, 4, 0, 0, 0, 0, 0, 5, 1, 14, 12, 0, 0, 26, 7, 0, 0, 0, 0, 2, 35, 1, 16, 13, 0, 0, 26, 41, 1, 9, 5, 0, 4, 46, 3, 36, 23, 1, 4, 26, 52, 2, 11, 5, 0, 6, 83, 4, 40, 26, 2, 4, 26, 91, 5, 21, 15, 1,False
1, 2, 0, 1, 1, 0, 0, 29, 3, 0, 0, 0, 0, 8, 12, 1, 12, 3, 4, 1, 29, 11, 0, 2, 0, 0, 20, 33, 3, 26, 13, 6, 2, 29, 35, 2, 8, 3, 1, 31, 90, 8, 73, 31, 29, 3, 29, 83, 3, 18, 5, 1, 37, 146, 9, 83, 37, 29, 4, 29, 156, 12, 25, 14, 1,True
1, 1, 0, 1, 0, 0, 1, 32, 1, 0, 0, 0, 0, 2, 2, 0, 7, 2, 2, 2, 32, 1, 0, 1, 0, 0, 5, 6, 1, 8, 2, 3, 2, 32, 11, 0, 1, 0, 1, 9, 10, 8, 58, 12, 35, 5, 32, 14, 0, 3, 0, 1, 10, 45, 8, 63, 13, 36, 7, 32, 56, 5, 17, 2, 1,True
0, 3, 0, 1, 1, 0, 0, 34, 4, 0, 0, 0, 0, 0, 5, 1, 14, 12, 0, 0, 34, 7, 0, 0, 0, 0, 2, 34, 1, 16, 13, 0, 0, 34, 40, 1, 9, 5, 1, 5, 48, 5, 38, 17, 9, 4, 34, 54, 2, 11, 5, 1, 6, 78, 5, 46, 25, 9, 4, 34, 86, 5, 19, 15, 1,False
1, 1, 0, 1, 0, 0, 1, 23, 2, 0, 0, 0, 0, 8, 8, 1, 17, 3, 7, 3, 23, 9, 0, 0, 0, 1, 23, 34, 4, 35, 13, 14, 3, 23, 43, 6, 3, 1, 1, 33, 80, 8, 67, 19, 35, 3, 23, 80, 6, 16, 1, 1, 36, 103, 8, 80, 23, 36, 3, 23, 115, 9, 26, 18, 1,True
0, 0, 0, 1, 0, 0, 0, 6, 0, 0, 1, 0, 0, 2, 2, 1, 6, 2, 3, 0, 6, 2, 0, 1, 0, 0, 6, 7, 3, 13, 8, 4, 0, 6, 10, 1, 10, 0, 1, 8, 25, 8, 48, 14, 21, 3, 6, 32, 3, 23, 0, 1, 8, 31, 8, 68, 22, 21, 4, 6, 47, 9, 27, 1, 1,True
1, 1, 0, 1, 1, 0, 0, 24, 3, 0, 0, 0, 0, 5, 7, 1, 13, 5, 4, 0, 24, 9, 0, 0, 0, 1, 11, 25, 4, 45, 11, 28, 0, 24, 39, 7, 6, 2, 1, 15, 43, 9, 73, 19, 40, 1, 24, 64, 28, 30, 4, 1, 19, 66, 9, 109, 26, 40, 2, 24, 99, 37, 35, 12, 1,True
0, 0, 0, 1, 0, 0, 0, 29, 0, 0, 0, 0, 0, 0, 0, 0, 1, 0, 0, 0, 29, 0, 0, 0, 0, 0, 0, 0, 0, 1, 0, 0, 0, 29, 0, 0, 0, 0, 0, 0, 0, 0, 1, 0, 0, 0, 29, 0, 0, 0, 0, 0, 0, 0, 0, 1, 0, 0, 0, 29, 0, 0, 0, 0, 0,True
1, 1, 0, 1, 0, 0, 1, 26, 1, 0, 1, 0, 0, 6, 6, 0, 12, 3, 4, 4, 26, 6, 0, 1, 0, 0, 7, 14, 0, 17, 8, 4, 4, 26, 24, 0, 1, 4, 1, 8, 31, 6, 51, 22, 18, 4, 26, 41, 0, 5, 4, 1, 10, 57, 8, 59, 29, 18, 4, 26, 75, 5, 19, 14, 1,True
1, 1, 0, 1, 0, 0, 1, 9, 3, 2, 0, 0, 0, 1, 1, 4, 23, 0, 17, 3, 9, 3, 2, 0, 0, 0, 6, 6, 4, 23, 0, 17, 3, 9, 11, 2, 1, 0, 1, 8, 8, 6, 57, 8, 35, 7, 9, 12, 2, 4, 0, 1, 9, 26, 6, 59, 9, 35, 7, 9, 34, 4, 9, 2, 1,True
0, 1, 0, 1, 0, 0, 1, 14, 3, 0, 1, 0, 0, 3, 4, 5, 23, 6, 12, 4, 14, 6, 0, 1, 0, 0, 6, 15, 7, 28, 11, 12, 4, 14, 25, 4, 20, 0, 1, 8, 33, 8, 70, 19, 21, 4, 14, 45, 5, 25, 0, 1, 8, 46, 8, 74, 22, 21, 4, 14, 69, 16, 29, 13, 1,False
1, 1, 0, 1, 0, 0, 1, 34, 1, 0, 1, 0, 0, 6, 6, 0, 11, 1, 5, 4, 34, 6, 0, 1, 0, 0, 7, 11, 0, 18, 8, 5, 4, 34, 19, 0, 1, 4, 1, 8, 28, 6, 45, 19, 17, 4, 34, 38, 0, 5, 4, 1, 10, 54, 8, 55, 25, 18, 4, 34, 67, 3, 16, 6, 1,True
0, 3, 0, 1, 1, 0, 0, 13, 3, 0, 1, 0, 0, 1, 9, 1, 15, 12, 0, 1, 13, 9, 0, 1, 0, 0, 4, 35, 1, 16, 13, 0, 1, 13, 42, 5, 22, 3, 0, 8, 41, 7, 70, 17, 20, 1, 13, 47, 5, 24, 3, 1, 17, 68, 9, 93, 20, 38, 2, 13, 92, 30, 27, 17, 1,False
0, 3, 0, 1, 1, 0, 0, 16, 4, 0, 0, 0, 0, 0, 8, 0, 16, 14, 0, 0, 16, 9, 0, 0, 0, 0, 4, 41, 0, 16, 14, 0, 0, 16, 52, 7, 8, 5, 0, 20, 61, 6, 62, 19, 19, 4, 16, 67, 7, 14, 7, 0, 33, 101, 8, 77, 29, 21, 4, 16, 116, 16, 20, 19, 1,True
0, 0, 0, 1, 1, 0, 0, 9, 2, 0, 3, 0, 1, 0, 3, 3, 52, 10, 33, 3, 9, 5, 1, 3, 0, 1, 3, 25, 3, 61, 18, 33, 3, 9, 37, 9, 22, 5, 1, 6, 46, 10, 113, 31, 45, 9, 9, 53, 10, 30, 6, 1, 6, 69, 10, 118, 33, 45, 9, 9, 104, 30, 39, 36, 1,True
0, 3, 0, 1, 1, 0, 0, 23, 4, 0, 0, 0, 0, 0, 4, 0, 7, 5, 0, 0, 23, 5, 0, 0, 0, 0, 3, 18, 0, 7, 5, 0, 0, 23, 27, 2, 1, 3, 0, 10, 26, 6, 38, 11, 17, 1, 23, 32, 2, 5, 3, 0, 29, 83, 7, 46, 14, 19, 3, 23, 88, 10, 22, 5, 1,False
0, 3, 0, 1, 1, 0, 0, 20, 4, 0, 0, 0, 0, 1, 7, 0, 8, 4, 2, 0, 20, 8, 0, 0, 0, 0, 4, 17, 1, 13, 8, 3, 0, 20, 24, 2, 4, 8, 1, 10, 32, 8, 49, 21, 18, 4, 20, 40, 2, 11, 8, 1, 10, 73, 8, 54, 25, 18, 4, 20, 84, 4, 20, 8, 1,False
0, 2, 0, 1, 1, 0, 0, 9, 3, 0, 1, 0, 0, 0, 3, 1, 11, 9, 0, 0, 9, 4, 0, 1, 0, 0, 2, 33, 1, 11, 9, 0, 0, 9, 38, 1, 6, 7, 0, 4, 35, 2, 23, 15, 2, 0, 9, 39, 1, 7, 7, 0, 7, 49, 3, 25, 16, 3, 0, 9, 57, 3, 13, 15, 1,True
1, 2, 0, 1, 1, 0, 0, 14, 3, 0, 1, 0, 0, 5, 10, 2, 14, 12, 0, 0, 14, 10, 1, 11, 0, 0, 8, 38, 7, 43, 16, 14, 3, 14, 44, 7, 26, 3, 0, 8, 39, 7, 62, 19, 15, 4, 14, 52, 8, 27, 3, 1, 8, 50, 8, 77, 22, 21, 4, 14, 69, 14, 30, 13, 1,True
0, 3, 0, 1, 1, 0, 0, 16, 3, 0, 1, 0, 0, 5, 14, 1, 19, 16, 0, 1, 16, 14, 0, 1, 0, 0, 12, 64, 1, 20, 17, 0, 1, 16, 73, 7, 10, 5, 0, 22, 83, 8, 67, 22, 19, 4, 16, 84, 7, 19, 7, 1, 33, 118, 9, 87, 29, 30, 4, 16, 132, 17, 24, 30, 1,True
0, 3, 0, 1, 1, 0, 0, 13, 4, 0, 0, 0, 0, 0, 7, 0, 12, 10, 0, 0, 13, 8, 0, 0, 0, 0, 3, 27, 0, 12, 10, 0, 0, 13, 34, 5, 22, 3, 0, 8, 33, 7, 69, 17, 20, 1, 13, 40, 5, 23, 3, 0, 16, 67, 8, 75, 20, 21, 2, 13, 89, 29, 27, 11, 1,True
0, 0, 0, 1, 0, 1, 0, 5, 2, 0, 0, 0, 1, 0, 4, 3, 50, 9, 31, 6, 5, 6, 0, 0, 0, 1, 3, 25, 3, 57, 15, 31, 6, 5, 35, 10, 12, 5, 1, 6, 48, 10, 100, 28, 42, 8, 5, 52, 11, 19, 6, 1, 6, 72, 10, 105, 30, 42, 8, 5, 101, 26, 27, 28, 1,True
0, 3, 0, 1, 1, 0, 0, 22, 6, 0, 0, 0, 0, 1, 6, 4, 17, 4, 10, 1, 22, 9, 0, 0, 0, 0, 4, 15, 5, 21, 7, 11, 1, 22, 25, 2, 4, 7, 0, 10, 29, 7, 44, 17, 15, 4, 22, 39, 2, 9, 7, 1, 10, 68, 8, 53, 23, 18, 4, 22, 79, 6, 18, 9, 1,False
1, 2, 0, 1, 1, 0, 0, 18, 3, 0, 0, 0, 0, 8, 9, 1, 14, 3, 4, 3, 18, 10, 0, 0, 0, 1, 23, 34, 4, 32, 13, 11, 3, 18, 41, 2, 2, 3, 1, 33, 80, 8, 58, 19, 26, 3, 18, 78, 2, 15, 3, 1, 36, 103, 8, 71, 23, 27, 3, 18, 115, 11, 28, 18, 1,True
0, 2, 0, 1, 1, 0, 0, 5, 3, 0, 1, 0, 0, 0, 3, 1, 11, 9, 0, 0, 5, 4, 0, 1, 0, 0, 2, 33, 1, 11, 9, 0, 0, 5, 38, 1, 6, 7, 0, 4, 35, 2, 23, 15, 2, 0, 5, 39, 1, 7, 7, 0, 7, 49, 3, 25, 16, 3, 0, 5, 57, 3, 13, 15, 1,True
1, 1, 0, 1, 0, 0, 1, 20, 1, 0, 1, 0, 0, 6, 6, 0, 12, 3, 4, 4, 20, 6, 0, 1, 0, 0, 7, 14, 0, 17, 8, 4, 4, 20, 24, 0, 1, 4, 1, 8, 31, 6, 51, 22, 18, 4, 20, 41, 0, 5, 4, 1, 10, 57, 8, 59, 29, 18, 4, 20, 75, 5, 19, 14, 1,True
0, 3, 0, 1, 1, 0, 0, 8, 4, 0, 0, 0, 0, 0, 8, 0, 16, 14, 0, 0, 8, 9, 0, 0, 0, 0, 4, 41, 0, 16, 14, 0, 0, 8, 52, 7, 8, 5, 0, 20, 61, 6, 62, 19, 19, 4, 8, 67, 7, 14, 7, 0, 33, 101, 8, 77, 29, 21, 4, 8, 116, 16, 20, 19, 1,True
0, 3, 0, 1, 1, 0, 0, 8, 4, 0, 0, 0, 0, 0, 7, 0, 10, 8, 0, 0, 8, 8, 0, 0, 0, 0, 1, 21, 0, 10, 8, 0, 0, 8, 27, 6, 12, 3, 0, 6, 27, 7, 46, 15, 13, 4, 8, 31, 7, 22, 3, 1, 8, 42, 8, 63, 17, 20, 4, 8, 57, 12, 27, 9, 1,True
0, 0, 0, 1, 1, 0, 0, 9, 0, 0, 0, 0, 0, 0, 0, 0, 1, 1, 0, 0, 9, 0, 0, 0, 0, 0, 0, 0, 0, 1, 1, 0, 0, 9, 0, 0, 0, 0, 0, 0, 0, 0, 1, 1, 0, 0, 9, 0, 0, 0, 0, 0, 0, 0, 0, 1, 1, 0, 0, 9, 0, 0, 0, 0, 0,True
0, 0, 0, 1, 0, 1, 0, 5, 2, 0, 0, 0, 1, 0, 4, 3, 57, 14, 32, 5, 5, 6, 0, 3, 0, 1, 3, 27, 4, 65, 20, 32, 6, 5, 38, 10, 22, 5, 1, 6, 49, 10, 110, 30, 43, 8, 5, 55, 11, 29, 9, 1, 6, 69, 10, 114, 32, 43, 8, 5, 104, 30, 38, 36, 1,True
0, 3, 0, 1, 1, 0, 0, 8, 4, 0, 0, 0, 0, 0, 8, 0, 16, 14, 0, 0, 8, 9, 0, 0, 0, 0, 4, 41, 0, 16, 14, 0, 0, 8, 52, 7, 8, 5, 0, 20, 61, 6, 62, 19, 19, 4, 8, 67, 7, 14, 7, 0, 33, 101, 8, 77, 29, 21, 4, 8, 116, 16, 20, 19, 1,True
0, 2, 0, 1, 1, 0, 0, 5, 3, 0, 1, 0, 0, 0, 3, 1, 11, 9, 0, 0, 5, 4, 0, 1, 0, 0, 2, 33, 1, 11, 9, 0, 0, 5, 38, 1, 6, 7, 0, 4, 35, 2, 23, 15, 2, 0, 5, 39, 1, 7, 7, 0, 7, 49, 3, 25, 16, 3, 0, 5, 57, 3, 13, 15, 1,True
1, 1, 0, 1, 0, 0, 1, 22, 1, 0, 1, 0, 0, 6, 6, 0, 11, 1, 5, 4, 22, 6, 0, 1, 0, 0, 7, 11, 0, 18, 8, 5, 4, 22, 19, 0, 1, 4, 1, 8, 28, 6, 45, 19, 17, 4, 22, 38, 0, 5, 4, 1, 10, 54, 8, 55, 25, 18, 4, 22, 67, 3, 16, 6, 1,True
0, 3, 0, 1, 1, 0, 0, 15, 4, 0, 0, 0, 0, 1, 7, 0, 8, 4, 2, 0, 15, 8, 0, 0, 0, 0, 4, 17, 1, 13, 8, 3, 0, 15, 24, 2, 4, 8, 1, 10, 32, 8, 49, 21, 18, 4, 15, 40, 2, 11, 8, 1, 10, 73, 8, 54, 25, 18, 4, 15, 84, 4, 20, 8, 1,False
0, 3, 0, 1, 1, 0, 0, 8, 3, 0, 2, 0, 0, 1, 9, 1, 14, 10, 0, 2, 8, 9, 0, 2, 0, 1, 4, 30, 3, 27, 11, 12, 2, 8, 39, 7, 12, 3, 1, 6, 34, 8, 58, 17, 20, 4, 8, 42, 9, 23, 3, 1, 8, 46, 8, 71, 18, 23, 4, 8, 65, 15, 28, 13, 1,True
1, 1, 0, 1, 0, 0, 1, 18, 2, 0, 0, 0, 0, 8, 8, 1, 17, 3, 7, 3, 18, 9, 0, 0, 0, 1, 23, 34, 4, 35, 13, 14, 3, 18, 43, 6, 3, 2, 1, 33, 80, 8, 67, 19, 35, 3, 18, 80, 6, 16, 2, 1, 36, 103, 8, 80, 23, 36, 3, 18, 115, 9, 26, 18, 1,True
0, 0, 0, 1, 0, 1, 0, 5, 0, 0, 0, 0, 0, 0, 0, 0, 1, 0, 1, 0, 5, 0, 0, 0, 0, 0, 0, 0, 0, 1, 0, 1, 0, 5, 0, 0, 0, 0, 0, 0, 0, 0, 1, 0, 1, 0, 5, 0, 0, 0, 0, 0, 0, 0, 0, 1, 0, 1, 0, 5, 0, 0, 0, 0, 0,True
1, 1, 0, 1, 0, 0, 1, 19, 3, 2, 0, 0, 0, 1, 1, 4, 23, 0, 17, 3, 19, 3, 2, 0, 0, 0, 6, 6, 4, 23, 0, 17, 3, 19, 11, 2, 1, 0, 1, 8, 8, 6, 57, 8, 35, 7, 19, 12, 2, 4, 0, 1, 9, 26, 6, 59, 9, 35, 7, 19, 34, 4, 9, 2, 1,False
0, 3, 0, 1, 1, 0, 0, 17, 4, 0, 0, 0, 0, 1, 6, 0, 7, 4, 1, 0, 17, 7, 0, 0, 0, 0, 3, 14, 1, 11, 7, 2, 0, 17, 21, 2, 3, 7, 0, 6, 25, 7, 33, 16, 11, 1, 17, 31, 2, 9, 7, 1, 10, 64, 8, 45, 18, 18, 4, 17, 73, 4, 18, 7, 1,False
1, 1, 0, 1, 0, 0, 1, 15, 1, 0, 1, 0, 0, 6, 6, 0, 12, 3, 4, 4, 15, 6, 0, 1, 0, 0, 7, 14, 0, 17, 8, 4, 4, 15, 24, 0, 1, 4, 1, 8, 31, 6, 51, 22, 18, 4, 15, 41, 0, 5, 4, 1, 10, 57, 8, 59, 29, 18, 4, 15, 75, 5, 19, 14, 1,True
0, 3, 0, 1, 1, 0, 0, 7, 2, 0, 1, 0, 0, 0, 9, 3, 19, 11, 2, 3, 7, 7, 0, 7, 0, 1, 1, 35, 5, 48, 17, 24, 3, 7, 37, 6, 18, 2, 1, 5, 47, 10, 98, 29, 42, 8, 7, 52, 9, 27, 10, 1, 6, 66, 10, 116, 34, 44, 9, 7, 90, 20, 36, 31, 1,True
2, 3, 0, 1, 1, 0, 0, 19, 3, 0, 1, 0, 0, 3, 4, 1, 11, 2, 4, 2, 19, 4, 0, 1, 0, 0, 7, 8, 3, 17, 7, 4, 2, 19, 16, 2, 2, 1, 1, 9, 31, 8, 60, 12, 35, 5, 19, 37, 2, 12, 1, 1, 10, 45, 8, 74, 19, 36, 7, 19, 58, 7, 19, 2, 1,True
0, 0, 0, 1, 0, 1, 0, 5, 0, 0, 0, 0, 0, 0, 0, 0, 1, 0, 1, 0, 5, 0, 0, 0, 0, 0, 0, 0, 0, 1, 0, 1, 0, 5, 0, 0, 0, 0, 0, 0, 0, 0, 1, 0, 1, 0, 5, 0, 0, 0, 0, 0, 0, 0, 0, 1, 0, 1, 0, 5, 0, 0, 0, 0, 0,True
1, 4, 0, 1, 1, 0, 0, 10, 7, 0, 1, 0, 0, 7, 13, 4, 25, 6, 12, 4, 10, 16, 0, 1, 0, 0, 8, 25, 5, 35, 15, 13, 4, 10, 39, 2, 4, 8, 1, 10, 48, 8, 69, 30, 24, 4, 10, 63, 2, 15, 8, 1, 10, 90, 8, 70, 30, 24, 4, 10, 106, 8, 33, 15, 1,True
0, 2, 0, 1, 1, 0, 0, 6, 3, 0, 1, 0, 0, 0, 3, 1, 11, 9, 0, 0, 6, 4, 0, 1, 0, 0, 2, 33, 1, 11, 9, 0, 0, 6, 38, 1, 6, 7, 0, 4, 35, 2, 23, 15, 2, 0, 6, 39, 1, 7, 7, 0, 7, 49, 3, 25, 16, 3, 0, 6, 57, 3, 13, 15, 1,True
1, 1, 0, 1, 0, 0, 1, 17, 1, 0, 1, 0, 0, 6, 6, 0, 11, 1, 5, 4, 17, 6, 0, 1, 0, 0, 7, 11, 0, 18, 8, 5, 4, 17, 19, 0, 1, 4, 1, 8, 28, 6, 45, 19, 17, 4, 17, 38, 0, 5, 4, 1, 10, 54, 8, 55, 25, 18, 4, 17, 67, 3, 16, 6, 1,True
0, 3, 0, 1, 1, 0, 0, 7, 2, 0, 1, 0, 0, 0, 10, 3, 22, 13, 3, 4, 7, 7, 0, 3, 0, 1, 1, 36, 5, 49, 18, 24, 5, 7, 40, 5, 13, 2, 1, 5, 54, 10, 96, 26, 41, 8, 7, 59, 8, 19, 7, 1, 6, 69, 10, 108, 31, 42, 8, 7, 92, 23, 28, 25, 1,True
0, 3, 0, 1, 1, 0, 0, 7, 2, 0, 1, 0, 0, 0, 9, 3, 19, 11, 2, 3, 7, 7, 0, 7, 0, 1, 1, 35, 5, 48, 17, 24, 3, 7, 37, 6, 18, 2, 1, 5, 47, 10, 98, 29, 42, 8, 7, 52, 9, 27, 10, 1, 6, 66, 10, 116, 34, 44, 9, 7, 90, 20, 36, 31, 1,True
0, 2, 0, 1, 1, 0, 0, 6, 3, 0, 1, 0, 0, 0, 3, 1, 11, 9, 0, 0, 6, 4, 0, 1, 0, 0, 2, 33, 1, 11, 9, 0, 0, 6, 38, 1, 6, 7, 0, 4, 35, 2, 23, 15, 2, 0, 6, 39, 1, 7, 7, 0, 7, 49, 3, 25, 16, 3, 0, 6, 57, 3, 13, 15, 1,True
0, 2, 0, 1, 1, 0, 0, 10, 3, 0, 1, 0, 0, 0, 3, 1, 13, 11, 0, 0, 10, 4, 0, 1, 0, 0, 2, 32, 1, 13, 11, 0, 0, 10, 37, 1, 9, 5, 0, 4, 43, 3, 30, 19, 0, 4, 10, 49, 1, 9, 5, 0, 6, 78, 4, 36, 23, 1, 4, 10, 86, 4, 17, 15, 0,False
1, 4, 0, 1, 1, 0, 0, 11, 5, 0, 0, 0, 0, 3, 8, 0, 9, 6, 1, 0, 11, 8, 0, 1, 0, 1, 8, 23, 2, 27, 9, 12, 4, 11, 30, 2, 4, 7, 1, 10, 33, 8, 47, 20, 18, 4, 11, 44, 2, 9, 7, 1, 10, 72, 8, 54, 23, 19, 4, 11, 83, 4, 22, 8, 1,True
0, 2, 0, 1, 1, 0, 0, 5, 3, 0, 1, 0, 0, 0, 3, 1, 11, 9, 0, 0, 5, 4, 0, 1, 0, 0, 2, 33, 1, 11, 9, 0, 0, 5, 38, 1, 6, 7, 0, 4, 35, 2, 23, 15, 2, 0, 5, 39, 1, 7, 7, 0, 7, 49, 3, 25, 16, 3, 0, 5, 57, 3, 13, 15, 1,False
0, 3, 0, 1, 1, 0, 0, 7, 2, 0, 1, 0, 0, 0, 9, 3, 22, 11, 4, 4, 7, 7, 0, 8, 0, 1, 1, 34, 5, 56, 21, 26, 4, 7, 38, 5, 21, 2, 1, 5, 51, 10, 101, 28, 42, 7, 7, 56, 8, 28, 10, 1, 6, 66, 10, 115, 33, 43, 8, 7, 92, 23, 36, 30, 1,True
0, 2, 0, 1, 1, 0, 0, 20, 3, 0, 0, 0, 0, 0, 4, 1, 9, 5, 2, 0, 20, 4, 0, 1, 0, 1, 0, 11, 4, 41, 13, 25, 0, 20, 15, 3, 5, 2, 1, 4, 37, 4, 57, 20, 26, 2, 20, 46, 7, 26, 5, 1, 6, 57, 10, 111, 31, 44, 9, 20, 68, 14, 33, 11, 1,True
0, 3, 0, 1, 1, 0, 0, 7, 2, 0, 1, 0, 0, 0, 10, 3, 22, 13, 3, 4, 7, 7, 0, 3, 0, 1, 1, 36, 5, 49, 18, 24, 5, 7, 40, 5, 13, 2, 1, 5, 54, 10, 96, 26, 41, 8, 7, 59, 8, 19, 7, 1, 6, 69, 10, 108, 31, 42, 8, 7, 92, 23, 28, 25, 1,True
1, 3, 0, 1, 1, 0, 0, 5, 4, 0, 0, 0, 0, 4, 6, 2, 15, 12, 0, 0, 5, 6, 0, 1, 0, 0, 5, 42, 3, 17, 13, 1, 0, 5, 44, 1, 9, 7, 0, 6, 44, 3, 32, 16, 5, 3, 5, 47, 1, 9, 7, 1, 8, 51, 4, 53, 17, 23, 3, 5, 61, 4, 14, 16, 1,True
0, 2, 0, 1, 1, 0, 0, 11, 3, 0, 1, 0, 0, 0, 3, 1, 13, 11, 0, 0, 11, 4, 0, 1, 0, 0, 2, 32, 1, 13, 11, 0, 0, 11, 37, 1, 9, 5, 0, 4, 43, 3, 28, 16, 1, 4, 11, 49, 1, 9, 5, 0, 6, 76, 4, 34, 20, 2, 4, 11, 82, 4, 17, 15, 1,False
0, 0, 0, 1, 0, 0, 1, 20, 3, 0, 0, 0, 0, 0, 0, 4, 33, 7, 19, 5, 20, 3, 0, 0, 0, 0, 3, 15, 4, 33, 7, 19, 5, 20, 24, 6, 10, 3, 1, 6, 27, 8, 98, 25, 43, 9, 20, 34, 6, 18, 4, 1, 6, 59, 10, 107, 32, 43, 9, 20, 82, 22, 30, 21, 1,True
0, 0, 0, 1, 1, 0, 0, 12, 2, 0, 1, 1, 0, 0, 1, 0, 24, 5, 10, 5, 12, 3, 0, 1, 3, 0, 1, 8, 0, 27, 7, 11, 5, 12, 16, 7, 7, 6, 1, 4, 23, 8, 85, 23, 40, 8, 12, 27, 9, 11, 6, 1, 5, 59, 10, 91, 29, 40, 8, 12, 78, 18, 22, 16, 1,True
0, 3, 0, 1, 1, 0, 0, 7, 2, 0, 1, 0, 0, 0, 9, 3, 22, 11, 4, 4, 7, 7, 0, 8, 0, 1, 1, 34, 5, 56, 21, 26, 4, 7, 38, 5, 21, 2, 1, 5, 51, 10, 101, 28, 42, 7, 7, 56, 8, 28, 10, 1, 6, 66, 10, 115, 33, 43, 8, 7, 92, 23, 36, 30, 1,True
0, 0, 0, 1, 1, 0, 0, 11, 2, 0, 1, 1, 0, 0, 1, 0, 26, 6, 10, 6, 11, 3, 0, 1, 3, 0, 1, 8, 0, 29, 8, 11, 6, 11, 16, 8, 10, 6, 1, 4, 22, 8, 90, 24, 42, 8, 11, 27, 10, 18, 6, 1, 5, 55, 10, 98, 32, 42, 8, 11, 74, 19, 32, 17, 1,True
0, 2, 0, 1, 1, 0, 0, 12, 3, 0, 0, 0, 0, 0, 11, 1, 16, 12, 1, 0, 12, 10, 0, 2, 0, 1, 0, 39, 5, 48, 20, 23, 2, 12, 44, 6, 14, 1, 1, 4, 62, 10, 93, 26, 40, 8, 12, 67, 8, 20, 7, 1, 6, 72, 10, 106, 30, 42, 8, 12, 89, 20, 25, 24, 1,True
0, 2, 0, 1, 1, 0, 0, 20, 3, 0, 0, 0, 1, 0, 5, 3, 41, 11, 26, 1, 20, 5, 0, 3, 0, 1, 3, 27, 4, 48, 16, 26, 2, 20, 37, 6, 24, 5, 1, 6, 48, 10, 110, 30, 43, 8, 20, 53, 7, 29, 6, 1, 6, 69, 10, 115, 32, 43, 8, 20, 102, 30, 39, 35, 1,True
0, 2, 0, 1, 1, 0, 0, 11, 3, 0, 0, 0, 0, 0, 7, 1, 15, 11, 1, 0, 11, 7, 0, 1, 0, 1, 0, 32, 4, 46, 18, 24, 0, 11, 39, 7, 16, 1, 1, 4, 54, 10, 95, 27, 41, 9, 11, 59, 9, 29, 4, 1, 6, 67, 10, 113, 32, 44, 9, 11, 86, 20, 33, 28, 1,True
0, 0, 0, 1, 0, 0, 1, 20, 3, 0, 0, 0, 0, 0, 0, 4, 32, 6, 20, 4, 20, 3, 0, 0, 0, 0, 3, 16, 4, 32, 6, 20, 4, 20, 24, 5, 9, 3, 1, 6, 28, 8, 96, 26, 41, 8, 20, 33, 5, 19, 4, 1, 6, 62, 10, 103, 31, 41, 8, 20, 82, 20, 30, 21, 1,True
0, 0, 0, 1, 1, 0, 0, 11, 2, 0, 3, 1, 1, 0, 3, 3, 55, 12, 32, 5, 11, 5, 0, 4, 3, 1, 3, 26, 4, 63, 19, 32, 5, 11, 34, 8, 22, 6, 1, 6, 48, 10, 109, 30, 43, 8, 11, 51, 11, 29, 7, 1, 6, 69, 10, 113, 32, 43, 8, 11, 104, 29, 37, 37, 1,True
0, 2, 0, 1, 1, 0, 0, 11, 3, 0, 0, 0, 1, 0, 8, 3, 46, 16, 25, 1, 11, 8, 0, 3, 0, 1, 3, 42, 4, 51, 20, 25, 2, 11, 51, 8, 25, 4, 1, 6, 57, 10, 111, 30, 43, 8, 11, 61, 8, 29, 5, 1, 6, 69, 10, 114, 32, 43, 8, 11, 103, 30, 38, 40, 1,True
0, 1, 0, 1, 1, 0, 0, 21, 2, 0, 0, 0, 0, 0, 2, 0, 18, 6, 4, 6, 21, 3, 0, 0, 0, 0, 0, 10, 0, 18, 6, 4, 6, 21, 17, 2, 1, 1, 1, 0, 21, 0, 49, 6, 31, 6, 21, 24, 2, 5, 1, 1, 0, 25, 0, 57, 14, 31, 6, 21, 38, 6, 10, 4, 1,True
0, 0, 0, 1, 0, 1, 0, 21, 1, 0, 0, 0, 1, 0, 2, 0, 20, 5, 7, 6, 21, 3, 0, 1, 0, 1, 0, 16, 0, 23, 6, 9, 6, 21, 19, 2, 5, 1, 1, 0, 25, 0, 56, 13, 31, 6, 21, 26, 2, 8, 1, 1, 0, 38, 0, 57, 14, 31, 6, 21, 51, 6, 14, 3, 1,False
0, 0, 0, 1, 0, 1, 0, 7, 3, 0, 0, 0, 1, 0, 0, 0, 11, 0, 10, 0, 7, 3, 0, 0, 0, 1, 0, 0, 0, 11, 0, 10, 0, 7, 13, 13, 1, 1, 1, 0, 0, 0, 28, 0, 11, 1, 7, 13, 13, 1, 1, 1, 0, 4, 0, 28, 0, 11, 1, 7, 33, 15, 3, 1, 1,False
0, 0, 0, 1, 0, 1, 0, 11, 2, 0, 0, 0, 0, 0, 0, 0, 40, 5, 27, 6, 11, 2, 0, 0, 0, 0, 0, 11, 0, 40, 5, 27, 6, 11, 20, 2, 5, 1, 1, 0, 19, 0, 54, 8, 32, 6, 11, 27, 2, 6, 1, 1, 0, 29, 0, 60, 14, 32, 6, 11, 46, 8, 12, 9, 1,False
0, 10, 0, 1, 1, 0, 0, 11, 5, 0, 5, 0, 0, 0, 15, 0, 5, 3, 2, 0, 11, 10, 0, 6, 0, 0, 0, 20, 0, 10, 8, 2, 0, 11, 16, 0, 8, 0, 1, 0, 34, 0, 45, 9, 29, 6, 11, 30, 0, 12, 0, 1, 0, 37, 0, 46, 10, 29, 6, 11, 44, 1, 13, 7, 1,True
0, 0, 0, 1, 0, 1, 0, 7, 5, 12, 0, 0, 0, 0, 0, 0, 25, 0, 10, 1, 7, 5, 12, 0, 0, 0, 0, 4, 0, 25, 0, 10, 1, 7, 29, 13, 1, 0, 1, 0, 4, 0, 28, 0, 11, 1, 7, 29, 13, 1, 0, 1, 0, 4, 0, 28, 0, 11, 1, 7, 33, 15, 3, 1, 1,True
