[0, 3, 0, 1, 1, 0, 0, 5, 3, 0, 0, 0, 0, 0, 4, 0, 6, 2, 1, 1, 5, 3, 0, 1, 0, 0, 1, 7, 1, 9, 3, 2, 1, 5, 9, 1, 3, 2, 0, 2, 10, 1, 17, 3, 5, 1, 5, 11, 1, 4, 2, 1, 2, 10, 1, 20, 3, 8, 1, 5, 19, 3, 8, 3, 1]	True
[0, 0, 0, 1, 1, 0, 0, 5, 0, 0, 0, 0, 0, 0, 0, 0, 1, 1, 0, 0, 5, 0, 0, 0, 0, 0, 0, 0, 0, 1, 1, 0, 0, 5, 0, 0, 0, 0, 0, 0, 0, 0, 1, 1, 0, 0, 5, 0, 0, 0, 0, 0, 0, 0, 0, 1, 1, 0, 0, 5, 0, 0, 0, 0, 0]	True
[0, 0, 0, 1, 0, 1, 0, 5, 0, 0, 0, 0, 0, 0, 0, 0, 1, 0, 1, 0, 5, 0, 0, 0, 0, 0, 0, 0, 0, 1, 0, 1, 0, 5, 0, 0, 0, 0, 0, 0, 0, 0, 1, 0, 1, 0, 5, 0, 0, 0, 0, 0, 0, 0, 0, 1, 0, 1, 0, 5, 0, 0, 0, 0, 0]	True
[4, 4, 0, 1, 0, 1, 0, 11, 8, 2, 0, 0, 0, 8, 8, 0, 19, 3, 9, 3, 11, 12, 2, 0, 0, 0, 12, 17, 0, 23, 4, 10, 3, 11, 30, 8, 20, 2, 1, 12, 19, 0, 53, 5, 23, 3, 11, 32, 9, 20, 2, 1, 14, 21, 0, 53, 5, 23, 3, 11, 42, 17, 26, 7, 1]	True
[2, 2, 0, 1, 0, 1, 0, 5, 1, 0, 1, 0, 1, 5, 6, 0, 21, 0, 13, 4, 5, 5, 0, 1, 0, 1, 10, 12, 0, 24, 2, 14, 4, 5, 20, 3, 11, 4, 1, 13, 27, 1, 39, 6, 17, 5, 5, 35, 3, 17, 4, 1, 13, 30, 1, 42, 6, 17, 5, 5, 48, 6, 20, 9, 1]	True
[0, 0, 0, 1, 0, 1, 0, 7, 0, 0, 0, 0, 0, 0, 0, 0, 1, 0, 1, 0, 7, 0, 0, 0, 0, 0, 0, 0, 0, 1, 0, 1, 0, 7, 0, 0, 0, 0, 0, 0, 0, 0, 1, 0, 1, 0, 7, 0, 0, 0, 0, 0, 0, 0, 0, 1, 0, 1, 0, 7, 0, 0, 0, 0, 0]	False
[0, 0, 0, 1, 0, 1, 0, 5, 0, 0, 0, 0, 0, 0, 0, 0, 1, 0, 1, 0, 5, 0, 0, 0, 0, 0, 0, 0, 0, 1, 0, 1, 0, 5, 0, 0, 0, 0, 0, 0, 0, 0, 1, 0, 1, 0, 5, 0, 0, 0, 0, 0, 0, 0, 0, 1, 0, 1, 0, 5, 0, 0, 0, 0, 0]	True
[4, 4, 0, 1, 0, 1, 0, 11, 10, 3, 0, 0, 0, 8, 8, 0, 21, 2, 10, 3, 11, 14, 3, 0, 0, 0, 12, 16, 0, 26, 4, 11, 3, 11, 29, 7, 21, 0, 1, 12, 19, 0, 53, 5, 23, 3, 11, 32, 10, 21, 0, 1, 14, 21, 0, 53, 5, 23, 3, 11, 42, 17, 26, 7, 1]	True
[1, 1, 0, 1, 0, 1, 0, 5, 0, 0, 2, 0, 0, 2, 2, 0, 3, 0, 3, 0, 5, 1, 0, 2, 0, 0, 4, 4, 0, 4, 1, 3, 0, 5, 3, 0, 3, 0, 1, 9, 14, 0, 24, 1, 14, 4, 5, 13, 0, 7, 0, 1, 12, 18, 0, 26, 2, 15, 4, 5, 27, 3, 15, 4, 1]	True
[1, 1, 0, 1, 0, 1, 0, 7, 1, 0, 0, 0, 1, 1, 1, 0, 17, 0, 15, 1, 7, 1, 0, 1, 0, 1, 2, 2, 0, 18, 0, 16, 1, 7, 7, 3, 7, 0, 1, 2, 5, 1, 31, 4, 18, 3, 7, 11, 3, 7, 0, 1, 2, 8, 1, 33, 4, 18, 4, 7, 21, 5, 9, 2, 1]	True
[3, 3, 0, 1, 0, 1, 0, 5, 1, 0, 3, 0, 0, 6, 6, 0, 13, 0, 5, 4, 5, 4, 0, 3, 0, 0, 9, 10, 0, 15, 1, 6, 4, 5, 12, 1, 6, 4, 1, 12, 19, 0, 32, 1, 17, 4, 5, 22, 1, 11, 4, 1, 13, 22, 1, 37, 4, 17, 5, 5, 38, 5, 17, 9, 1]	True
[1, 1, 0, 1, 0, 1, 0, 5, 0, 0, 2, 0, 0, 2, 2, 0, 3, 0, 3, 0, 5, 1, 0, 2, 0, 0, 4, 4, 0, 4, 1, 3, 0, 5, 3, 0, 4, 0, 0, 9, 13, 0, 15, 1, 5, 4, 5, 12, 0, 8, 0, 0, 12, 17, 0, 16, 1, 6, 4, 5, 19, 1, 11, 4, 1]	True
[0, 0, 0, 1, 0, 1, 0, 5, 1, 0, 0, 0, 0, 0, 0, 0, 13, 1, 10, 0, 5, 1, 0, 0, 0, 0, 5, 8, 0, 13, 1, 10, 0, 5, 18, 3, 3, 1, 1, 11, 16, 1, 59, 12, 31, 2, 5, 24, 3, 9, 1, 1, 15, 49, 1, 66, 15, 31, 2, 5, 76, 10, 27, 7, 1]	True
[2, 2, 0, 1, 0, 1, 0, 6, 1, 0, 2, 0, 0, 5, 5, 0, 12, 0, 4, 4, 6, 4, 0, 2, 0, 0, 9, 10, 0, 14, 1, 5, 4, 6, 12, 1, 6, 4, 1, 12, 19, 0, 32, 1, 17, 4, 6, 22, 1, 11, 4, 1, 13, 22, 1, 37, 4, 17, 5, 6, 38, 5, 17, 9, 1]	True
[1, 4, 0, 1, 1, 0, 0, 14, 4, 0, 0, 0, 0, 1, 4, 0, 12, 11, 0, 0, 14, 4, 0, 0, 0, 0, 11, 44, 0, 12, 11, 0, 0, 14, 47, 0, 0, 1, 0, 11, 44, 0, 22, 11, 0, 0, 14, 47, 0, 0, 1, 0, 11, 44, 0, 22, 11, 0, 0, 14, 67, 0, 0, 11, 0]	True
[0, 0, 0, 1, 1, 0, 0, 5, 0, 0, 0, 0, 0, 0, 0, 0, 1, 1, 0, 0, 5, 0, 0, 0, 0, 0, 0, 0, 0, 1, 1, 0, 0, 5, 0, 0, 0, 0, 0, 0, 0, 0, 1, 1, 0, 0, 5, 0, 0, 0, 0, 0, 0, 0, 0, 1, 1, 0, 0, 5, 0, 0, 0, 0, 0]	True
[0, 0, 0, 1, 1, 0, 0, 23, 0, 0, 0, 0, 0, 0, 0, 0, 1, 1, 0, 0, 23, 0, 0, 0, 0, 0, 0, 0, 0, 1, 1, 0, 0, 23, 0, 0, 0, 0, 0, 0, 0, 0, 1, 1, 0, 0, 23, 0, 0, 0, 0, 0, 0, 0, 0, 1, 1, 0, 0, 23, 0, 0, 0, 0, 0]	True
[1, 1, 0, 1, 0, 1, 0, 6, 3, 0, 0, 0, 1, 2, 3, 0, 12, 1, 10, 1, 6, 6, 0, 0, 0, 1, 9, 17, 0, 23, 2, 13, 5, 6, 22, 2, 11, 0, 1, 12, 26, 1, 36, 6, 15, 5, 6, 33, 2, 16, 0, 1, 13, 31, 1, 39, 6, 16, 5, 6, 47, 5, 20, 10, 1]	True
[0, 0, 0, 1, 1, 0, 0, 2, 0, 0, 0, 0, 0, 0, 0, 0, 1, 1, 0, 0, 2, 0, 0, 0, 0, 0, 0, 0, 0, 1, 1, 0, 0, 2, 0, 0, 0, 0, 0, 0, 0, 0, 1, 1, 0, 0, 2, 0, 0, 0, 0, 0, 0, 0, 0, 1, 1, 0, 0, 2, 0, 0, 0, 0, 0]	True
[0, 0, 0, 1, 0, 1, 0, 5, 0, 0, 1, 0, 1, 4, 8, 0, 23, 0, 16, 4, 5, 8, 0, 1, 0, 1, 9, 21, 0, 30, 7, 16, 4, 5, 23, 5, 14, 0, 1, 12, 51, 1, 62, 12, 22, 12, 5, 52, 5, 15, 0, 1, 12, 57, 1, 65, 14, 23, 12, 5, 72, 6, 17, 16, 1]	True
[0, 0, 0, 1, 1, 0, 0, 5, 0, 0, 0, 0, 0, 0, 0, 0, 1, 1, 0, 0, 5, 0, 0, 0, 0, 0, 0, 0, 0, 1, 1, 0, 0, 5, 0, 0, 0, 0, 0, 0, 0, 0, 1, 1, 0, 0, 5, 0, 0, 0, 0, 0, 0, 0, 0, 1, 1, 0, 0, 5, 0, 0, 0, 0, 0]	False
[0, 0, 0, 1, 0, 1, 0, 5, 4, 0, 0, 0, 0, 0, 0, 0, 15, 1, 10, 0, 5, 4, 0, 0, 0, 0, 5, 9, 0, 15, 1, 10, 0, 5, 20, 4, 4, 1, 1, 11, 17, 1, 59, 12, 31, 2, 5, 26, 4, 10, 1, 1, 15, 49, 1, 66, 15, 31, 2, 5, 76, 10, 27, 7, 1]	False
[1, 4, 0, 1, 1, 0, 0, 14, 4, 0, 0, 0, 0, 1, 4, 0, 12, 11, 0, 0, 14, 4, 0, 0, 0, 0, 11, 44, 0, 12, 11, 0, 0, 14, 47, 0, 0, 1, 0, 11, 44, 0, 22, 11, 0, 0, 14, 47, 0, 0, 1, 0, 11, 44, 0, 22, 11, 0, 0, 14, 67, 0, 0, 11, 0]	True
[0, 0, 0, 1, 0, 1, 0, 5, 0, 0, 2, 0, 0, 1, 1, 0, 3, 0, 2, 0, 5, 0, 0, 3, 0, 0, 4, 4, 1, 6, 2, 3, 0, 5, 4, 0, 3, 0, 1, 9, 19, 1, 34, 2, 18, 5, 5, 18, 0, 6, 0, 1, 12, 30, 1, 43, 10, 19, 5, 5, 36, 7, 17, 3, 1]	True
[0, 2, 0, 1, 1, 0, 0, 11, 4, 0, 0, 0, 0, 0, 2, 0, 24, 15, 5, 0, 11, 4, 0, 0, 0, 0, 0, 80, 0, 24, 15, 5, 0, 11, 92, 5, 5, 1, 1, 0, 92, 1, 74, 25, 28, 3, 11, 103, 5, 7, 2, 1, 0, 120, 2, 95, 32, 28, 3, 11, 158, 10, 28, 33, 1]	True
[0, 0, 0, 1, 1, 0, 0, 23, 0, 0, 0, 0, 0, 0, 0, 0, 1, 1, 0, 0, 23, 0, 0, 0, 0, 0, 0, 0, 0, 1, 1, 0, 0, 23, 0, 0, 0, 0, 0, 0, 0, 0, 1, 1, 0, 0, 23, 0, 0, 0, 0, 0, 0, 0, 0, 1, 1, 0, 0, 23, 0, 0, 0, 0, 0]	True
[6, 8, 0, 1, 1, 0, 0, 9, 8, 0, 0, 0, 0, 8, 10, 0, 9, 1, 4, 3, 9, 8, 0, 2, 0, 0, 10, 13, 1, 13, 2, 5, 3, 9, 19, 2, 6, 2, 0, 10, 22, 1, 34, 4, 10, 3, 9, 28, 3, 7, 3, 1, 10, 41, 1, 41, 5, 15, 3, 9, 63, 11, 12, 9, 1]	True
[1, 1, 0, 1, 0, 0, 1, 9, 1, 0, 0, 0, 0, 3, 3, 0, 8, 1, 3, 3, 9, 2, 0, 1, 0, 0, 8, 11, 1, 11, 2, 4, 3, 9, 17, 0, 3, 0, 0, 10, 22, 1, 32, 4, 10, 3, 9, 26, 0, 5, 0, 1, 10, 41, 1, 39, 5, 15, 3, 9, 62, 10, 12, 9, 1]	True
[0, 0, 0, 1, 1, 0, 0, 12, 0, 0, 0, 0, 0, 0, 0, 0, 1, 1, 0, 0, 12, 0, 0, 0, 0, 0, 0, 0, 0, 1, 1, 0, 0, 12, 1, 0, 0, 0, 0, 0, 0, 0, 1, 1, 0, 0, 12, 1, 0, 0, 0, 0, 0, 0, 0, 1, 1, 0, 0, 12, 1, 0, 0, 0, 0]	True
[1, 4, 0, 1, 1, 0, 0, 14, 4, 0, 0, 0, 0, 1, 4, 0, 12, 11, 0, 0, 14, 4, 0, 0, 0, 0, 11, 44, 0, 12, 11, 0, 0, 14, 47, 0, 0, 1, 0, 11, 44, 0, 22, 11, 0, 0, 14, 47, 0, 0, 1, 0, 11, 44, 0, 22, 11, 0, 0, 14, 67, 0, 0, 11, 0]	True
[0, 0, 0, 1, 1, 0, 0, 2, 0, 0, 0, 0, 0, 0, 0, 0, 1, 1, 0, 0, 2, 0, 0, 0, 0, 0, 0, 0, 0, 1, 1, 0, 0, 2, 0, 0, 0, 0, 0, 0, 0, 0, 1, 1, 0, 0, 2, 0, 0, 0, 0, 0, 0, 0, 0, 1, 1, 0, 0, 2, 0, 0, 0, 0, 0]	True
[2, 4, 0, 1, 1, 0, 0, 14, 3, 0, 1, 0, 0, 3, 5, 1, 12, 4, 6, 0, 14, 4, 0, 1, 0, 0, 3, 11, 1, 12, 4, 6, 0, 14, 17, 4, 3, 2, 1, 3, 11, 1, 30, 4, 15, 0, 14, 17, 4, 3, 2, 1, 3, 16, 1, 30, 4, 15, 0, 14, 32, 13, 19, 5, 1]	True
[1, 1, 0, 1, 0, 1, 0, 5, 2, 0, 0, 0, 0, 3, 3, 0, 11, 1, 4, 3, 5, 3, 0, 1, 0, 0, 8, 11, 1, 14, 2, 5, 3, 5, 18, 3, 4, 3, 0, 10, 22, 1, 34, 4, 10, 3, 5, 27, 3, 6, 3, 1, 10, 41, 1, 41, 5, 15, 3, 5, 63, 11, 12, 9, 1]	True
[1, 1, 0, 1, 1, 0, 0, 14, 3, 0, 0, 0, 0, 2, 2, 0, 9, 2, 3, 0, 14, 3, 0, 1, 0, 0, 3, 5, 1, 11, 3, 4, 0, 14, 9, 4, 2, 1, 0, 3, 10, 1, 18, 4, 7, 0, 14, 14, 4, 3, 1, 1, 3, 11, 1, 27, 4, 16, 0, 14, 23, 7, 6, 4, 1]	False
[0, 0, 0, 1, 0, 1, 0, 6, 0, 0, 0, 0, 0, 0, 0, 0, 1, 0, 1, 0, 6, 0, 0, 0, 0, 0, 0, 0, 0, 1, 0, 1, 0, 6, 0, 0, 0, 0, 0, 0, 0, 0, 1, 0, 1, 0, 6, 0, 0, 0, 0, 0, 0, 0, 0, 1, 0, 1, 0, 6, 0, 0, 0, 0, 0]	True
[1, 1, 0, 1, 0, 0, 1, 5, 3, 0, 0, 0, 0, 3, 3, 0, 9, 1, 3, 3, 5, 4, 0, 1, 0, 0, 8, 11, 1, 12, 2, 4, 3, 5, 18, 1, 4, 0, 0, 10, 22, 1, 32, 4, 10, 3, 5, 27, 1, 6, 0, 1, 10, 41, 1, 39, 5, 15, 3, 5, 62, 10, 12, 9, 1]	True
[0, 0, 0, 1, 0, 1, 0, 5, 0, 0, 0, 0, 0, 0, 0, 0, 1, 0, 1, 0, 5, 0, 0, 0, 0, 0, 0, 0, 0, 1, 0, 1, 0, 5, 0, 0, 0, 0, 0, 0, 0, 0, 1, 0, 1, 0, 5, 0, 0, 0, 0, 0, 0, 0, 0, 1, 0, 1, 0, 5, 0, 0, 0, 0, 0]	True
[1, 4, 0, 1, 1, 0, 0, 14, 4, 0, 0, 0, 0, 1, 4, 0, 12, 11, 0, 0, 14, 4, 0, 0, 0, 0, 11, 44, 0, 12, 11, 0, 0, 14, 47, 0, 0, 1, 0, 11, 44, 0, 22, 11, 0, 0, 14, 47, 0, 0, 1, 0, 11, 44, 0, 22, 11, 0, 0, 14, 67, 0, 0, 11, 0]	True
[2, 4, 0, 1, 1, 0, 0, 12, 5, 0, 2, 0, 0, 8, 12, 1, 28, 10, 14, 1, 12, 11, 0, 8, 0, 0, 14, 41, 1, 38, 12, 17, 1, 12, 52, 1, 18, 2, 1, 15, 48, 1, 71, 16, 25, 3, 12, 59, 1, 19, 3, 1, 15, 57, 1, 74, 17, 25, 3, 12, 92, 14, 29, 13, 1]	True
[0, 2, 0, 1, 1, 0, 0, 11, 4, 0, 0, 0, 0, 0, 2, 0, 24, 15, 5, 0, 11, 4, 0, 0, 0, 0, 0, 80, 0, 24, 15, 5, 0, 11, 92, 5, 5, 1, 1, 0, 92, 1, 74, 25, 28, 3, 11, 103, 5, 7, 2, 1, 0, 120, 2, 95, 32, 28, 3, 11, 158, 10, 28, 33, 1]	True
[0, 0, 0, 1, 0, 0, 0, 5, 0, 0, 0, 0, 0, 0, 0, 0, 1, 0, 0, 0, 5, 0, 0, 0, 0, 0, 0, 0, 0, 1, 0, 0, 0, 5, 0, 0, 0, 0, 0, 0, 0, 0, 1, 0, 0, 0, 5, 0, 0, 0, 0, 0, 0, 0, 0, 1, 0, 0, 0, 5, 0, 0, 0, 0, 0]	True
[0, 0, 0, 1, 0, 1, 0, 5, 0, 0, 0, 0, 0, 0, 0, 0, 1, 0, 1, 0, 5, 0, 0, 0, 0, 0, 0, 0, 0, 1, 0, 1, 0, 5, 0, 0, 0, 0, 0, 0, 0, 0, 1, 0, 1, 0, 5, 0, 0, 0, 0, 0, 0, 0, 0, 1, 0, 1, 0, 5, 0, 0, 0, 0, 0]	True
[0, 0, 0, 1, 0, 1, 0, 6, 0, 0, 0, 0, 0, 0, 0, 0, 1, 0, 1, 0, 6, 0, 0, 0, 0, 0, 0, 0, 0, 1, 0, 1, 0, 6, 0, 0, 0, 0, 0, 0, 0, 0, 1, 0, 1, 0, 6, 0, 0, 0, 0, 0, 0, 0, 0, 1, 0, 1, 0, 6, 0, 0, 0, 0, 0]	True
[0, 0, 0, 1, 0, 1, 0, 16, 0, 0, 0, 0, 0, 0, 0, 0, 1, 0, 1, 0, 16, 0, 0, 0, 0, 0, 0, 0, 0, 1, 0, 1, 0, 16, 0, 0, 0, 0, 0, 0, 0, 0, 1, 0, 1, 0, 16, 0, 0, 0, 0, 0, 0, 0, 0, 1, 0, 1, 0, 16, 0, 0, 0, 0, 0]	False
[0, 0, 0, 1, 1, 0, 0, 4, 0, 0, 0, 0, 0, 0, 0, 0, 1, 1, 0, 0, 4, 0, 0, 0, 0, 0, 0, 0, 0, 1, 1, 0, 0, 4, 0, 0, 0, 0, 0, 0, 0, 0, 1, 1, 0, 0, 4, 0, 0, 0, 0, 0, 0, 0, 0, 1, 1, 0, 0, 4, 0, 0, 0, 0, 0]	True
[1, 4, 0, 1, 1, 0, 0, 14, 4, 0, 0, 0, 0, 1, 4, 0, 12, 11, 0, 0, 14, 4, 0, 0, 0, 0, 11, 44, 0, 12, 11, 0, 0, 14, 47, 0, 0, 1, 0, 11, 44, 0, 22, 11, 0, 0, 14, 47, 0, 0, 1, 0, 11, 44, 0, 22, 11, 0, 0, 14, 67, 0, 0, 11, 0]	True
[0, 1, 0, 1, 1, 0, 0, 13, 2, 0, 0, 0, 0, 0, 1, 0, 4, 2, 0, 1, 13, 2, 0, 0, 0, 0, 0, 2, 0, 4, 2, 0, 1, 13, 5, 1, 0, 0, 0, 0, 2, 0, 20, 10, 7, 1, 13, 5, 1, 0, 0, 0, 9, 36, 0, 20, 10, 7, 1, 13, 43, 1, 6, 1, 1]	True
[0, 0, 0, 1, 0, 1, 0, 16, 3, 0, 0, 1, 1, 0, 1, 0, 33, 1, 26, 5, 16, 4, 0, 0, 1, 1, 5, 8, 0, 35, 3, 26, 5, 16, 21, 3, 6, 1, 1, 7, 16, 1, 51, 7, 30, 7, 16, 30, 3, 7, 1, 1, 7, 21, 1, 56, 8, 31, 8, 16, 41, 8, 11, 1, 1]	True
[0, 0, 0, 1, 0, 0, 1, 10, 0, 0, 0, 0, 0, 0, 0, 0, 1, 0, 0, 1, 10, 0, 0, 0, 0, 0, 0, 0, 0, 1, 0, 0, 1, 10, 0, 0, 0, 0, 0, 0, 0, 0, 1, 0, 0, 1, 10, 0, 0, 0, 0, 0, 0, 0, 0, 1, 0, 0, 1, 10, 0, 0, 0, 0, 0]	True
[0, 0, 0, 1, 0, 0, 0, 32, 0, 0, 0, 0, 0, 0, 0, 0, 1, 0, 0, 0, 32, 0, 0, 0, 0, 0, 0, 0, 0, 1, 0, 0, 0, 32, 0, 0, 0, 0, 0, 0, 0, 0, 1, 0, 0, 0, 32, 0, 0, 0, 0, 0, 0, 0, 0, 1, 0, 0, 0, 32, 0, 0, 0, 0, 0]	False
[1, 4, 0, 1, 1, 0, 0, 14, 4, 0, 0, 0, 0, 1, 4, 0, 12, 11, 0, 0, 14, 4, 0, 0, 0, 0, 11, 44, 0, 12, 11, 0, 0, 14, 47, 0, 0, 1, 0, 11, 44, 0, 22, 11, 0, 0, 14, 47, 0, 0, 1, 0, 11, 44, 0, 22, 11, 0, 0, 14, 67, 0, 0, 11, 0]	True
[0, 0, 0, 1, 1, 0, 0, 2, 0, 0, 0, 0, 0, 0, 0, 0, 1, 1, 0, 0, 2, 0, 0, 0, 0, 0, 0, 0, 0, 1, 1, 0, 0, 2, 0, 0, 0, 0, 0, 0, 0, 0, 1, 1, 0, 0, 2, 0, 0, 0, 0, 0, 0, 0, 0, 1, 1, 0, 0, 2, 0, 0, 0, 0, 0]	True
[0, 0, 0, 1, 1, 0, 0, 4, 0, 0, 0, 0, 0, 0, 0, 0, 1, 1, 0, 0, 4, 0, 0, 0, 0, 0, 0, 0, 0, 1, 1, 0, 0, 4, 0, 0, 0, 0, 0, 0, 0, 0, 1, 1, 0, 0, 4, 0, 0, 0, 0, 0, 0, 0, 0, 1, 1, 0, 0, 4, 0, 0, 0, 0, 0]	True
[0, 0, 0, 1, 1, 0, 0, 13, 0, 0, 0, 0, 0, 0, 0, 0, 2, 1, 0, 0, 13, 0, 0, 0, 0, 0, 0, 0, 0, 2, 1, 0, 0, 13, 1, 1, 1, 0, 0, 0, 0, 0, 2, 1, 0, 0, 13, 1, 1, 1, 0, 0, 0, 0, 0, 2, 1, 0, 0, 13, 1, 1, 1, 0, 0]	True
[0, 0, 0, 1, 0, 0, 1, 32, 1, 0, 0, 0, 0, 1, 1, 0, 5, 0, 2, 2, 32, 2, 0, 0, 0, 0, 3, 3, 0, 7, 1, 2, 3, 32, 7, 1, 2, 1, 0, 5, 11, 0, 30, 7, 16, 3, 32, 14, 1, 3, 1, 0, 7, 25, 1, 32, 8, 17, 3, 32, 43, 5, 7, 8, 1]	True
[1, 4, 0, 1, 1, 0, 0, 14, 4, 0, 0, 0, 0, 1, 4, 0, 12, 11, 0, 0, 14, 4, 0, 0, 0, 0, 11, 44, 0, 12, 11, 0, 0, 14, 47, 0, 0, 1, 0, 11, 44, 0, 22, 11, 0, 0, 14, 47, 0, 0, 1, 0, 11, 44, 0, 22, 11, 0, 0, 14, 67, 0, 0, 11, 0]	True
[0, 0, 0, 1, 0, 0, 0, 5, 0, 0, 0, 0, 0, 0, 0, 0, 1, 0, 0, 0, 5, 0, 0, 0, 0, 0, 0, 0, 0, 1, 0, 0, 0, 5, 0, 0, 0, 0, 0, 0, 0, 0, 1, 0, 0, 0, 5, 0, 0, 0, 0, 0, 0, 0, 0, 1, 0, 0, 0, 5, 0, 0, 0, 0, 0]	True
[0, 0, 0, 1, 0, 1, 0, 10, 0, 0, 0, 0, 0, 0, 0, 0, 1, 0, 1, 0, 10, 0, 0, 0, 0, 0, 0, 0, 0, 1, 0, 1, 0, 10, 0, 0, 0, 0, 0, 0, 0, 0, 1, 0, 1, 0, 10, 0, 0, 0, 0, 0, 0, 0, 0, 1, 0, 1, 0, 10, 0, 0, 0, 0, 0]	True
[0, 3, 0, 1, 1, 0, 0, 5, 3, 0, 0, 0, 0, 1, 4, 0, 3, 1, 1, 0, 5, 4, 0, 0, 0, 0, 3, 6, 0, 5, 2, 1, 1, 5, 8, 1, 2, 2, 0, 5, 14, 0, 20, 7, 6, 3, 5, 15, 1, 3, 2, 0, 7, 25, 1, 22, 8, 7, 3, 5, 31, 3, 6, 7, 1]	True
[0, 0, 0, 1, 0, 0, 1, 5, 0, 0, 0, 0, 0, 0, 0, 0, 1, 0, 0, 1, 5, 0, 0, 0, 0, 0, 0, 0, 0, 1, 0, 0, 1, 5, 0, 0, 0, 0, 0, 0, 0, 0, 1, 0, 0, 1, 5, 0, 0, 0, 0, 0, 0, 0, 0, 1, 0, 0, 1, 5, 0, 0, 0, 0, 0]	True
[0, 0, 0, 1, 1, 0, 0, 23, 0, 0, 0, 0, 0, 0, 0, 0, 1, 1, 0, 0, 23, 0, 0, 0, 0, 0, 0, 0, 0, 1, 1, 0, 0, 23, 0, 0, 0, 0, 0, 0, 0, 0, 1, 1, 0, 0, 23, 0, 0, 0, 0, 0, 0, 0, 0, 1, 1, 0, 0, 23, 0, 0, 0, 0, 0]	True
[0, 0, 0, 1, 1, 0, 0, 2, 0, 0, 0, 0, 0, 0, 0, 0, 1, 1, 0, 0, 2, 0, 0, 0, 0, 0, 0, 0, 0, 1, 1, 0, 0, 2, 0, 0, 0, 0, 0, 0, 0, 0, 1, 1, 0, 0, 2, 0, 0, 0, 0, 0, 0, 0, 0, 1, 1, 0, 0, 2, 0, 0, 0, 0, 0]	True
[1, 4, 0, 1, 1, 0, 0, 14, 4, 0, 0, 0, 0, 1, 4, 0, 12, 11, 0, 0, 14, 4, 0, 0, 0, 0, 11, 44, 0, 12, 11, 0, 0, 14, 47, 0, 0, 1, 0, 11, 44, 0, 22, 11, 0, 0, 14, 47, 0, 0, 1, 0, 11, 44, 0, 22, 11, 0, 0, 14, 67, 0, 0, 11, 0]	True
[0, 2, 0, 1, 1, 0, 0, 5, 2, 0, 1, 0, 0, 1, 3, 0, 5, 3, 1, 0, 5, 3, 0, 1, 0, 0, 3, 9, 0, 7, 4, 1, 1, 5, 12, 1, 5, 4, 0, 5, 17, 0, 20, 7, 6, 3, 5, 19, 1, 6, 4, 0, 7, 25, 1, 22, 8, 7, 3, 5, 32, 3, 6, 7, 1]	True
[0, 0, 0, 1, 1, 0, 0, 2, 0, 0, 0, 0, 0, 0, 0, 0, 1, 1, 0, 0, 2, 0, 0, 0, 0, 0, 0, 0, 0, 1, 1, 0, 0, 2, 0, 0, 0, 0, 0, 0, 0, 0, 1, 1, 0, 0, 2, 0, 0, 0, 0, 0, 0, 0, 0, 1, 1, 0, 0, 2, 0, 0, 0, 0, 0]	True
[0, 0, 0, 1, 0, 1, 0, 5, 0, 0, 0, 0, 0, 0, 0, 0, 1, 0, 1, 0, 5, 0, 0, 0, 0, 0, 0, 0, 0, 1, 0, 1, 0, 5, 0, 0, 0, 0, 0, 0, 0, 0, 1, 0, 1, 0, 5, 0, 0, 0, 0, 0, 0, 0, 0, 1, 0, 1, 0, 5, 0, 0, 0, 0, 0]	True
[0, 0, 0, 1, 0, 0, 1, 5, 0, 0, 0, 0, 0, 0, 0, 0, 1, 0, 0, 1, 5, 0, 0, 0, 0, 0, 0, 0, 0, 1, 0, 0, 1, 5, 0, 0, 0, 0, 0, 0, 0, 0, 1, 0, 0, 1, 5, 0, 0, 0, 0, 0, 0, 0, 0, 1, 0, 0, 1, 5, 0, 0, 0, 0, 0]	True
[1, 4, 0, 1, 1, 0, 0, 14, 4, 0, 0, 0, 0, 1, 4, 0, 12, 11, 0, 0, 14, 4, 0, 0, 0, 0, 11, 44, 0, 12, 11, 0, 0, 14, 47, 0, 0, 1, 0, 11, 44, 0, 22, 11, 0, 0, 14, 47, 0, 0, 1, 0, 11, 44, 0, 22, 11, 0, 0, 14, 67, 0, 0, 11, 0]	True
[2, 4, 0, 1, 1, 0, 0, 17, 4, 0, 1, 0, 0, 5, 8, 1, 10, 4, 4, 0, 17, 8, 0, 1, 0, 1, 6, 15, 1, 39, 6, 27, 4, 17, 23, 2, 5, 2, 1, 7, 25, 1, 62, 10, 31, 7, 17, 40, 4, 9, 2, 1, 7, 36, 1, 66, 12, 31, 8, 17, 64, 15, 18, 9, 1]	True
[0, 0, 0, 1, 1, 0, 0, 2, 0, 0, 0, 0, 0, 0, 0, 0, 1, 1, 0, 0, 2, 0, 0, 0, 0, 0, 0, 0, 0, 1, 1, 0, 0, 2, 0, 0, 0, 0, 0, 0, 0, 0, 1, 1, 0, 0, 2, 0, 0, 0, 0, 0, 0, 0, 0, 1, 1, 0, 0, 2, 0, 0, 0, 0, 0]	True
[0, 0, 0, 1, 1, 0, 0, 23, 0, 0, 0, 0, 0, 0, 0, 0, 1, 1, 0, 0, 23, 0, 0, 0, 0, 0, 0, 0, 0, 1, 1, 0, 0, 23, 0, 0, 0, 0, 0, 0, 0, 0, 1, 1, 0, 0, 23, 0, 0, 0, 0, 0, 0, 0, 0, 1, 1, 0, 0, 23, 0, 0, 0, 0, 0]	True
[0, 0, 0, 1, 0, 1, 0, 5, 0, 0, 0, 0, 0, 0, 0, 0, 1, 0, 1, 0, 5, 0, 0, 0, 0, 0, 0, 0, 0, 1, 0, 1, 0, 5, 0, 0, 0, 0, 0, 0, 0, 0, 1, 0, 1, 0, 5, 0, 0, 0, 0, 0, 0, 0, 0, 1, 0, 1, 0, 5, 0, 0, 0, 0, 0]	True
[0, 2, 0, 1, 1, 0, 0, 17, 2, 0, 1, 0, 0, 1, 3, 0, 5, 3, 1, 0, 17, 3, 0, 1, 0, 0, 3, 9, 0, 7, 4, 1, 1, 17, 11, 1, 5, 4, 0, 5, 17, 0, 20, 7, 6, 3, 17, 18, 1, 6, 4, 0, 7, 25, 1, 22, 8, 7, 3, 17, 32, 3, 6, 7, 1]	False
[0, 0, 0, 1, 1, 0, 0, 19, 0, 0, 0, 0, 0, 0, 0, 0, 1, 1, 0, 0, 19, 0, 0, 0, 0, 0, 0, 0, 0, 1, 1, 0, 0, 19, 0, 0, 0, 0, 0, 0, 0, 0, 1, 1, 0, 0, 19, 0, 0, 0, 0, 0, 0, 0, 0, 1, 1, 0, 0, 19, 0, 0, 0, 0, 0]	False
[1, 4, 0, 1, 1, 0, 0, 14, 4, 0, 0, 0, 0, 1, 4, 0, 12, 11, 0, 0, 14, 4, 0, 0, 0, 0, 11, 44, 0, 12, 11, 0, 0, 14, 47, 0, 0, 1, 0, 11, 44, 0, 22, 11, 0, 0, 14, 47, 0, 0, 1, 0, 11, 44, 0, 22, 11, 0, 0, 14, 67, 0, 0, 11, 0]	True
[0, 0, 0, 1, 0, 1, 0, 6, 0, 0, 0, 0, 0, 0, 0, 0, 1, 0, 1, 0, 6, 0, 0, 0, 0, 0, 0, 0, 0, 1, 0, 1, 0, 6, 0, 0, 0, 0, 0, 0, 0, 0, 1, 0, 1, 0, 6, 0, 0, 0, 0, 0, 0, 0, 0, 1, 0, 1, 0, 6, 0, 0, 0, 0, 0]	True
[0, 0, 0, 1, 0, 0, 0, 5, 0, 0, 0, 0, 0, 0, 0, 0, 1, 0, 0, 0, 5, 0, 0, 0, 0, 0, 0, 0, 0, 1, 0, 0, 0, 5, 0, 0, 0, 0, 0, 0, 0, 0, 1, 0, 0, 0, 5, 0, 0, 0, 0, 0, 0, 0, 0, 1, 0, 0, 0, 5, 0, 0, 0, 0, 0]	True
[2, 4, 0, 1, 1, 0, 0, 14, 3, 0, 1, 0, 0, 3, 5, 1, 12, 4, 6, 0, 14, 4, 0, 1, 0, 0, 3, 11, 1, 12, 4, 6, 0, 14, 17, 4, 3, 2, 1, 3, 11, 1, 30, 4, 15, 0, 14, 17, 4, 3, 2, 1, 3, 16, 1, 30, 4, 15, 0, 14, 32, 13, 19, 5, 1]	True
[1, 4, 0, 1, 1, 0, 0, 14, 4, 0, 0, 0, 0, 1, 4, 0, 12, 11, 0, 0, 14, 4, 0, 0, 0, 0, 11, 44, 0, 12, 11, 0, 0, 14, 47, 0, 0, 1, 0, 11, 44, 0, 22, 11, 0, 0, 14, 47, 0, 0, 1, 0, 11, 44, 0, 22, 11, 0, 0, 14, 67, 0, 0, 11, 0]	True
[1, 1, 0, 1, 1, 0, 0, 14, 3, 0, 0, 0, 0, 2, 2, 0, 9, 2, 3, 0, 14, 3, 0, 1, 0, 0, 3, 5, 1, 11, 3, 4, 0, 14, 9, 4, 2, 1, 0, 3, 10, 1, 18, 4, 7, 0, 14, 14, 4, 3, 1, 1, 3, 11, 1, 27, 4, 16, 0, 14, 23, 7, 6, 4, 1]	False
[1, 4, 0, 1, 1, 0, 0, 14, 4, 0, 0, 0, 0, 1, 4, 0, 12, 11, 0, 0, 14, 4, 0, 0, 0, 0, 11, 44, 0, 12, 11, 0, 0, 14, 47, 0, 0, 1, 0, 11, 44, 0, 22, 11, 0, 0, 14, 47, 0, 0, 1, 0, 11, 44, 0, 22, 11, 0, 0, 14, 67, 0, 0, 11, 0]	True
[0, 0, 0, 1, 1, 0, 0, 19, 0, 0, 0, 0, 0, 0, 0, 0, 1, 1, 0, 0, 19, 0, 0, 0, 0, 0, 0, 0, 0, 1, 1, 0, 0, 19, 0, 0, 0, 0, 0, 0, 0, 0, 1, 1, 0, 0, 19, 0, 0, 0, 0, 0, 0, 0, 0, 1, 1, 0, 0, 19, 0, 0, 0, 0, 0]	True
[0, 0, 0, 1, 0, 0, 0, 5, 0, 0, 0, 0, 0, 0, 0, 0, 1, 0, 0, 0, 5, 0, 0, 0, 0, 0, 0, 0, 0, 1, 0, 0, 0, 5, 0, 0, 0, 0, 0, 0, 0, 0, 1, 0, 0, 0, 5, 0, 0, 0, 0, 0, 0, 0, 0, 1, 0, 0, 0, 5, 0, 0, 0, 0, 0]	True
[0, 0, 0, 1, 0, 1, 0, 6, 0, 0, 0, 0, 0, 0, 0, 0, 1, 0, 1, 0, 6, 0, 0, 0, 0, 0, 0, 0, 0, 1, 0, 1, 0, 6, 0, 0, 0, 0, 0, 0, 0, 0, 1, 0, 1, 0, 6, 0, 0, 0, 0, 0, 0, 0, 0, 1, 0, 1, 0, 6, 0, 0, 0, 0, 0]	True
[0, 0, 0, 1, 0, 0, 0, 8, 0, 0, 0, 0, 0, 0, 0, 0, 1, 0, 0, 0, 8, 0, 0, 0, 0, 0, 0, 0, 0, 1, 0, 0, 0, 8, 0, 0, 0, 0, 0, 0, 0, 0, 1, 0, 0, 0, 8, 0, 0, 0, 0, 0, 0, 0, 0, 1, 0, 0, 0, 8, 0, 0, 0, 0, 0]	True
[1, 4, 0, 1, 1, 0, 0, 14, 4, 0, 0, 0, 0, 1, 4, 0, 12, 11, 0, 0, 14, 4, 0, 0, 0, 0, 11, 44, 0, 12, 11, 0, 0, 14, 47, 0, 0, 1, 0, 11, 44, 0, 22, 11, 0, 0, 14, 47, 0, 0, 1, 0, 11, 44, 0, 22, 11, 0, 0, 14, 67, 0, 0, 11, 0]	True
[1, 4, 0, 1, 1, 0, 0, 14, 4, 0, 0, 0, 0, 1, 4, 0, 12, 11, 0, 0, 14, 4, 0, 0, 0, 0, 11, 44, 0, 12, 11, 0, 0, 14, 47, 0, 0, 1, 0, 11, 44, 0, 22, 11, 0, 0, 14, 47, 0, 0, 1, 0, 11, 44, 0, 22, 11, 0, 0, 14, 67, 0, 0, 11, 0]	True
[0, 0, 0, 1, 0, 0, 0, 6, 0, 0, 0, 0, 0, 0, 0, 0, 1, 0, 0, 0, 6, 0, 0, 0, 0, 0, 0, 0, 0, 1, 0, 0, 0, 6, 0, 0, 0, 0, 0, 0, 0, 0, 1, 0, 0, 0, 6, 0, 0, 0, 0, 0, 0, 0, 0, 1, 0, 0, 0, 6, 0, 0, 0, 0, 0]	True
[1, 4, 0, 1, 1, 0, 0, 14, 4, 0, 0, 0, 0, 1, 4, 0, 12, 11, 0, 0, 14, 4, 0, 0, 0, 0, 11, 44, 0, 12, 11, 0, 0, 14, 47, 0, 0, 1, 0, 11, 44, 0, 22, 11, 0, 0, 14, 47, 0, 0, 1, 0, 11, 44, 0, 22, 11, 0, 0, 14, 67, 0, 0, 11, 0]	True
[0, 0, 0, 1, 0, 0, 0, 6, 0, 0, 0, 0, 0, 0, 0, 0, 1, 0, 0, 0, 6, 0, 0, 0, 0, 0, 0, 0, 0, 1, 0, 0, 0, 6, 0, 0, 0, 0, 0, 0, 0, 0, 1, 0, 0, 0, 6, 0, 0, 0, 0, 0, 0, 0, 0, 1, 0, 0, 0, 6, 0, 0, 0, 0, 0]	True
[1, 4, 0, 1, 1, 0, 0, 14, 4, 0, 0, 0, 0, 1, 4, 0, 12, 11, 0, 0, 14, 4, 0, 0, 0, 0, 11, 44, 0, 12, 11, 0, 0, 14, 47, 0, 0, 1, 0, 11, 44, 0, 22, 11, 0, 0, 14, 47, 0, 0, 1, 0, 11, 44, 0, 22, 11, 0, 0, 14, 67, 0, 0, 11, 0]	True
[1, 4, 0, 1, 1, 0, 0, 14, 4, 0, 0, 0, 0, 1, 4, 0, 12, 11, 0, 0, 14, 4, 0, 0, 0, 0, 11, 44, 0, 12, 11, 0, 0, 14, 47, 0, 0, 1, 0, 11, 44, 0, 22, 11, 0, 0, 14, 47, 0, 0, 1, 0, 11, 44, 0, 22, 11, 0, 0, 14, 67, 0, 0, 11, 0]	True
[1, 4, 0, 1, 1, 0, 0, 14, 4, 0, 0, 0, 0, 1, 4, 0, 12, 11, 0, 0, 14, 4, 0, 0, 0, 0, 11, 44, 0, 12, 11, 0, 0, 14, 47, 0, 0, 1, 0, 11, 44, 0, 22, 11, 0, 0, 14, 47, 0, 0, 1, 0, 11, 44, 0, 22, 11, 0, 0, 14, 67, 0, 0, 11, 0]	True
[0, 0, 0, 1, 0, 0, 0, 5, 0, 0, 0, 0, 0, 0, 0, 0, 1, 0, 0, 0, 5, 0, 0, 0, 0, 0, 0, 0, 0, 1, 0, 0, 0, 5, 0, 0, 0, 0, 0, 0, 0, 0, 1, 0, 0, 0, 5, 0, 0, 0, 0, 0, 0, 0, 0, 1, 0, 0, 0, 5, 0, 0, 0, 0, 0]	True
[1, 4, 0, 1, 1, 0, 0, 14, 4, 0, 0, 0, 0, 1, 4, 0, 12, 11, 0, 0, 14, 4, 0, 0, 0, 0, 11, 44, 0, 12, 11, 0, 0, 14, 47, 0, 0, 1, 0, 11, 44, 0, 22, 11, 0, 0, 14, 47, 0, 0, 1, 0, 11, 44, 0, 22, 11, 0, 0, 14, 67, 0, 0, 11, 0]	True
[0, 0, 0, 1, 0, 0, 0, 8, 0, 0, 0, 0, 0, 0, 0, 0, 1, 0, 0, 0, 8, 0, 0, 0, 0, 0, 0, 0, 0, 1, 0, 0, 0, 8, 0, 0, 0, 0, 0, 0, 0, 0, 1, 0, 0, 0, 8, 0, 0, 0, 0, 0, 0, 0, 0, 1, 0, 0, 0, 8, 0, 0, 0, 0, 0]	True
[0, 0, 0, 1, 0, 1, 0, 10, 0, 0, 0, 0, 0, 0, 0, 0, 1, 0, 1, 0, 10, 0, 0, 0, 0, 0, 0, 0, 0, 1, 0, 1, 0, 10, 0, 0, 0, 0, 0, 0, 0, 0, 1, 0, 1, 0, 10, 0, 0, 0, 0, 0, 0, 0, 0, 1, 0, 1, 0, 10, 0, 0, 0, 0, 0]	True
[1, 4, 0, 1, 1, 0, 0, 14, 4, 0, 0, 0, 0, 1, 4, 0, 12, 11, 0, 0, 14, 4, 0, 0, 0, 0, 11, 44, 0, 12, 11, 0, 0, 14, 47, 0, 0, 1, 0, 11, 44, 0, 22, 11, 0, 0, 14, 47, 0, 0, 1, 0, 11, 44, 0, 22, 11, 0, 0, 14, 67, 0, 0, 11, 0]	True
[0, 0, 0, 1, 0, 0, 0, 5, 0, 0, 0, 0, 0, 0, 0, 0, 1, 0, 0, 0, 5, 0, 0, 0, 0, 0, 0, 0, 0, 1, 0, 0, 0, 5, 0, 0, 0, 0, 0, 0, 0, 0, 1, 0, 0, 0, 5, 0, 0, 0, 0, 0, 0, 0, 0, 1, 0, 0, 0, 5, 0, 0, 0, 0, 0]	True
[1, 4, 0, 1, 1, 0, 0, 14, 4, 0, 0, 0, 0, 1, 4, 0, 12, 11, 0, 0, 14, 4, 0, 0, 0, 0, 11, 44, 0, 12, 11, 0, 0, 14, 47, 0, 0, 1, 0, 11, 44, 0, 22, 11, 0, 0, 14, 47, 0, 0, 1, 0, 11, 44, 0, 22, 11, 0, 0, 14, 67, 0, 0, 11, 0]	True
[0, 0, 0, 1, 1, 0, 0, 7, 0, 0, 0, 0, 0, 0, 0, 0, 1, 1, 0, 0, 7, 0, 0, 0, 0, 0, 0, 0, 0, 1, 1, 0, 0, 7, 0, 0, 0, 0, 0, 0, 0, 0, 1, 1, 0, 0, 7, 0, 0, 0, 0, 0, 0, 0, 0, 1, 1, 0, 0, 7, 0, 0, 0, 0, 0]	True
[1, 4, 0, 1, 1, 0, 0, 14, 4, 0, 0, 0, 0, 1, 4, 0, 12, 11, 0, 0, 14, 4, 0, 0, 0, 0, 11, 44, 0, 12, 11, 0, 0, 14, 47, 0, 0, 1, 0, 11, 44, 0, 22, 11, 0, 0, 14, 47, 0, 0, 1, 0, 11, 44, 0, 22, 11, 0, 0, 14, 67, 0, 0, 11, 0]	True
[0, 0, 0, 1, 1, 0, 0, 7, 0, 0, 0, 0, 0, 0, 0, 0, 1, 1, 0, 0, 7, 0, 0, 0, 0, 0, 0, 0, 0, 1, 1, 0, 0, 7, 0, 0, 0, 0, 0, 0, 0, 0, 1, 1, 0, 0, 7, 0, 0, 0, 0, 0, 0, 0, 0, 1, 1, 0, 0, 7, 0, 0, 0, 0, 0]	True
[0, 2, 0, 1, 0, 0, 0, 8, 5, 0, 0, 0, 0, 0, 5, 0, 61, 3, 49, 3, 8, 9, 0, 0, 0, 0, 4, 39, 0, 66, 7, 49, 3, 8, 60, 34, 18, 5, 0, 10, 64, 0, 146, 24, 74, 5, 8, 84, 35, 22, 5, 1, 11, 88, 1, 158, 32, 75, 5, 8, 140, 44, 38, 23, 1]	True
[0, 0, 0, 1, 0, 0, 0, 10, 0, 0, 0, 0, 0, 0, 0, 0, 1, 0, 0, 0, 10, 0, 0, 0, 0, 0, 0, 0, 0, 1, 0, 0, 0, 10, 0, 0, 0, 0, 0, 0, 0, 0, 1, 0, 0, 0, 10, 0, 0, 0, 0, 0, 0, 0, 0, 1, 0, 0, 0, 10, 0, 0, 0, 0, 0]	True
[0, 0, 0, 1, 0, 0, 0, 13, 0, 0, 0, 0, 0, 0, 0, 0, 1, 0, 0, 0, 13, 0, 0, 0, 0, 0, 0, 0, 0, 1, 0, 0, 0, 13, 0, 0, 0, 0, 0, 0, 0, 0, 1, 0, 0, 0, 13, 0, 0, 0, 0, 0, 0, 0, 0, 1, 0, 0, 0, 13, 0, 0, 0, 0, 0]	True
[0, 0, 0, 1, 0, 0, 0, 13, 0, 0, 0, 0, 0, 0, 0, 0, 1, 0, 0, 0, 13, 0, 0, 0, 0, 0, 0, 0, 0, 1, 0, 0, 0, 13, 0, 0, 0, 0, 0, 0, 0, 0, 1, 0, 0, 0, 13, 0, 0, 0, 0, 0, 0, 0, 0, 1, 0, 0, 0, 13, 0, 0, 0, 0, 0]	True
[0, 0, 0, 1, 0, 0, 1, 8, 3, 0, 0, 0, 0, 0, 2, 0, 59, 2, 49, 3, 8, 5, 0, 0, 0, 0, 4, 34, 0, 61, 4, 49, 3, 8, 53, 34, 18, 3, 0, 10, 60, 0, 143, 21, 74, 5, 8, 76, 34, 21, 3, 1, 11, 81, 1, 157, 32, 75, 5, 8, 133, 42, 38, 23, 1]	True
[0, 0, 0, 1, 1, 0, 0, 13, 0, 0, 0, 0, 0, 0, 0, 0, 1, 1, 0, 0, 13, 0, 0, 0, 0, 0, 0, 0, 0, 1, 1, 0, 0, 13, 0, 0, 0, 0, 0, 0, 0, 0, 1, 1, 0, 0, 13, 0, 0, 0, 0, 0, 0, 0, 0, 1, 1, 0, 0, 13, 0, 0, 0, 0, 0]	True
[0, 0, 0, 1, 0, 0, 0, 13, 0, 0, 0, 0, 0, 0, 0, 0, 1, 0, 0, 0, 13, 0, 0, 0, 0, 0, 0, 0, 0, 1, 0, 0, 0, 13, 0, 0, 0, 0, 0, 0, 0, 0, 1, 0, 0, 0, 13, 0, 0, 0, 0, 0, 0, 0, 0, 1, 0, 0, 0, 13, 0, 0, 0, 0, 0]	True
[0, 0, 0, 1, 1, 0, 0, 8, 0, 0, 0, 0, 0, 0, 0, 0, 1, 1, 0, 0, 8, 0, 0, 0, 0, 0, 0, 0, 0, 1, 1, 0, 0, 8, 0, 0, 0, 0, 0, 0, 0, 0, 1, 1, 0, 0, 8, 0, 0, 0, 0, 0, 0, 0, 0, 1, 1, 0, 0, 8, 0, 0, 0, 0, 0]	True
[0, 0, 0, 1, 1, 0, 0, 5, 0, 0, 0, 0, 0, 0, 0, 0, 1, 1, 0, 0, 5, 0, 0, 0, 0, 0, 0, 0, 0, 1, 1, 0, 0, 5, 0, 0, 0, 0, 0, 0, 0, 0, 1, 1, 0, 0, 5, 0, 0, 0, 0, 0, 0, 0, 0, 1, 1, 0, 0, 5, 0, 0, 0, 0, 0]	True
[0, 0, 0, 1, 1, 0, 0, 5, 0, 0, 0, 0, 0, 0, 0, 0, 1, 1, 0, 0, 5, 0, 0, 0, 0, 0, 0, 0, 0, 1, 1, 0, 0, 5, 0, 0, 0, 0, 0, 0, 0, 0, 1, 1, 0, 0, 5, 0, 0, 0, 0, 0, 0, 0, 0, 1, 1, 0, 0, 5, 0, 0, 0, 0, 0]	True
[0, 0, 0, 1, 1, 0, 0, 13, 0, 0, 0, 0, 0, 0, 0, 0, 1, 1, 0, 0, 13, 0, 0, 0, 0, 0, 0, 0, 0, 1, 1, 0, 0, 13, 0, 0, 0, 0, 0, 0, 0, 0, 1, 1, 0, 0, 13, 0, 0, 0, 0, 0, 0, 0, 0, 1, 1, 0, 0, 13, 0, 0, 0, 0, 0]	True
[0, 0, 0, 1, 1, 0, 0, 8, 0, 0, 0, 0, 0, 0, 0, 0, 1, 1, 0, 0, 8, 0, 0, 0, 0, 0, 0, 0, 0, 1, 1, 0, 0, 8, 0, 0, 0, 0, 0, 0, 0, 0, 1, 1, 0, 0, 8, 0, 0, 0, 0, 0, 0, 0, 0, 1, 1, 0, 0, 8, 0, 0, 0, 0, 0]	True
[0, 0, 0, 1, 0, 0, 0, 13, 0, 0, 0, 0, 0, 0, 0, 0, 1, 0, 0, 0, 13, 0, 0, 0, 0, 0, 0, 0, 0, 1, 0, 0, 0, 13, 0, 0, 0, 0, 0, 0, 0, 0, 1, 0, 0, 0, 13, 0, 0, 0, 0, 0, 0, 0, 0, 1, 0, 0, 0, 13, 0, 0, 0, 0, 0]	True
[0, 0, 0, 1, 1, 0, 0, 13, 0, 0, 0, 0, 0, 0, 0, 0, 1, 1, 0, 0, 13, 0, 0, 0, 0, 0, 0, 0, 0, 1, 1, 0, 0, 13, 0, 0, 0, 0, 0, 0, 0, 0, 1, 1, 0, 0, 13, 0, 0, 0, 0, 0, 0, 0, 0, 1, 1, 0, 0, 13, 0, 0, 0, 0, 0]	True
[0, 0, 0, 1, 0, 0, 0, 13, 0, 0, 0, 0, 0, 0, 0, 0, 1, 0, 0, 0, 13, 0, 0, 0, 0, 0, 0, 0, 0, 1, 0, 0, 0, 13, 0, 0, 0, 0, 0, 0, 0, 0, 1, 0, 0, 0, 13, 0, 0, 0, 0, 0, 0, 0, 0, 1, 0, 0, 0, 13, 0, 0, 0, 0, 0]	True
[0, 0, 0, 1, 0, 1, 0, 10, 0, 0, 0, 0, 0, 0, 0, 0, 1, 0, 1, 0, 10, 0, 0, 0, 0, 0, 0, 0, 0, 1, 0, 1, 0, 10, 0, 0, 0, 0, 0, 0, 0, 0, 1, 0, 1, 0, 10, 0, 0, 0, 0, 0, 0, 0, 0, 1, 0, 1, 0, 10, 0, 0, 0, 0, 0]	True
[0, 0, 0, 1, 1, 0, 0, 13, 0, 0, 0, 0, 0, 0, 0, 0, 1, 1, 0, 0, 13, 0, 0, 0, 0, 0, 0, 0, 0, 1, 1, 0, 0, 13, 0, 0, 0, 0, 0, 0, 0, 0, 1, 1, 0, 0, 13, 0, 0, 0, 0, 0, 0, 0, 0, 1, 1, 0, 0, 13, 0, 0, 0, 0, 0]	True
[0, 0, 0, 1, 0, 0, 0, 13, 0, 0, 0, 0, 0, 0, 0, 0, 1, 0, 0, 0, 13, 0, 0, 0, 0, 0, 0, 0, 0, 1, 0, 0, 0, 13, 0, 0, 0, 0, 0, 0, 0, 0, 1, 0, 0, 0, 13, 0, 0, 0, 0, 0, 0, 0, 0, 1, 0, 0, 0, 13, 0, 0, 0, 0, 0]	True
[0, 0, 0, 1, 1, 0, 0, 13, 0, 0, 0, 0, 0, 0, 0, 0, 1, 1, 0, 0, 13, 0, 0, 0, 0, 0, 0, 0, 0, 1, 1, 0, 0, 13, 0, 0, 0, 0, 0, 0, 0, 0, 1, 1, 0, 0, 13, 0, 0, 0, 0, 0, 0, 0, 0, 1, 1, 0, 0, 13, 0, 0, 0, 0, 0]	True
[0, 0, 0, 1, 0, 0, 0, 10, 0, 0, 0, 0, 0, 0, 0, 0, 1, 0, 0, 0, 10, 0, 0, 0, 0, 0, 0, 0, 0, 1, 0, 0, 0, 10, 0, 0, 0, 0, 0, 0, 0, 0, 1, 0, 0, 0, 10, 0, 0, 0, 0, 0, 0, 0, 0, 1, 0, 0, 0, 10, 0, 0, 0, 0, 0]	True
[0, 0, 0, 1, 0, 0, 0, 13, 0, 0, 0, 0, 0, 0, 0, 0, 1, 0, 0, 0, 13, 0, 0, 0, 0, 0, 0, 0, 0, 1, 0, 0, 0, 13, 0, 0, 0, 0, 0, 0, 0, 0, 1, 0, 0, 0, 13, 0, 0, 0, 0, 0, 0, 0, 0, 1, 0, 0, 0, 13, 0, 0, 0, 0, 0]	True
[0, 0, 0, 1, 1, 0, 0, 13, 0, 0, 0, 0, 0, 0, 0, 0, 1, 1, 0, 0, 13, 0, 0, 0, 0, 0, 0, 0, 0, 1, 1, 0, 0, 13, 0, 0, 0, 0, 0, 0, 0, 0, 1, 1, 0, 0, 13, 0, 0, 0, 0, 0, 0, 0, 0, 1, 1, 0, 0, 13, 0, 0, 0, 0, 0]	True
[0, 0, 0, 1, 0, 0, 0, 13, 0, 0, 0, 0, 0, 0, 0, 0, 1, 0, 0, 0, 13, 0, 0, 0, 0, 0, 0, 0, 0, 1, 0, 0, 0, 13, 0, 0, 0, 0, 0, 0, 0, 0, 1, 0, 0, 0, 13, 0, 0, 0, 0, 0, 0, 0, 0, 1, 0, 0, 0, 13, 0, 0, 0, 0, 0]	True
[0, 0, 0, 1, 0, 0, 0, 22, 0, 0, 0, 0, 0, 0, 0, 0, 1, 0, 0, 0, 22, 0, 0, 0, 0, 0, 0, 0, 0, 1, 0, 0, 0, 22, 0, 0, 0, 0, 0, 0, 0, 0, 1, 0, 0, 0, 22, 0, 0, 0, 0, 0, 0, 0, 0, 1, 0, 0, 0, 22, 0, 0, 0, 0, 0]	True
[0, 0, 0, 1, 1, 0, 0, 13, 0, 0, 0, 0, 0, 0, 0, 0, 1, 1, 0, 0, 13, 0, 0, 0, 0, 0, 0, 0, 0, 1, 1, 0, 0, 13, 0, 0, 0, 0, 0, 0, 0, 0, 1, 1, 0, 0, 13, 0, 0, 0, 0, 0, 0, 0, 0, 1, 1, 0, 0, 13, 0, 0, 0, 0, 0]	True
[0, 0, 0, 1, 0, 0, 0, 13, 0, 0, 0, 0, 0, 0, 0, 0, 1, 0, 0, 0, 13, 0, 0, 0, 0, 0, 0, 0, 0, 1, 0, 0, 0, 13, 0, 0, 0, 0, 0, 0, 0, 0, 1, 0, 0, 0, 13, 0, 0, 0, 0, 0, 0, 0, 0, 1, 0, 0, 0, 13, 0, 0, 0, 0, 0]	True
[0, 0, 0, 1, 1, 0, 0, 13, 0, 0, 0, 0, 0, 0, 0, 0, 1, 1, 0, 0, 13, 0, 0, 0, 0, 0, 0, 0, 0, 1, 1, 0, 0, 13, 0, 0, 0, 0, 0, 0, 0, 0, 1, 1, 0, 0, 13, 0, 0, 0, 0, 0, 0, 0, 0, 1, 1, 0, 0, 13, 0, 0, 0, 0, 0]	True
[0, 0, 0, 1, 0, 0, 0, 22, 0, 0, 0, 0, 0, 0, 0, 0, 1, 0, 0, 0, 22, 0, 0, 0, 0, 0, 0, 0, 0, 1, 0, 0, 0, 22, 0, 0, 0, 0, 0, 0, 0, 0, 1, 0, 0, 0, 22, 0, 0, 0, 0, 0, 0, 0, 0, 1, 0, 0, 0, 22, 0, 0, 0, 0, 0]	True
[0, 0, 0, 1, 0, 0, 0, 13, 0, 0, 0, 0, 0, 0, 0, 0, 1, 0, 0, 0, 13, 0, 0, 0, 0, 0, 0, 0, 0, 1, 0, 0, 0, 13, 0, 0, 0, 0, 0, 0, 0, 0, 1, 0, 0, 0, 13, 0, 0, 0, 0, 0, 0, 0, 0, 1, 0, 0, 0, 13, 0, 0, 0, 0, 0]	True
[0, 0, 0, 1, 1, 0, 0, 13, 0, 0, 0, 0, 0, 0, 0, 0, 1, 1, 0, 0, 13, 0, 0, 0, 0, 0, 0, 0, 0, 1, 1, 0, 0, 13, 0, 0, 0, 0, 0, 0, 0, 0, 1, 1, 0, 0, 13, 0, 0, 0, 0, 0, 0, 0, 0, 1, 1, 0, 0, 13, 0, 0, 0, 0, 0]	True
[0, 0, 0, 1, 0, 0, 0, 13, 0, 0, 0, 0, 0, 0, 0, 0, 1, 0, 0, 0, 13, 0, 0, 0, 0, 0, 0, 0, 0, 1, 0, 0, 0, 13, 0, 0, 0, 0, 0, 0, 0, 0, 1, 0, 0, 0, 13, 0, 0, 0, 0, 0, 0, 0, 0, 1, 0, 0, 0, 13, 0, 0, 0, 0, 0]	True
[0, 0, 0, 1, 1, 0, 0, 10, 0, 0, 0, 0, 0, 0, 0, 0, 1, 1, 0, 0, 10, 0, 0, 0, 0, 0, 0, 0, 0, 1, 1, 0, 0, 10, 0, 0, 0, 0, 0, 0, 0, 0, 1, 1, 0, 0, 10, 0, 0, 0, 0, 0, 0, 0, 0, 1, 1, 0, 0, 10, 0, 0, 0, 0, 0]	True
[0, 0, 0, 1, 1, 0, 0, 13, 0, 0, 0, 0, 0, 0, 0, 0, 1, 1, 0, 0, 13, 0, 0, 0, 0, 0, 0, 0, 0, 1, 1, 0, 0, 13, 0, 0, 0, 0, 0, 0, 0, 0, 1, 1, 0, 0, 13, 0, 0, 0, 0, 0, 0, 0, 0, 1, 1, 0, 0, 13, 0, 0, 0, 0, 0]	True
[0, 0, 0, 1, 0, 0, 0, 13, 0, 0, 0, 0, 0, 0, 0, 0, 1, 0, 0, 0, 13, 0, 0, 0, 0, 0, 0, 0, 0, 1, 0, 0, 0, 13, 0, 0, 0, 0, 0, 0, 0, 0, 1, 0, 0, 0, 13, 0, 0, 0, 0, 0, 0, 0, 0, 1, 0, 0, 0, 13, 0, 0, 0, 0, 0]	True
[0, 0, 0, 1, 1, 0, 0, 13, 0, 0, 0, 0, 0, 0, 0, 0, 1, 1, 0, 0, 13, 0, 0, 0, 0, 0, 0, 0, 0, 1, 1, 0, 0, 13, 0, 0, 0, 0, 0, 0, 0, 0, 1, 1, 0, 0, 13, 0, 0, 0, 0, 0, 0, 0, 0, 1, 1, 0, 0, 13, 0, 0, 0, 0, 0]	True
[0, 0, 0, 1, 1, 0, 0, 10, 0, 0, 0, 0, 0, 0, 0, 0, 1, 1, 0, 0, 10, 0, 0, 0, 0, 0, 0, 0, 0, 1, 1, 0, 0, 10, 0, 0, 0, 0, 0, 0, 0, 0, 1, 1, 0, 0, 10, 0, 0, 0, 0, 0, 0, 0, 0, 1, 1, 0, 0, 10, 0, 0, 0, 0, 0]	True
[0, 0, 0, 1, 0, 0, 0, 13, 0, 0, 0, 0, 0, 0, 0, 0, 1, 0, 0, 0, 13, 0, 0, 0, 0, 0, 0, 0, 0, 1, 0, 0, 0, 13, 0, 0, 0, 0, 0, 0, 0, 0, 1, 0, 0, 0, 13, 0, 0, 0, 0, 0, 0, 0, 0, 1, 0, 0, 0, 13, 0, 0, 0, 0, 0]	True
[0, 0, 0, 1, 1, 0, 0, 13, 0, 0, 0, 0, 0, 0, 0, 0, 1, 1, 0, 0, 13, 0, 0, 0, 0, 0, 0, 0, 0, 1, 1, 0, 0, 13, 0, 0, 0, 0, 0, 0, 0, 0, 1, 1, 0, 0, 13, 0, 0, 0, 0, 0, 0, 0, 0, 1, 1, 0, 0, 13, 0, 0, 0, 0, 0]	True
[0, 0, 0, 1, 0, 0, 0, 13, 0, 0, 0, 0, 0, 0, 0, 0, 1, 0, 0, 0, 13, 0, 0, 0, 0, 0, 0, 0, 0, 1, 0, 0, 0, 13, 0, 0, 0, 0, 0, 0, 0, 0, 1, 0, 0, 0, 13, 0, 0, 0, 0, 0, 0, 0, 0, 1, 0, 0, 0, 13, 0, 0, 0, 0, 0]	True
[0, 0, 0, 1, 0, 1, 0, 29, 0, 0, 0, 0, 0, 0, 0, 0, 1, 0, 1, 0, 29, 0, 0, 0, 0, 0, 0, 0, 0, 1, 0, 1, 0, 29, 0, 0, 0, 0, 0, 0, 0, 0, 1, 0, 1, 0, 29, 0, 0, 0, 0, 0, 0, 0, 0, 1, 0, 1, 0, 29, 0, 0, 0, 0, 0]	True
[0, 0, 0, 1, 0, 0, 1, 29, 0, 0, 0, 0, 0, 0, 0, 0, 1, 0, 0, 1, 29, 0, 0, 0, 0, 0, 0, 0, 0, 1, 0, 0, 1, 29, 0, 0, 0, 0, 0, 0, 0, 0, 1, 0, 0, 1, 29, 0, 0, 0, 0, 0, 0, 0, 0, 1, 0, 0, 1, 29, 0, 0, 0, 0, 0]	True
[2, 4, 0, 1, 1, 0, 0, 5, 6, 0, 0, 0, 0, 8, 10, 0, 12, 5, 5, 0, 5, 9, 0, 4, 0, 0, 13, 23, 1, 19, 7, 7, 0, 5, 30, 12, 11, 5, 1, 14, 33, 1, 41, 7, 16, 0, 5, 40, 13, 11, 5, 1, 16, 35, 1, 41, 7, 16, 0, 5, 53, 16, 26, 13, 1]	True
[0, 0, 0, 1, 0, 1, 0, 9, 0, 0, 0, 0, 0, 0, 0, 0, 1, 0, 1, 0, 9, 0, 0, 0, 0, 0, 0, 0, 0, 1, 0, 1, 0, 9, 0, 0, 0, 0, 0, 0, 0, 0, 1, 0, 1, 0, 9, 0, 0, 0, 0, 0, 0, 0, 0, 1, 0, 1, 0, 9, 0, 0, 0, 0, 0]	True
[2, 4, 0, 1, 1, 0, 0, 5, 6, 0, 0, 0, 0, 8, 10, 0, 12, 5, 5, 0, 5, 9, 0, 4, 0, 0, 13, 23, 1, 19, 7, 7, 0, 5, 30, 12, 11, 5, 1, 14, 33, 1, 41, 7, 16, 0, 5, 40, 13, 11, 5, 1, 16, 35, 1, 41, 7, 16, 0, 5, 53, 16, 26, 13, 1]	True
[0, 0, 0, 1, 0, 0, 1, 9, 0, 0, 0, 0, 0, 0, 0, 0, 1, 0, 0, 1, 9, 0, 0, 0, 0, 0, 0, 0, 0, 1, 0, 0, 1, 9, 0, 0, 0, 0, 0, 0, 0, 0, 1, 0, 0, 1, 9, 0, 0, 0, 0, 0, 0, 0, 0, 1, 0, 0, 1, 9, 0, 0, 0, 0, 0]	True
[0, 0, 0, 1, 0, 1, 0, 5, 0, 0, 1, 0, 1, 4, 8, 0, 23, 0, 16, 4, 5, 8, 0, 1, 0, 1, 9, 21, 0, 30, 7, 16, 4, 5, 23, 5, 14, 0, 1, 12, 51, 1, 62, 12, 22, 12, 5, 52, 5, 15, 0, 1, 12, 57, 1, 65, 14, 23, 12, 5, 72, 6, 17, 16, 1]	True
[0, 0, 0, 1, 0, 1, 0, 7, 0, 0, 0, 0, 0, 0, 0, 0, 1, 0, 1, 0, 7, 0, 0, 0, 0, 0, 0, 0, 0, 1, 0, 1, 0, 7, 0, 0, 0, 0, 0, 0, 0, 0, 1, 0, 1, 0, 7, 0, 0, 0, 0, 0, 0, 0, 0, 1, 0, 1, 0, 7, 0, 0, 0, 0, 0]	True
[0, 0, 0, 1, 0, 1, 0, 5, 0, 0, 2, 0, 0, 1, 1, 0, 3, 0, 2, 0, 5, 0, 0, 3, 0, 0, 4, 4, 1, 6, 2, 3, 0, 5, 4, 0, 3, 0, 1, 9, 19, 1, 34, 2, 18, 5, 5, 18, 0, 6, 0, 1, 12, 30, 1, 43, 10, 19, 5, 5, 36, 7, 17, 3, 1]	True
[0, 0, 0, 1, 1, 0, 0, 5, 0, 0, 0, 0, 0, 0, 0, 0, 1, 1, 0, 0, 5, 0, 0, 0, 0, 0, 0, 0, 0, 1, 1, 0, 0, 5, 0, 0, 0, 0, 0, 0, 0, 0, 1, 1, 0, 0, 5, 0, 0, 0, 0, 0, 0, 0, 0, 1, 1, 0, 0, 5, 0, 0, 0, 0, 0]	True
[0, 0, 0, 1, 0, 1, 0, 5, 5, 5, 2, 0, 0, 0, 0, 0, 14, 0, 9, 1, 5, 5, 5, 2, 0, 0, 0, 0, 0, 14, 0, 9, 1, 5, 17, 11, 5, 0, 1, 0, 1, 0, 21, 0, 10, 1, 5, 18, 11, 5, 0, 1, 0, 1, 0, 22, 1, 10, 1, 5, 26, 14, 8, 0, 1]	False
[0, 0, 0, 1, 0, 0, 1, 7, 0, 0, 0, 0, 0, 0, 0, 0, 1, 0, 0, 1, 7, 0, 0, 0, 0, 0, 0, 0, 0, 1, 0, 0, 1, 7, 0, 0, 0, 0, 0, 0, 0, 0, 1, 0, 0, 1, 7, 0, 0, 0, 0, 0, 0, 0, 0, 1, 0, 0, 1, 7, 0, 0, 0, 0, 0]	True
[0, 0, 0, 1, 0, 1, 0, 5, 4, 5, 2, 0, 0, 0, 0, 0, 16, 0, 10, 1, 5, 4, 5, 2, 0, 0, 0, 0, 0, 16, 0, 10, 1, 5, 21, 11, 5, 0, 1, 0, 1, 0, 22, 0, 10, 1, 5, 22, 11, 5, 0, 1, 0, 1, 0, 23, 1, 10, 1, 5, 27, 15, 9, 0, 1]	True
[0, 2, 0, 1, 1, 0, 0, 2, 4, 0, 0, 9, 0, 0, 3, 0, 23, 9, 3, 0, 2, 5, 0, 0, 9, 0, 3, 195, 0, 24, 10, 3, 0, 2, 208, 19, 64, 18, 1, 4, 224, 1, 116, 24, 21, 0, 2, 227, 19, 74, 18, 1, 6, 254, 2, 131, 34, 21, 0, 2, 312, 34, 104, 72, 1]	True
[0, 0, 0, 1, 1, 0, 0, 5, 0, 0, 0, 0, 0, 0, 0, 0, 1, 1, 0, 0, 5, 0, 0, 0, 0, 0, 0, 0, 0, 1, 1, 0, 0, 5, 0, 0, 0, 0, 0, 0, 0, 0, 1, 1, 0, 0, 5, 0, 0, 0, 0, 0, 0, 0, 0, 1, 1, 0, 0, 5, 0, 0, 0, 0, 0]	True
[0, 0, 0, 1, 1, 0, 0, 5, 2, 1, 0, 1, 0, 0, 1, 0, 23, 8, 4, 8, 5, 2, 1, 1, 1, 0, 5, 10, 0, 24, 9, 4, 8, 5, 11, 1, 9, 1, 1, 6, 16, 1, 48, 14, 18, 8, 5, 19, 1, 10, 1, 1, 9, 29, 1, 52, 16, 18, 8, 5, 45, 7, 17, 6, 1]	True
[0, 0, 0, 1, 0, 1, 0, 7, 0, 0, 0, 0, 0, 0, 0, 0, 1, 0, 1, 0, 7, 0, 0, 0, 0, 0, 0, 0, 0, 1, 0, 1, 0, 7, 0, 0, 0, 0, 0, 0, 0, 0, 1, 0, 1, 0, 7, 0, 0, 0, 0, 0, 0, 0, 0, 1, 0, 1, 0, 7, 0, 0, 0, 0, 0]	True
[5, 5, 0, 1, 0, 0, 1, 9, 10, 2, 0, 0, 0, 9, 11, 0, 45, 12, 21, 2, 9, 16, 2, 0, 0, 1, 21, 58, 0, 63, 14, 35, 3, 9, 75, 15, 6, 4, 1, 22, 66, 0, 93, 19, 36, 3, 9, 84, 16, 6, 4, 1, 22, 77, 0, 98, 21, 36, 3, 9, 116, 24, 9, 22, 1]	True
[0, 0, 0, 1, 0, 1, 0, 7, 0, 0, 0, 0, 0, 0, 0, 0, 1, 0, 1, 0, 7, 0, 0, 0, 0, 0, 0, 0, 0, 1, 0, 1, 0, 7, 0, 0, 0, 0, 0, 0, 0, 0, 1, 0, 1, 0, 7, 0, 0, 0, 0, 0, 0, 0, 0, 1, 0, 1, 0, 7, 0, 0, 0, 0, 0]	True
[0, 2, 0, 1, 1, 0, 0, 2, 4, 0, 0, 9, 0, 0, 3, 0, 23, 9, 3, 0, 2, 5, 0, 0, 9, 0, 3, 195, 0, 24, 10, 3, 0, 2, 208, 19, 64, 18, 1, 4, 224, 1, 116, 24, 21, 0, 2, 227, 19, 74, 18, 1, 6, 254, 2, 131, 34, 21, 0, 2, 312, 34, 104, 72, 1]	True
[0, 0, 0, 1, 1, 0, 0, 5, 2, 1, 0, 1, 0, 0, 1, 0, 23, 8, 4, 8, 5, 2, 1, 1, 1, 0, 5, 10, 0, 24, 9, 4, 8, 5, 11, 1, 9, 1, 1, 6, 16, 1, 48, 14, 18, 8, 5, 19, 1, 10, 1, 1, 9, 29, 1, 52, 16, 18, 8, 5, 45, 7, 17, 6, 1]	True
[4, 4, 0, 1, 0, 0, 0, 5, 4, 0, 0, 0, 0, 7, 7, 0, 16, 2, 1, 3, 5, 7, 0, 0, 0, 0, 8, 14, 1, 20, 4, 3, 3, 5, 21, 1, 1, 4, 1, 8, 27, 3, 52, 11, 22, 4, 5, 35, 1, 2, 4, 1, 8, 59, 3, 58, 14, 23, 4, 5, 72, 6, 13, 6, 1]	False
[0, 0, 0, 1, 0, 1, 0, 5, 0, 0, 0, 0, 0, 0, 0, 0, 1, 0, 1, 0, 5, 0, 0, 0, 0, 0, 0, 0, 0, 1, 0, 1, 0, 5, 0, 0, 0, 0, 0, 0, 0, 0, 1, 0, 1, 0, 5, 0, 0, 0, 0, 0, 0, 0, 0, 1, 0, 1, 0, 5, 0, 0, 0, 0, 0]	True
[3, 3, 0, 1, 0, 0, 0, 5, 3, 0, 0, 0, 0, 6, 6, 0, 11, 2, 1, 2, 5, 6, 0, 0, 0, 0, 8, 13, 1, 15, 4, 3, 2, 5, 18, 1, 1, 1, 1, 8, 24, 3, 49, 11, 21, 4, 5, 30, 1, 2, 1, 1, 8, 57, 3, 53, 12, 22, 4, 5, 70, 5, 13, 6, 1]	True
[5, 5, 0, 1, 0, 0, 1, 9, 10, 2, 0, 0, 0, 9, 11, 0, 45, 12, 21, 2, 9, 16, 2, 0, 0, 1, 21, 58, 0, 63, 14, 35, 3, 9, 75, 15, 6, 4, 1, 22, 66, 0, 93, 19, 36, 3, 9, 84, 16, 6, 4, 1, 22, 77, 0, 98, 21, 36, 3, 9, 116, 24, 9, 22, 1]	True
[3, 3, 0, 1, 0, 1, 0, 4, 3, 0, 0, 0, 0, 5, 5, 0, 21, 1, 14, 1, 4, 3, 0, 2, 0, 0, 17, 19, 1, 24, 3, 15, 1, 4, 21, 0, 4, 0, 1, 39, 45, 3, 101, 43, 32, 4, 4, 42, 0, 9, 0, 1, 56, 265, 3, 108, 49, 32, 4, 4, 288, 27, 87, 18, 1]	True
[0, 0, 0, 1, 0, 0, 1, 5, 0, 0, 0, 0, 0, 0, 0, 0, 1, 0, 0, 1, 5, 0, 0, 0, 0, 0, 0, 0, 0, 1, 0, 0, 1, 5, 0, 0, 0, 0, 0, 0, 0, 0, 1, 0, 0, 1, 5, 0, 0, 0, 0, 0, 0, 0, 0, 1, 0, 0, 1, 5, 0, 0, 0, 0, 0]	True
[0, 1, 0, 1, 0, 0, 1, 9, 3, 0, 0, 0, 0, 0, 3, 0, 20, 5, 12, 2, 9, 5, 0, 0, 0, 0, 7, 33, 0, 22, 7, 12, 2, 9, 46, 3, 4, 0, 0, 8, 44, 1, 63, 14, 21, 5, 9, 57, 3, 4, 0, 1, 8, 69, 3, 75, 16, 30, 5, 9, 93, 9, 11, 8, 1]	True
[0, 1, 0, 1, 0, 1, 0, 9, 4, 0, 1, 0, 0, 0, 2, 0, 8, 1, 3, 2, 9, 5, 0, 1, 0, 0, 0, 7, 0, 9, 2, 3, 2, 9, 14, 2, 2, 0, 0, 0, 11, 0, 26, 6, 14, 2, 9, 18, 2, 2, 0, 0, 7, 36, 0, 27, 7, 14, 2, 9, 51, 5, 5, 1, 0]	True
[0, 0, 0, 1, 0, 0, 1, 18, 0, 0, 0, 0, 0, 0, 0, 0, 1, 0, 0, 1, 18, 0, 0, 0, 0, 0, 0, 0, 0, 1, 0, 0, 1, 18, 0, 0, 0, 0, 0, 0, 0, 0, 1, 0, 0, 1, 18, 0, 0, 0, 0, 0, 0, 0, 0, 1, 0, 0, 1, 18, 0, 0, 0, 0, 0]	True
[2, 2, 0, 1, 0, 1, 0, 4, 2, 0, 0, 0, 0, 4, 4, 0, 20, 1, 14, 1, 4, 2, 0, 2, 0, 0, 17, 19, 1, 23, 3, 15, 1, 4, 21, 0, 4, 0, 1, 39, 45, 3, 101, 43, 32, 4, 4, 42, 0, 9, 0, 1, 56, 265, 3, 108, 49, 32, 4, 4, 288, 27, 87, 18, 1]	True
[0, 0, 0, 1, 0, 1, 0, 4, 0, 0, 0, 0, 0, 0, 0, 0, 1, 0, 1, 0, 4, 0, 0, 0, 0, 0, 0, 0, 0, 1, 0, 1, 0, 4, 0, 0, 0, 0, 0, 0, 0, 0, 1, 0, 1, 0, 4, 0, 0, 0, 0, 0, 0, 0, 0, 1, 0, 1, 0, 4, 0, 0, 0, 0, 0]	True
[0, 0, 0, 1, 0, 1, 0, 5, 1, 0, 0, 0, 0, 0, 0, 0, 8, 0, 7, 0, 5, 1, 0, 0, 0, 0, 0, 4, 0, 8, 0, 7, 0, 5, 9, 1, 2, 0, 0, 0, 8, 0, 29, 5, 14, 2, 5, 13, 1, 2, 0, 0, 7, 35, 0, 33, 9, 14, 2, 5, 49, 6, 5, 0, 0]	True
[0, 0, 0, 1, 0, 1, 0, 4, 0, 0, 0, 0, 0, 0, 0, 0, 1, 0, 1, 0, 4, 0, 0, 0, 0, 0, 0, 0, 0, 1, 0, 1, 0, 4, 0, 0, 0, 0, 0, 0, 0, 0, 1, 0, 1, 0, 4, 0, 0, 0, 0, 0, 0, 0, 0, 1, 0, 1, 0, 4, 0, 0, 0, 0, 0]	True
[0, 0, 0, 1, 0, 0, 1, 18, 0, 0, 0, 0, 0, 0, 0, 0, 1, 0, 0, 1, 18, 0, 0, 0, 0, 0, 0, 0, 0, 1, 0, 0, 1, 18, 0, 0, 0, 0, 0, 0, 0, 0, 1, 0, 0, 1, 18, 0, 0, 0, 0, 0, 0, 0, 0, 1, 0, 0, 1, 18, 0, 0, 0, 0, 0]	True
[0, 1, 0, 1, 0, 1, 0, 5, 3, 0, 0, 0, 0, 0, 3, 0, 20, 5, 11, 2, 5, 5, 0, 0, 0, 0, 6, 32, 0, 22, 7, 11, 2, 5, 41, 1, 3, 0, 0, 7, 43, 0, 50, 12, 15, 5, 5, 52, 1, 3, 0, 1, 8, 65, 3, 65, 16, 25, 5, 5, 83, 7, 9, 5, 1]	True
[0, 0, 0, 1, 1, 0, 0, 5, 0, 0, 0, 0, 0, 0, 0, 0, 1, 1, 0, 0, 5, 0, 0, 0, 0, 0, 0, 0, 0, 1, 1, 0, 0, 5, 0, 0, 0, 0, 0, 0, 0, 0, 1, 1, 0, 0, 5, 0, 0, 0, 0, 0, 0, 0, 0, 1, 1, 0, 0, 5, 0, 0, 0, 0, 0]	True
[1, 1, 0, 1, 1, 0, 0, 15, 1, 0, 0, 1, 0, 1, 1, 0, 5, 3, 0, 0, 15, 1, 0, 0, 1, 0, 1, 5, 0, 5, 3, 0, 0, 15, 8, 6, 0, 1, 1, 13, 18, 1, 74, 37, 28, 2, 15, 21, 6, 0, 1, 1, 43, 208, 1, 76, 39, 28, 2, 15, 227, 23, 80, 1, 1]	True
[0, 0, 0, 1, 0, 1, 0, 5, 3, 0, 0, 0, 0, 0, 4, 0, 21, 1, 14, 2, 5, 5, 0, 2, 0, 0, 0, 8, 1, 27, 4, 15, 2, 5, 22, 6, 8, 2, 0, 0, 22, 2, 65, 11, 22, 7, 5, 33, 6, 11, 2, 1, 0, 72, 3, 76, 15, 25, 7, 5, 98, 14, 31, 7, 1]	True
[0, 0, 0, 1, 0, 1, 0, 5, 0, 0, 0, 0, 0, 0, 0, 0, 1, 0, 1, 0, 5, 0, 0, 0, 0, 0, 0, 0, 0, 1, 0, 1, 0, 5, 0, 0, 0, 0, 0, 0, 0, 0, 1, 0, 1, 0, 5, 0, 0, 0, 0, 0, 0, 0, 0, 1, 0, 1, 0, 5, 0, 0, 0, 0, 0]	True
[0, 0, 0, 1, 1, 0, 0, 8, 4, 0, 1, 0, 1, 4, 9, 0, 34, 11, 19, 3, 8, 13, 0, 1, 0, 1, 11, 52, 0, 42, 17, 19, 3, 8, 65, 4, 9, 5, 1, 11, 69, 0, 75, 20, 25, 5, 8, 82, 4, 13, 5, 1, 12, 82, 0, 77, 21, 25, 5, 8, 118, 18, 18, 34, 1]	True
[0, 0, 0, 1, 1, 0, 0, 5, 0, 0, 0, 0, 0, 0, 0, 0, 1, 1, 0, 0, 5, 0, 0, 0, 0, 0, 0, 0, 0, 1, 1, 0, 0, 5, 0, 0, 0, 0, 0, 0, 0, 0, 1, 1, 0, 0, 5, 0, 0, 0, 0, 0, 0, 0, 0, 1, 1, 0, 0, 5, 0, 0, 0, 0, 0]	True
[1, 1, 0, 1, 1, 0, 0, 15, 1, 0, 0, 0, 0, 1, 1, 0, 3, 2, 0, 0, 15, 1, 0, 0, 0, 0, 1, 1, 0, 3, 2, 0, 0, 15, 1, 0, 0, 1, 0, 1, 1, 0, 5, 3, 0, 0, 15, 1, 0, 0, 1, 0, 1, 5, 0, 5, 3, 0, 0, 15, 8, 6, 0, 1, 1]	True
[0, 0, 0, 1, 0, 1, 0, 5, 3, 0, 0, 0, 0, 0, 4, 0, 21, 1, 14, 2, 5, 5, 0, 2, 0, 0, 0, 8, 1, 27, 4, 15, 2, 5, 22, 6, 8, 2, 0, 0, 22, 2, 65, 11, 22, 7, 5, 33, 6, 11, 2, 1, 0, 72, 3, 76, 15, 25, 7, 5, 98, 14, 31, 7, 1]	True
[0, 7, 0, 1, 0, 0, 0, 8, 1, 0, 6, 0, 1, 3, 17, 0, 19, 4, 13, 0, 8, 13, 0, 6, 6, 1, 10, 43, 0, 28, 8, 14, 0, 8, 40, 18, 36, 12, 1, 10, 60, 0, 67, 15, 23, 3, 8, 58, 21, 39, 12, 1, 12, 117, 0, 68, 15, 23, 3, 8, 134, 25, 46, 32, 1]	True
[0, 0, 0, 1, 1, 0, 0, 8, 4, 0, 0, 0, 0, 0, 0, 0, 25, 11, 10, 3, 8, 4, 0, 0, 0, 0, 11, 47, 0, 25, 11, 10, 3, 8, 58, 4, 8, 3, 1, 11, 55, 0, 70, 18, 25, 5, 8, 68, 4, 8, 3, 1, 12, 72, 0, 76, 21, 25, 5, 8, 106, 13, 18, 31, 1]	True
[0, 7, 0, 1, 0, 0, 0, 8, 1, 0, 6, 0, 1, 3, 17, 0, 19, 4, 13, 0, 8, 13, 0, 6, 6, 1, 10, 43, 0, 28, 8, 14, 0, 8, 40, 18, 36, 12, 1, 10, 60, 0, 67, 15, 23, 3, 8, 58, 21, 39, 12, 1, 12, 117, 0, 68, 15, 23, 3, 8, 134, 25, 46, 32, 1]	True
[0, 6, 0, 1, 1, 0, 0, 5, 8, 0, 0, 0, 0, 0, 9, 0, 20, 6, 7, 4, 5, 11, 0, 0, 0, 0, 0, 45, 0, 23, 9, 7, 4, 5, 58, 1, 5, 1, 0, 0, 80, 1, 66, 17, 21, 10, 5, 87, 1, 20, 1, 1, 0, 100, 3, 102, 40, 26, 10, 5, 135, 12, 40, 27, 1]	True
[0, 0, 0, 1, 0, 1, 0, 5, 0, 0, 0, 0, 0, 0, 0, 0, 1, 0, 1, 0, 5, 0, 0, 0, 0, 0, 0, 0, 0, 1, 0, 1, 0, 5, 0, 0, 0, 0, 0, 0, 0, 0, 1, 0, 1, 0, 5, 0, 0, 0, 0, 0, 0, 0, 0, 1, 0, 1, 0, 5, 0, 0, 0, 0, 0]	True
[0, 0, 0, 1, 0, 0, 1, 14, 0, 0, 0, 0, 0, 0, 0, 0, 1, 0, 0, 1, 14, 0, 0, 0, 0, 0, 0, 0, 0, 1, 0, 0, 1, 14, 0, 0, 0, 0, 0, 0, 0, 0, 1, 0, 0, 1, 14, 0, 0, 0, 0, 0, 0, 0, 0, 1, 0, 0, 1, 14, 0, 0, 0, 0, 0]	True
[0, 0, 0, 1, 1, 0, 0, 14, 0, 0, 0, 0, 0, 0, 0, 0, 1, 1, 0, 0, 14, 0, 0, 0, 0, 0, 0, 0, 0, 1, 1, 0, 0, 14, 0, 0, 0, 0, 0, 0, 0, 0, 1, 1, 0, 0, 14, 0, 0, 0, 0, 0, 0, 0, 0, 1, 1, 0, 0, 14, 0, 0, 0, 0, 0]	True
[0, 7, 0, 1, 1, 0, 0, 5, 9, 0, 0, 0, 0, 0, 10, 0, 21, 7, 7, 4, 5, 12, 0, 0, 0, 0, 0, 47, 0, 23, 9, 7, 4, 5, 61, 1, 6, 3, 0, 0, 80, 1, 66, 17, 21, 10, 5, 88, 1, 20, 3, 1, 0, 100, 3, 102, 40, 26, 10, 5, 135, 12, 40, 27, 1]	True
[0, 0, 0, 1, 0, 1, 0, 5, 0, 0, 0, 0, 0, 0, 0, 0, 1, 0, 1, 0, 5, 0, 0, 0, 0, 0, 0, 0, 0, 1, 0, 1, 0, 5, 0, 0, 0, 0, 0, 0, 0, 0, 1, 0, 1, 0, 5, 0, 0, 0, 0, 0, 0, 0, 0, 1, 0, 1, 0, 5, 0, 0, 0, 0, 0]	True
[0, 0, 0, 1, 1, 0, 0, 6, 0, 0, 0, 0, 0, 0, 0, 0, 1, 1, 0, 0, 6, 0, 0, 0, 0, 0, 0, 0, 0, 1, 1, 0, 0, 6, 0, 0, 0, 0, 0, 0, 0, 0, 1, 1, 0, 0, 6, 0, 0, 0, 0, 0, 0, 0, 0, 1, 1, 0, 0, 6, 0, 0, 0, 0, 0]	True
[0, 0, 0, 1, 1, 0, 0, 5, 0, 0, 0, 0, 0, 0, 0, 0, 1, 1, 0, 0, 5, 0, 0, 0, 0, 0, 0, 0, 0, 1, 1, 0, 0, 5, 0, 0, 0, 0, 0, 0, 0, 0, 1, 1, 0, 0, 5, 0, 0, 0, 0, 0, 0, 0, 0, 1, 1, 0, 0, 5, 0, 0, 0, 0, 0]	True
[5, 7, 0, 1, 1, 0, 0, 5, 7, 0, 0, 0, 0, 5, 7, 0, 8, 1, 1, 0, 5, 7, 0, 0, 0, 0, 5, 7, 0, 8, 1, 1, 0, 5, 8, 1, 0, 1, 0, 5, 7, 0, 9, 1, 1, 0, 5, 8, 1, 0, 1, 0, 5, 7, 0, 9, 1, 1, 0, 5, 9, 2, 0, 2, 0]	True
[0, 0, 0, 1, 1, 0, 0, 6, 0, 0, 0, 0, 0, 0, 0, 0, 1, 1, 0, 0, 6, 0, 0, 0, 0, 0, 0, 0, 0, 1, 1, 0, 0, 6, 0, 0, 0, 0, 0, 0, 0, 0, 1, 1, 0, 0, 6, 0, 0, 0, 0, 0, 0, 0, 0, 1, 1, 0, 0, 6, 0, 0, 0, 0, 0]	True
[0, 0, 0, 1, 1, 0, 0, 5, 0, 0, 0, 0, 0, 0, 0, 0, 1, 1, 0, 0, 5, 0, 0, 0, 0, 0, 0, 0, 0, 1, 1, 0, 0, 5, 0, 0, 0, 0, 0, 0, 0, 0, 1, 1, 0, 0, 5, 0, 0, 0, 0, 0, 0, 0, 0, 1, 1, 0, 0, 5, 0, 0, 0, 0, 0]	True
[0, 0, 0, 1, 0, 1, 0, 16, 0, 0, 0, 0, 0, 0, 0, 0, 1, 0, 1, 0, 16, 0, 0, 0, 0, 0, 0, 0, 0, 1, 0, 1, 0, 16, 0, 0, 0, 0, 0, 0, 0, 0, 1, 0, 1, 0, 16, 0, 0, 0, 0, 0, 0, 0, 0, 1, 0, 1, 0, 16, 0, 0, 0, 0, 0]	True
[0, 12, 0, 1, 0, 1, 0, 5, 14, 0, 0, 0, 1, 0, 32, 0, 70, 1, 52, 9, 5, 22, 0, 12, 0, 1, 34, 92, 0, 73, 2, 53, 9, 5, 98, 59, 64, 9, 1, 77, 157, 1, 182, 15, 75, 14, 5, 125, 68, 126, 9, 1, 95, 199, 1, 184, 15, 75, 14, 5, 187, 86, 161, 100, 1]	True
[0, 0, 0, 1, 0, 1, 0, 16, 0, 0, 0, 0, 0, 0, 0, 0, 1, 0, 1, 0, 16, 0, 0, 0, 0, 0, 0, 0, 0, 1, 0, 1, 0, 16, 0, 0, 0, 0, 0, 0, 0, 0, 1, 0, 1, 0, 16, 0, 0, 0, 0, 0, 0, 0, 0, 1, 0, 1, 0, 16, 0, 0, 0, 0, 0]	True
[0, 0, 0, 1, 0, 1, 0, 9, 0, 0, 0, 0, 0, 0, 0, 0, 1, 0, 1, 0, 9, 0, 0, 0, 0, 0, 0, 0, 0, 1, 0, 1, 0, 9, 0, 0, 0, 0, 0, 0, 0, 0, 1, 0, 1, 0, 9, 0, 0, 0, 0, 0, 0, 0, 0, 1, 0, 1, 0, 9, 0, 0, 0, 0, 0]	True
[0, 0, 0, 1, 0, 0, 0, 27, 0, 0, 0, 0, 0, 0, 0, 0, 1, 0, 0, 0, 27, 0, 0, 0, 0, 0, 0, 0, 0, 1, 0, 0, 0, 27, 0, 0, 0, 0, 0, 0, 0, 0, 1, 0, 0, 0, 27, 0, 0, 0, 0, 0, 0, 0, 0, 1, 0, 0, 0, 27, 0, 0, 0, 0, 0]	True
[1, 21, 0, 1, 1, 0, 0, 5, 21, 0, 8, 0, 0, 3, 23, 0, 25, 13, 10, 0, 5, 22, 3, 19, 0, 0, 11, 88, 0, 31, 16, 11, 2, 5, 93, 4, 30, 14, 1, 18, 100, 0, 82, 17, 47, 5, 5, 102, 5, 34, 14, 1, 24, 129, 1, 87, 20, 48, 5, 5, 139, 8, 59, 34, 1]	True
[0, 0, 0, 1, 0, 0, 0, 6, 0, 0, 0, 0, 0, 0, 0, 0, 1, 0, 0, 0, 6, 0, 0, 0, 0, 0, 0, 0, 0, 1, 0, 0, 0, 6, 0, 0, 0, 0, 0, 0, 0, 0, 1, 0, 0, 0, 6, 0, 0, 0, 0, 0, 0, 0, 0, 1, 0, 0, 0, 6, 0, 0, 0, 0, 0]	True
[1, 21, 0, 1, 1, 0, 0, 5, 21, 0, 8, 0, 0, 3, 23, 0, 25, 13, 10, 0, 5, 22, 3, 19, 0, 0, 11, 88, 0, 31, 16, 11, 2, 5, 93, 4, 30, 14, 1, 18, 100, 0, 82, 17, 47, 5, 5, 102, 5, 34, 14, 1, 24, 129, 1, 87, 20, 48, 5, 5, 139, 8, 59, 34, 1]	True
[0, 0, 0, 1, 0, 0, 0, 27, 0, 0, 0, 0, 0, 0, 0, 0, 2, 0, 0, 0, 27, 0, 0, 0, 0, 0, 0, 0, 0, 2, 0, 0, 0, 27, 1, 0, 0, 0, 0, 0, 0, 0, 3, 0, 1, 0, 27, 1, 0, 0, 0, 0, 0, 0, 0, 3, 0, 1, 0, 27, 8, 4, 0, 0, 1]	True
[0, 0, 0, 1, 0, 1, 0, 9, 0, 0, 0, 0, 0, 0, 0, 0, 1, 0, 1, 0, 9, 0, 0, 0, 0, 0, 0, 0, 0, 1, 0, 1, 0, 9, 0, 0, 0, 0, 0, 0, 0, 0, 1, 0, 1, 0, 9, 0, 0, 0, 0, 0, 0, 0, 0, 1, 0, 1, 0, 9, 0, 0, 0, 0, 0]	True
[0, 12, 0, 1, 0, 1, 0, 5, 14, 0, 0, 0, 1, 0, 32, 0, 70, 1, 52, 9, 5, 22, 0, 12, 0, 1, 34, 92, 0, 73, 2, 53, 9, 5, 98, 59, 64, 9, 1, 77, 157, 1, 182, 15, 75, 14, 5, 125, 68, 126, 9, 1, 95, 199, 1, 184, 15, 75, 14, 5, 187, 86, 161, 100, 1]	True
[0, 0, 0, 1, 0, 0, 0, 6, 0, 0, 0, 0, 0, 0, 0, 0, 1, 0, 0, 0, 6, 0, 0, 0, 0, 0, 0, 0, 0, 1, 0, 0, 0, 6, 0, 0, 0, 0, 0, 0, 0, 0, 1, 0, 0, 0, 6, 0, 0, 0, 0, 0, 0, 0, 0, 1, 0, 0, 0, 6, 0, 0, 0, 0, 0]	True
[0, 0, 0, 1, 1, 0, 0, 15, 0, 0, 0, 0, 0, 0, 0, 0, 1, 1, 0, 0, 15, 0, 0, 0, 0, 0, 0, 0, 0, 1, 1, 0, 0, 15, 0, 0, 0, 0, 0, 0, 0, 0, 1, 1, 0, 0, 15, 0, 0, 0, 0, 0, 0, 0, 0, 1, 1, 0, 0, 15, 0, 0, 0, 0, 0]	True
[0, 3, 0, 1, 1, 0, 0, 14, 4, 0, 0, 0, 0, 0, 4, 0, 12, 3, 6, 1, 14, 5, 0, 0, 0, 0, 2, 18, 0, 15, 4, 7, 2, 14, 29, 4, 2, 5, 1, 11, 42, 0, 39, 8, 17, 4, 14, 50, 4, 7, 5, 1, 21, 63, 1, 46, 12, 17, 4, 14, 74, 8, 25, 13, 1]	False
[0, 0, 0, 1, 0, 1, 0, 14, 3, 0, 0, 0, 0, 0, 0, 0, 7, 1, 3, 1, 14, 3, 0, 0, 0, 0, 1, 4, 0, 7, 1, 3, 1, 14, 10, 2, 1, 0, 1, 3, 8, 0, 30, 4, 17, 3, 14, 12, 2, 3, 0, 1, 13, 36, 1, 33, 7, 17, 3, 14, 43, 6, 17, 8, 1]	True
[0, 4, 0, 1, 0, 1, 0, 6, 7, 0, 0, 1, 0, 0, 9, 0, 15, 5, 5, 3, 6, 12, 0, 0, 1, 0, 8, 33, 0, 16, 6, 5, 3, 6, 40, 6, 6, 5, 1, 19, 51, 0, 42, 10, 17, 4, 6, 58, 6, 11, 8, 1, 21, 63, 1, 47, 13, 17, 4, 6, 85, 8, 25, 19, 1]	True
[0, 0, 0, 1, 1, 0, 0, 15, 0, 0, 0, 0, 0, 0, 0, 0, 1, 1, 0, 0, 15, 0, 0, 0, 0, 0, 0, 0, 0, 1, 1, 0, 0, 15, 0, 0, 0, 0, 0, 0, 0, 0, 1, 1, 0, 0, 15, 0, 0, 0, 0, 0, 0, 0, 0, 1, 1, 0, 0, 15, 0, 0, 0, 0, 0]	True
[0, 5, 0, 1, 1, 0, 0, 6, 5, 1, 0, 0, 0, 0, 8, 0, 8, 4, 1, 1, 6, 8, 1, 0, 0, 0, 0, 17, 0, 8, 4, 1, 1, 6, 20, 2, 3, 3, 0, 0, 18, 0, 15, 5, 5, 3, 6, 21, 2, 3, 3, 0, 8, 33, 0, 16, 6, 5, 3, 6, 40, 6, 6, 5, 1]	True
[0, 0, 0, 1, 0, 0, 0, 19, 0, 0, 0, 0, 0, 0, 0, 0, 1, 0, 0, 0, 19, 0, 0, 0, 0, 0, 0, 0, 0, 1, 0, 0, 0, 19, 0, 0, 0, 0, 0, 0, 0, 0, 1, 0, 0, 0, 19, 0, 0, 0, 0, 0, 0, 0, 0, 1, 0, 0, 0, 19, 0, 0, 0, 0, 0]	True
[0, 0, 0, 1, 0, 0, 0, 19, 0, 0, 0, 0, 0, 0, 0, 0, 1, 0, 0, 0, 19, 0, 0, 0, 0, 0, 0, 0, 0, 1, 0, 0, 0, 19, 0, 0, 0, 0, 0, 0, 0, 0, 1, 0, 0, 0, 19, 0, 0, 0, 0, 0, 0, 0, 0, 1, 0, 0, 0, 19, 0, 0, 0, 0, 0]	True
[0, 0, 0, 1, 1, 0, 0, 5, 0, 0, 0, 0, 0, 0, 0, 0, 1, 1, 0, 0, 5, 0, 0, 0, 0, 0, 0, 0, 0, 1, 1, 0, 0, 5, 0, 0, 0, 0, 0, 0, 0, 0, 1, 1, 0, 0, 5, 0, 0, 0, 0, 0, 0, 0, 0, 1, 1, 0, 0, 5, 0, 0, 0, 0, 0]	True
[0, 0, 0, 1, 1, 0, 0, 5, 0, 0, 0, 0, 0, 0, 0, 0, 1, 1, 0, 0, 5, 0, 0, 0, 0, 0, 0, 0, 0, 1, 1, 0, 0, 5, 0, 0, 0, 0, 0, 0, 0, 0, 1, 1, 0, 0, 5, 0, 0, 0, 0, 0, 0, 0, 0, 1, 1, 0, 0, 5, 0, 0, 0, 0, 0]	True
[0, 0, 0, 1, 0, 1, 0, 17, 0, 0, 0, 0, 0, 0, 0, 0, 1, 0, 1, 0, 17, 0, 0, 0, 0, 0, 0, 0, 0, 1, 0, 1, 0, 17, 0, 0, 0, 0, 0, 0, 0, 0, 1, 0, 1, 0, 17, 0, 0, 0, 0, 0, 0, 0, 0, 1, 0, 1, 0, 17, 0, 0, 0, 0, 0]	True
